#
# There is insufficient memory for the Java Runtime Environment to continue.
# Native memory allocation (malloc) failed to allocate 1154256 bytes for Chunk::new
# Possible reasons:
#   The system is out of physical RAM or swap space
#   In 32 bit mode, the process size limit was hit
# Possible solutions:
#   Reduce memory load on the system
#   Increase physical memory or swap space
#   Check if swap backing store is full
#   Use 64 bit Java on a 64 bit OS
#   Decrease Java heap size (-Xmx/-Xms)
#   Decrease number of Java threads
#   Decrease Java thread stack sizes (-Xss)
#   Set larger code cache with -XX:ReservedCodeCacheSize=
# This output file may be truncated or incomplete.
#
#  Out of Memory Error (allocation.cpp:390), pid=5428, tid=8348
#
# JRE version: Java(TM) SE Runtime Environment (8.0_65-b17) (build 1.8.0_65-b17)
# Java VM: Java HotSpot(TM) 64-Bit Server VM (25.65-b01 mixed mode windows-amd64 compressed oops)
# Failed to write core dump. Minidumps are not enabled by default on client versions of Windows
#

---------------  T H R E A D  ---------------

Current thread (0x00000000160a4800):  JavaThread "C2 CompilerThread1" daemon [_thread_in_native, id=8348, stack(0x0000000016450000,0x0000000016550000)]

Stack: [0x0000000016450000,0x0000000016550000]
[error occurred during error reporting (printing stack bounds), id 0xc0000005]

Native frames: (J=compiled Java code, j=interpreted, Vv=VM code, C=native code)


Current CompileTask:
C2:   3759 1569       4       com.android.dx.ssa.SCCP::simulateBlock (54 bytes)


---------------  P R O C E S S  ---------------

Java Threads: ( => current thread )
  0x00000000163f0000 JavaThread "pool-1-thread-4" [_thread_blocked, id=8852, stack(0x0000000016c50000,0x0000000016d50000)]
  0x00000000163ef000 JavaThread "pool-1-thread-3" [_thread_blocked, id=8972, stack(0x0000000016b50000,0x0000000016c50000)]
  0x00000000162d9800 JavaThread "pool-1-thread-2" [_thread_blocked, id=1152, stack(0x0000000016a50000,0x0000000016b50000)]
  0x00000000162d9000 JavaThread "pool-2-thread-1" [_thread_blocked, id=6220, stack(0x0000000016950000,0x0000000016a50000)]
  0x00000000162d1800 JavaThread "pool-1-thread-1" [_thread_blocked, id=7180, stack(0x0000000016850000,0x0000000016950000)]
  0x00000000160b0800 JavaThread "Service Thread" daemon [_thread_blocked, id=7760, stack(0x0000000016650000,0x0000000016750000)]
  0x00000000160aa800 JavaThread "C1 CompilerThread2" daemon [_thread_blocked, id=3040, stack(0x0000000016550000,0x0000000016650000)]
=>0x00000000160a4800 JavaThread "C2 CompilerThread1" daemon [_thread_in_native, id=8348, stack(0x0000000016450000,0x0000000016550000)]
  0x0000000014a4a000 JavaThread "C2 CompilerThread0" daemon [_thread_in_native, id=4372, stack(0x0000000015f50000,0x0000000016050000)]
  0x00000000149fe800 JavaThread "Attach Listener" daemon [_thread_blocked, id=7456, stack(0x0000000015e50000,0x0000000015f50000)]
  0x00000000149e8000 JavaThread "Signal Dispatcher" daemon [_thread_blocked, id=4336, stack(0x0000000015d50000,0x0000000015e50000)]
  0x0000000002236000 JavaThread "Finalizer" daemon [_thread_blocked, id=6708, stack(0x0000000015c50000,0x0000000015d50000)]
  0x000000000222d000 JavaThread "Reference Handler" daemon [_thread_blocked, id=452, stack(0x0000000015b50000,0x0000000015c50000)]
  0x000000000231d800 JavaThread "main" [_thread_blocked, id=6720, stack(0x0000000001d20000,0x0000000001e20000)]

Other Threads:
  0x00000000149b8000 VMThread [stack: 0x0000000015a50000,0x0000000015b50000] [id=8828]
  0x0000000016104000 WatcherThread [stack: 0x0000000016750000,0x0000000016850000] [id=3064]

VM state:at safepoint (normal execution)

VM Mutex/Monitor currently owned by a thread:  ([mutex/lock_event])
[0x000000000231d320] Threads_lock - owner thread: 0x00000000149b8000
[0x000000000231d220] Heap_lock - owner thread: 0x00000000163ef000

Heap:
 PSYoungGen      total 35328K, used 35328K [0x00000000eab00000, 0x00000000ed000000, 0x0000000100000000)
  eden space 32768K, 100% used [0x00000000eab00000,0x00000000ecb00000,0x00000000ecb00000)
  from space 2560K, 100% used [0x00000000ecb00000,0x00000000ecd80000,0x00000000ecd80000)
  to   space 2560K, 100% used [0x00000000ecd80000,0x00000000ed000000,0x00000000ed000000)
 ParOldGen       total 44032K, used 15112K [0x00000000c0000000, 0x00000000c2b00000, 0x00000000eab00000)
  object space 44032K, 34% used [0x00000000c0000000,0x00000000c0ec2180,0x00000000c2b00000)
 Metaspace       used 6270K, capacity 7092K, committed 7296K, reserved 1056768K
  class space    used 601K, capacity 620K, committed 640K, reserved 1048576K

Card table byte_map: [0x00000000116e0000,0x00000000118f0000] byte_map_base: 0x00000000110e0000

Marking Bits: (ParMarkBitMap*) 0x00000000549ca5b0
 Begin Bits: [0x0000000011e50000, 0x0000000012e50000)
 End Bits:   [0x0000000012e50000, 0x0000000013e50000)

Polling page: 0x0000000000440000

CodeCache: size=245760Kb used=6685Kb max_used=6685Kb free=239075Kb
 bounds [0x0000000002320000, 0x00000000029b0000, 0x0000000011320000]
 total_blobs=1873 nmethods=1602 adapters=184
 compilation: enabled

Compilation events (10 events):
Event: 3.686 Thread 0x00000000160aa800 nmethod 1618 0x00000000029a4210 code [0x00000000029a4520, 0x00000000029a52e8]
Event: 3.696 Thread 0x00000000160aa800 1619       2       java.util.concurrent.locks.ReentrantLock$FairSync::tryAcquire (74 bytes)
Event: 3.697 Thread 0x00000000160aa800 nmethod 1619 0x00000000029a6710 code [0x00000000029a6880, 0x00000000029a6b58]
Event: 3.703 Thread 0x00000000160aa800 1621       2       com.android.dx.cf.iface.StdAttributeList::findNext (85 bytes)
Event: 3.704 Thread 0x00000000160aa800 nmethod 1621 0x00000000029a6c50 code [0x00000000029a6e00, 0x00000000029a7228]
Event: 3.704 Thread 0x00000000160aa800 1620       2       com.android.dx.cf.code.LocalVariableList::concat (97 bytes)
Event: 3.706 Thread 0x00000000160aa800 nmethod 1620 0x00000000029a7550 code [0x00000000029a77c0, 0x00000000029a83c8]
Event: 3.710 Thread 0x00000000160aa800 1623   !   2       com.android.dx.cf.cst.ConstantPoolParser::determineOffsets (285 bytes)
Event: 3.712 Thread 0x00000000160aa800 nmethod 1623 0x00000000029a9510 code [0x00000000029a97e0, 0x00000000029aa418]
Event: 3.713 Thread 0x00000000160aa800 1624       1       com.android.dx.cf.direct.ClassPathOpener$1::accept (2 bytes)

GC Heap History (7 events):
Event: 1.036 GC heap before
{Heap before GC invocations=1 (full 0):
 PSYoungGen      total 18944K, used 16384K [0x00000000eab00000, 0x00000000ec000000, 0x0000000100000000)
  eden space 16384K, 100% used [0x00000000eab00000,0x00000000ebb00000,0x00000000ebb00000)
  from space 2560K, 0% used [0x00000000ebd80000,0x00000000ebd80000,0x00000000ec000000)
  to   space 2560K, 0% used [0x00000000ebb00000,0x00000000ebb00000,0x00000000ebd80000)
 ParOldGen       total 44032K, used 0K [0x00000000c0000000, 0x00000000c2b00000, 0x00000000eab00000)
  object space 44032K, 0% used [0x00000000c0000000,0x00000000c0000000,0x00000000c2b00000)
 Metaspace       used 5574K, capacity 6512K, committed 6784K, reserved 1056768K
  class space    used 594K, capacity 616K, committed 640K, reserved 1048576K
Event: 1.107 GC heap after
Heap after GC invocations=1 (full 0):
 PSYoungGen      total 18944K, used 2548K [0x00000000eab00000, 0x00000000ed000000, 0x0000000100000000)
  eden space 16384K, 0% used [0x00000000eab00000,0x00000000eab00000,0x00000000ebb00000)
  from space 2560K, 99% used [0x00000000ebb00000,0x00000000ebd7d0b8,0x00000000ebd80000)
  to   space 2560K, 0% used [0x00000000ecd80000,0x00000000ecd80000,0x00000000ed000000)
 ParOldGen       total 44032K, used 1499K [0x00000000c0000000, 0x00000000c2b00000, 0x00000000eab00000)
  object space 44032K, 3% used [0x00000000c0000000,0x00000000c0176d98,0x00000000c2b00000)
 Metaspace       used 5574K, capacity 6512K, committed 6784K, reserved 1056768K
  class space    used 594K, capacity 616K, committed 640K, reserved 1048576K
}
Event: 2.194 GC heap before
{Heap before GC invocations=2 (full 0):
 PSYoungGen      total 18944K, used 18932K [0x00000000eab00000, 0x00000000ed000000, 0x0000000100000000)
  eden space 16384K, 100% used [0x00000000eab00000,0x00000000ebb00000,0x00000000ebb00000)
  from space 2560K, 99% used [0x00000000ebb00000,0x00000000ebd7d0b8,0x00000000ebd80000)
  to   space 2560K, 0% used [0x00000000ecd80000,0x00000000ecd80000,0x00000000ed000000)
 ParOldGen       total 44032K, used 1499K [0x00000000c0000000, 0x00000000c2b00000, 0x00000000eab00000)
  object space 44032K, 3% used [0x00000000c0000000,0x00000000c0176d98,0x00000000c2b00000)
 Metaspace       used 6017K, capacity 6900K, committed 7040K, reserved 1056768K
  class space    used 598K, capacity 620K, committed 640K, reserved 1048576K
Event: 2.452 GC heap after
Heap after GC invocations=2 (full 0):
 PSYoungGen      total 35328K, used 2537K [0x00000000eab00000, 0x00000000ed000000, 0x0000000100000000)
  eden space 32768K, 0% used [0x00000000eab00000,0x00000000eab00000,0x00000000ecb00000)
  from space 2560K, 99% used [0x00000000ecd80000,0x00000000ecffa648,0x00000000ed000000)
  to   space 2560K, 0% used [0x00000000ecb00000,0x00000000ecb00000,0x00000000ecd80000)
 ParOldGen       total 44032K, used 4210K [0x00000000c0000000, 0x00000000c2b00000, 0x00000000eab00000)
  object space 44032K, 9% used [0x00000000c0000000,0x00000000c041c9c0,0x00000000c2b00000)
 Metaspace       used 6017K, capacity 6900K, committed 7040K, reserved 1056768K
  class space    used 598K, capacity 620K, committed 640K, reserved 1048576K
}
Event: 3.260 GC heap before
{Heap before GC invocations=3 (full 0):
 PSYoungGen      total 35328K, used 35305K [0x00000000eab00000, 0x00000000ed000000, 0x0000000100000000)
  eden space 32768K, 100% used [0x00000000eab00000,0x00000000ecb00000,0x00000000ecb00000)
  from space 2560K, 99% used [0x00000000ecd80000,0x00000000ecffa648,0x00000000ed000000)
  to   space 2560K, 0% used [0x00000000ecb00000,0x00000000ecb00000,0x00000000ecd80000)
 ParOldGen       total 44032K, used 4210K [0x00000000c0000000, 0x00000000c2b00000, 0x00000000eab00000)
  object space 44032K, 9% used [0x00000000c0000000,0x00000000c041c9c0,0x00000000c2b00000)
 Metaspace       used 6181K, capacity 7028K, committed 7296K, reserved 1056768K
  class space    used 601K, capacity 620K, committed 640K, reserved 1048576K
Event: 3.308 GC heap after
Heap after GC invocations=3 (full 0):
 PSYoungGen      total 35328K, used 2560K [0x00000000eab00000, 0x00000000ed000000, 0x0000000100000000)
  eden space 32768K, 0% used [0x00000000eab00000,0x00000000eab00000,0x00000000ecb00000)
  from space 2560K, 100% used [0x00000000ecb00000,0x00000000ecd80000,0x00000000ecd80000)
  to   space 2560K, 0% used [0x00000000ecd80000,0x00000000ecd80000,0x00000000ed000000)
 ParOldGen       total 44032K, used 9884K [0x00000000c0000000, 0x00000000c2b00000, 0x00000000eab00000)
  object space 44032K, 22% used [0x00000000c0000000,0x00000000c09a73e0,0x00000000c2b00000)
 Metaspace       used 6181K, capacity 7028K, committed 7296K, reserved 1056768K
  class space    used 601K, capacity 620K, committed 640K, reserved 1048576K
}
Event: 3.720 GC heap before
{Heap before GC invocations=4 (full 0):
 PSYoungGen      total 35328K, used 35328K [0x00000000eab00000, 0x00000000ed000000, 0x0000000100000000)
  eden space 32768K, 100% used [0x00000000eab00000,0x00000000ecb00000,0x00000000ecb00000)
  from space 2560K, 100% used [0x00000000ecb00000,0x00000000ecd80000,0x00000000ecd80000)
  to   space 2560K, 0% used [0x00000000ecd80000,0x00000000ecd80000,0x00000000ed000000)
 ParOldGen       total 44032K, used 9884K [0x00000000c0000000, 0x00000000c2b00000, 0x00000000eab00000)
  object space 44032K, 22% used [0x00000000c0000000,0x00000000c09a73e0,0x00000000c2b00000)
 Metaspace       used 6270K, capacity 7092K, committed 7296K, reserved 1056768K
  class space    used 601K, capacity 620K, committed 640K, reserved 1048576K

Deoptimization events (10 events):
Event: 2.866 Thread 0x00000000162d9800 Uncommon trap: reason=uninitialized action=reinterpret pc=0x0000000002847b70 method=com.android.dx.cf.code.BytecodeArray.parseInstruction(ILcom/android/dx/cf/code/BytecodeArray$Visitor;)I @ 1031
Event: 2.966 Thread 0x00000000163f0000 Uncommon trap: reason=bimorphic action=maybe_recompile pc=0x0000000002571e58 method=java.util.HashMap.getNode(ILjava/lang/Object;)Ljava/util/HashMap$Node; @ 126
Event: 3.077 Thread 0x00000000162d1800 Uncommon trap: reason=unstable_if action=reinterpret pc=0x000000000274e2dc method=com.android.dx.ssa.SsaMethod.updateOneDefinition(Lcom/android/dx/ssa/SsaInsn;Lcom/android/dx/rop/code/RegisterSpec;)V @ 4
Event: 3.080 Thread 0x00000000162d9800 Uncommon trap: reason=unstable_if action=reinterpret pc=0x0000000002764ef0 method=com.android.dx.util.LabeledList.set(ILcom/android/dx/util/LabeledItem;)V @ 16
Event: 3.207 Thread 0x00000000163ef000 Uncommon trap: reason=bimorphic action=maybe_recompile pc=0x0000000002571e58 method=java.util.HashMap.getNode(ILjava/lang/Object;)Ljava/util/HashMap$Node; @ 126
Event: 3.309 Thread 0x00000000162d9800 Uncommon trap: reason=bimorphic action=maybe_recompile pc=0x0000000002571e58 method=java.util.HashMap.getNode(ILjava/lang/Object;)Ljava/util/HashMap$Node; @ 126
Event: 3.309 Thread 0x00000000162d9800 Uncommon trap: reason=bimorphic action=maybe_recompile pc=0x0000000002571e58 method=java.util.HashMap.getNode(ILjava/lang/Object;)Ljava/util/HashMap$Node; @ 126
Event: 3.368 Thread 0x00000000163ef000 Uncommon trap: reason=unstable_if action=reinterpret pc=0x000000000285b7e0 method=com.android.dx.ssa.SCCP.simulateBranch(Lcom/android/dx/ssa/SsaInsn;)V @ 548
Event: 3.616 Thread 0x00000000163ef000 Uncommon trap: reason=bimorphic action=maybe_recompile pc=0x0000000002681614 method=java.util.HashMap.getNode(ILjava/lang/Object;)Ljava/util/HashMap$Node; @ 126
Event: 3.618 Thread 0x00000000163ef000 Uncommon trap: reason=unstable_if action=reinterpret pc=0x000000000279561c method=com.android.dx.ssa.SCCP.simulateStmt(Lcom/android/dx/ssa/SsaInsn;)V @ 53

Internal exceptions (2 events):
Event: 0.115 Thread 0x000000000231d800 Exception <a 'java/lang/NoSuchMethodError': Method sun.misc.Unsafe.defineClass(Ljava/lang/String;[BII)Ljava/lang/Class; name or signature does not match> (0x00000000eab12fe0) thrown at [C:\workspace\8-2-build-windows-amd64-cygwin\jdk8u65\4987\hotspot\src\s6z·Õì^½?
Event: 0.115 Thread 0x000000000231d800 Exception <a 'java/lang/NoSuchMethodError': Method sun.misc.Unsafe.prefetchRead(Ljava/lang/Object;J)V name or signature does not match> (0x00000000eab132c8) thrown at [C:\workspace\8-2-build-windows-amd64-cygwin\jdk8u65\4987\hotspot\src\share\vm\prims\jni.

Events (10 events):
Event: 3.409 Thread 0x00000000163f0000 DEOPT UNPACKING pc=0x000000000236787f sp=0x0000000016d4e388 mode 0
Event: 3.517 loading class com/android/dx/cf/code/BytecodeArray$ConstantParserVisitor
Event: 3.517 loading class com/android/dx/cf/code/BytecodeArray$ConstantParserVisitor done
Event: 3.616 Thread 0x00000000163ef000 Uncommon trap: trap_request=0xffffffc6 fr.pc=0x0000000002681614
Event: 3.616 Thread 0x00000000163ef000 DEOPT PACKING pc=0x0000000002681614 sp=0x0000000016c4e870
Event: 3.616 Thread 0x00000000163ef000 DEOPT UNPACKING pc=0x000000000236582a sp=0x0000000016c4e7f0 mode 2
Event: 3.618 Thread 0x00000000163ef000 Uncommon trap: trap_request=0xffffff65 fr.pc=0x000000000279561c
Event: 3.618 Thread 0x00000000163ef000 DEOPT PACKING pc=0x000000000279561c sp=0x0000000016c4ea30
Event: 3.618 Thread 0x00000000163ef000 DEOPT UNPACKING pc=0x000000000236582a sp=0x0000000016c4e9f8 mode 2
Event: 3.713 Executing VM operation: ParallelGCFailedAllocation


Dynamic libraries:
0x00007ff704e40000 - 0x00007ff704e77000 	C:\Program Files\Java\jdk1.8.0_65\bin\java.exe
0x00007ff94b770000 - 0x00007ff94b91c000 	C:\Windows\SYSTEM32\ntdll.dll
0x00007ff94a620000 - 0x00007ff94a75e000 	C:\Windows\system32\KERNEL32.DLL
0x00007ff948af0000 - 0x00007ff948c05000 	C:\Windows\system32\KERNELBASE.dll
0x00007ff947460000 - 0x00007ff9474ee000 	C:\Windows\system32\apphelp.dll
0x00007ff9318b0000 - 0x00007ff931903000 	C:\Windows\AppPatch\AppPatch64\AcGenral.DLL
0x00007ff94b330000 - 0x00007ff94b3da000 	C:\Windows\system32\msvcrt.dll
0x00007ff948760000 - 0x00007ff94878e000 	C:\Windows\SYSTEM32\SspiCli.dll
0x00007ff94a8f0000 - 0x00007ff94a944000 	C:\Windows\system32\SHLWAPI.dll
0x00007ff94a770000 - 0x00007ff94a8e7000 	C:\Windows\system32\USER32.dll
0x00007ff94ab30000 - 0x00007ff94acc4000 	C:\Windows\system32\ole32.dll
0x00007ff949030000 - 0x00007ff94a55b000 	C:\Windows\system32\SHELL32.dll
0x00007ff947ee0000 - 0x00007ff947f01000 	C:\Windows\SYSTEM32\USERENV.dll
0x00007ff94aa80000 - 0x00007ff94ab2a000 	C:\Windows\system32\ADVAPI32.dll
0x00007ff93b590000 - 0x00007ff93b5ae000 	C:\Windows\SYSTEM32\MPR.dll
0x00007ff948e80000 - 0x00007ff948fc1000 	C:\Windows\system32\RPCRT4.dll
0x00007ff94aed0000 - 0x00007ff94af29000 	C:\Windows\SYSTEM32\sechost.dll
0x00007ff94b3e0000 - 0x00007ff94b5f1000 	C:\Windows\SYSTEM32\combase.dll
0x00007ff94af30000 - 0x00007ff94b07f000 	C:\Windows\system32\GDI32.dll
0x00007ff9488c0000 - 0x00007ff9488d5000 	C:\Windows\SYSTEM32\profapi.dll
0x00007ff946c80000 - 0x00007ff946d32000 	C:\Windows\SYSTEM32\SHCORE.dll
0x00007ff94ae80000 - 0x00007ff94aeb6000 	C:\Windows\system32\IMM32.DLL
0x00007ff94b610000 - 0x00007ff94b762000 	C:\Windows\system32\MSCTF.dll
0x00007ff946120000 - 0x00007ff94639b000 	C:\Windows\WinSxS\amd64_microsoft.windows.common-controls_6595b64144ccf1df_6.0.9600.18006_none_623f33d3ecbe86e8\COMCTL32.dll
0x00000000540e0000 - 0x00000000541b2000 	C:\Program Files\Java\jdk1.8.0_65\jre\bin\msvcr100.dll
0x00000000541c0000 - 0x0000000054a49000 	C:\Program Files\Java\jdk1.8.0_65\jre\bin\server\jvm.dll
0x00007ff93f2f0000 - 0x00007ff93f2f9000 	C:\Windows\SYSTEM32\WSOCK32.dll
0x00007ff941bc0000 - 0x00007ff941be2000 	C:\Windows\SYSTEM32\WINMM.dll
0x00007ff93f2e0000 - 0x00007ff93f2ea000 	C:\Windows\SYSTEM32\VERSION.dll
0x00007ff94b600000 - 0x00007ff94b607000 	C:\Windows\system32\PSAPI.DLL
0x00007ff94aa20000 - 0x00007ff94aa7a000 	C:\Windows\system32\WS2_32.dll
0x00007ff9417f0000 - 0x00007ff94181a000 	C:\Windows\SYSTEM32\WINMMBASE.dll
0x00007ff94b260000 - 0x00007ff94b269000 	C:\Windows\system32\NSI.dll
0x00007ff948aa0000 - 0x00007ff948aef000 	C:\Windows\SYSTEM32\cfgmgr32.dll
0x00007ff9476e0000 - 0x00007ff947708000 	C:\Windows\SYSTEM32\DEVOBJ.dll
0x00000000550a0000 - 0x00000000550af000 	C:\Program Files\Java\jdk1.8.0_65\jre\bin\verify.dll
0x0000000055070000 - 0x0000000055099000 	C:\Program Files\Java\jdk1.8.0_65\jre\bin\java.dll
0x0000000055050000 - 0x0000000055066000 	C:\Program Files\Java\jdk1.8.0_65\jre\bin\zip.dll

VM Arguments:
jvm_args: -Xmx1024M -Dfile.encoding=x-windows-949 -Duser.country=KR -Duser.language=ko -Duser.variant 
java_command: com.android.dx.command.Main --dex --num-threads=4 --output C:\Users\Public\Downloads\MyApplication5_1\app\build\intermediates\pre-dexed\debug\classes-72c4569d4141644317f512043f4b40bcaf1bcba3.jar C:\Users\Public\Downloads\MyApplication5_1\app\build\intermediates\exploded-aar\com.google.android.gms\play-services-fitness\8.1.0\jars\classes.jar
java_class_path (initial): C:\Users\Public\Downloads\build-tools\23.0.2\lib\dx.jar
Launcher Type: SUN_STANDARD

Environment Variables:
JAVA_HOME=C:\Program Files (x86)\Java\jdk1.8.0_51
CLASSPATH=.;C:\Program Files (x86)\Java\jdk1.8.0_51\bin;
PATH=C:\ProgramData\Oracle\Java\javapath;C:\Program Files\Intel\WiFi\bin\;C:\Program Files\Common Files\Intel\WirelessCommon\;C:\Program Files (x86)\Java\jdk1.8.0_51\bin;C:\Program Files\Microsoft\Web Platform Installer\;C:\Program Files (x86)\Windows Kits\8.1\Windows Performance Toolkit\C:\Windows\system32;C:\Windows;C:\Program Files\Intel\WiFi\bin\;C:\Program Files\Common Files\Intel\WirelessCommon\;C:\Program Files (x86)\Java\jdk1.8.0_51\bin;C:\Users\Çý·É\AppData\Local\Programs\Git\cmd;C:\Users\Çý·É\AppData\Local\Programs\Git\mingw64\bin;C:\Users\Çý·É\AppData\Local\Programs\Git\usr\bin
USERNAME=Çý·É
OS=Windows_NT
PROCESSOR_IDENTIFIER=Intel64 Family 6 Model 61 Stepping 4, GenuineIntel



---------------  S Y S T E M  ---------------

OS: Windows 8.1 , 64 bit Build 9600 (6.3.9600.17415)

CPU:total 4 (2 cores per cpu, 2 threads per core) family 6 model 61 stepping 4, cmov, cx8, fxsr, mmx, sse, sse2, sse3, ssse3, sse4.1, sse4.2, popcnt, avx, avx2, aes, clmul, erms, 3dnowpref, lzcnt, ht, tsc, tscinvbit, bmi1, bmi2, adx

Memory: 4k page, physical 4097964k(178172k free), swap 7243692k(5568k free)

vm_info: Java HotSpot(TM) 64-Bit Server VM (25.65-b01) for windows-amd64 JRE (1.8.0_65-b17), built on Oct  6 2015 16:39:20 by "java_re" with MS VC++ 10.0 (VS2010)

time: Thu Dec 03 19:48:23 2015
elapsed time: 3 seconds (0d 0h 0m 3s)

