#
# There is insufficient memory for the Java Runtime Environment to continue.
# Native memory allocation (malloc) failed to allocate 267056 bytes for Chunk::new
# Possible reasons:
#   The system is out of physical RAM or swap space
#   In 32 bit mode, the process size limit was hit
# Possible solutions:
#   Reduce memory load on the system
#   Increase physical memory or swap space
#   Check if swap backing store is full
#   Use 64 bit Java on a 64 bit OS
#   Decrease Java heap size (-Xmx/-Xms)
#   Decrease number of Java threads
#   Decrease Java thread stack sizes (-Xss)
#   Set larger code cache with -XX:ReservedCodeCacheSize=
# This output file may be truncated or incomplete.
#
#  Out of Memory Error (allocation.cpp:390), pid=5672, tid=2856
#
# JRE version: Java(TM) SE Runtime Environment (8.0_65-b17) (build 1.8.0_65-b17)
# Java VM: Java HotSpot(TM) 64-Bit Server VM (25.65-b01 mixed mode windows-amd64 compressed oops)
# Failed to write core dump. Minidumps are not enabled by default on client versions of Windows
#

---------------  T H R E A D  ---------------

Current thread (0x0000000016cfc800):  JavaThread "C2 CompilerThread1" daemon [_thread_in_native, id=2856, stack(0x00000000170b0000,0x00000000171b0000)]

Stack: [0x00000000170b0000,0x00000000171b0000]
[error occurred during error reporting (printing stack bounds), id 0xc0000005]

Native frames: (J=compiled Java code, j=interpreted, Vv=VM code, C=native code)


Current CompileTask:
C2:   4798 1016       4       com.android.dx.ssa.SsaMethod::forEachInsn (36 bytes)


---------------  P R O C E S S  ---------------

Java Threads: ( => current thread )
  0x000000001770c800 JavaThread "pool-1-thread-4" [_thread_in_vm, id=8932, stack(0x00000000180b0000,0x00000000181b0000)]
  0x0000000017708800 JavaThread "pool-1-thread-3" [_thread_blocked, id=8240, stack(0x0000000017fb0000,0x00000000180b0000)]
  0x000000001763a800 JavaThread "pool-1-thread-2" [_thread_in_Java, id=7632, stack(0x0000000017eb0000,0x0000000017fb0000)]
  0x000000001763a000 JavaThread "pool-2-thread-1" [_thread_blocked, id=7296, stack(0x0000000017db0000,0x0000000017eb0000)]
  0x00000000170ae800 JavaThread "pool-1-thread-1" [_thread_in_Java, id=5376, stack(0x0000000017cb0000,0x0000000017db0000)]
  0x0000000016d0a800 JavaThread "Service Thread" daemon [_thread_blocked, id=3004, stack(0x00000000172b0000,0x00000000173b0000)]
  0x0000000016d07000 JavaThread "C1 CompilerThread2" daemon [_thread_in_native, id=5144, stack(0x00000000171b0000,0x00000000172b0000)]
=>0x0000000016cfc800 JavaThread "C2 CompilerThread1" daemon [_thread_in_native, id=2856, stack(0x00000000170b0000,0x00000000171b0000)]
  0x000000001563a000 JavaThread "C2 CompilerThread0" daemon [_thread_in_native, id=1652, stack(0x0000000016bb0000,0x0000000016cb0000)]
  0x00000000155ee000 JavaThread "Attach Listener" daemon [_thread_blocked, id=8756, stack(0x0000000016ab0000,0x0000000016bb0000)]
  0x00000000155d8000 JavaThread "Signal Dispatcher" daemon [_thread_blocked, id=4136, stack(0x00000000169b0000,0x0000000016ab0000)]
  0x0000000002f06000 JavaThread "Finalizer" daemon [_thread_blocked, id=9048, stack(0x0000000016830000,0x0000000016930000)]
  0x0000000002efd000 JavaThread "Reference Handler" daemon [_thread_blocked, id=6176, stack(0x0000000016730000,0x0000000016830000)]
  0x00000000010ed800 JavaThread "main" [_thread_blocked, id=5720, stack(0x00000000012a0000,0x00000000013a0000)]

Other Threads:
  0x00000000155a8000 VMThread [stack: 0x0000000016630000,0x0000000016730000] [id=4108]
  0x0000000016d23000 WatcherThread [stack: 0x00000000173b0000,0x00000000174b0000] [id=5404]

VM state:not at safepoint (normal execution)

VM Mutex/Monitor currently owned by a thread: None

Heap:
 PSYoungGen      total 18944K, used 6972K [0x00000000eab00000, 0x00000000ec000000, 0x0000000100000000)
  eden space 16384K, 27% used [0x00000000eab00000,0x00000000eaf55f70,0x00000000ebb00000)
  from space 2560K, 98% used [0x00000000ebd80000,0x00000000ebff90c8,0x00000000ec000000)
  to   space 2560K, 0% used [0x00000000ebb00000,0x00000000ebb00000,0x00000000ebd80000)
 ParOldGen       total 44032K, used 1812K [0x00000000c0000000, 0x00000000c2b00000, 0x00000000eab00000)
  object space 44032K, 4% used [0x00000000c0000000,0x00000000c01c50f8,0x00000000c2b00000)
 Metaspace       used 5903K, capacity 6772K, committed 7040K, reserved 1056768K
  class space    used 600K, capacity 620K, committed 640K, reserved 1048576K

Card table byte_map: [0x00000000122d0000,0x00000000124e0000] byte_map_base: 0x0000000011cd0000

Marking Bits: (ParMarkBitMap*) 0x00000000549ca5b0
 Begin Bits: [0x0000000012a40000, 0x0000000013a40000)
 End Bits:   [0x0000000013a40000, 0x0000000014a40000)

Polling page: 0x00000000010d0000

CodeCache: size=245760Kb used=4036Kb max_used=4036Kb free=241723Kb
 bounds [0x0000000002f10000, 0x0000000003310000, 0x0000000011f10000]
 total_blobs=1302 nmethods=1031 adapters=184
 compilation: enabled

Compilation events (10 events):
Event: 4.775 Thread 0x0000000016d07000 nmethod 1023 0x00000000032fab10 code [0x00000000032faca0, 0x00000000032fb148]
Event: 4.775 Thread 0x0000000016d07000 1019       3       com.android.dx.dex.file.Section::validateAlignment (23 bytes)
Event: 4.776 Thread 0x0000000016d07000 nmethod 1019 0x00000000032fb390 code [0x00000000032fb500, 0x00000000032fb768]
Event: 4.776 Thread 0x0000000016d07000 1040       3       com.android.dx.rop.cst.CstBaseMethodRef::getType (8 bytes)
Event: 4.776 Thread 0x0000000016d07000 nmethod 1040 0x00000000032fb850 code [0x00000000032fb9a0, 0x00000000032fbb90]
Event: 4.783 Thread 0x0000000016d07000 1042       3       com.android.dx.cf.code.ByteCatchList::get (9 bytes)
Event: 4.784 Thread 0x0000000016d07000 nmethod 1042 0x00000000032fbc50 code [0x00000000032fbdc0, 0x00000000032fc0a8]
Event: 4.785 Thread 0x0000000016d07000 1043       3       com.android.dx.ssa.Dominators::run (506 bytes)
Event: 4.792 Thread 0x0000000016d07000 nmethod 1043 0x00000000032fc150 code [0x00000000032fc740, 0x0000000003300938]
Event: 4.793 Thread 0x0000000016d07000 1044       3       com.android.dx.ssa.SsaConverter::placePhiFunctions (394 bytes)

GC Heap History (4 events):
Event: 1.910 GC heap before
{Heap before GC invocations=1 (full 0):
 PSYoungGen      total 18944K, used 16384K [0x00000000eab00000, 0x00000000ec000000, 0x0000000100000000)
  eden space 16384K, 100% used [0x00000000eab00000,0x00000000ebb00000,0x00000000ebb00000)
  from space 2560K, 0% used [0x00000000ebd80000,0x00000000ebd80000,0x00000000ec000000)
  to   space 2560K, 0% used [0x00000000ebb00000,0x00000000ebb00000,0x00000000ebd80000)
 ParOldGen       total 44032K, used 0K [0x00000000c0000000, 0x00000000c2b00000, 0x00000000eab00000)
  object space 44032K, 0% used [0x00000000c0000000,0x00000000c0000000,0x00000000c2b00000)
 Metaspace       used 3450K, capacity 4720K, committed 4864K, reserved 1056768K
  class space    used 375K, capacity 424K, committed 512K, reserved 1048576K
Event: 1.928 GC heap after
Heap after GC invocations=1 (full 0):
 PSYoungGen      total 18944K, used 1159K [0x00000000eab00000, 0x00000000ec000000, 0x0000000100000000)
  eden space 16384K, 0% used [0x00000000eab00000,0x00000000eab00000,0x00000000ebb00000)
  from space 2560K, 45% used [0x00000000ebb00000,0x00000000ebc21c98,0x00000000ebd80000)
  to   space 2560K, 0% used [0x00000000ebd80000,0x00000000ebd80000,0x00000000ec000000)
 ParOldGen       total 44032K, used 8K [0x00000000c0000000, 0x00000000c2b00000, 0x00000000eab00000)
  object space 44032K, 0% used [0x00000000c0000000,0x00000000c0002000,0x00000000c2b00000)
 Metaspace       used 3450K, capacity 4720K, committed 4864K, reserved 1056768K
  class space    used 375K, capacity 424K, committed 512K, reserved 1048576K
}
Event: 4.296 GC heap before
{Heap before GC invocations=2 (full 0):
 PSYoungGen      total 18944K, used 17543K [0x00000000eab00000, 0x00000000ec000000, 0x0000000100000000)
  eden space 16384K, 100% used [0x00000000eab00000,0x00000000ebb00000,0x00000000ebb00000)
  from space 2560K, 45% used [0x00000000ebb00000,0x00000000ebc21c98,0x00000000ebd80000)
  to   space 2560K, 0% used [0x00000000ebd80000,0x00000000ebd80000,0x00000000ec000000)
 ParOldGen       total 44032K, used 8K [0x00000000c0000000, 0x00000000c2b00000, 0x00000000eab00000)
  object space 44032K, 0% used [0x00000000c0000000,0x00000000c0002000,0x00000000c2b00000)
 Metaspace       used 5830K, capacity 6706K, committed 6784K, reserved 1056768K
  class space    used 597K, capacity 618K, committed 640K, reserved 1048576K
Event: 4.620 GC heap after
Heap after GC invocations=2 (full 0):
 PSYoungGen      total 18944K, used 2532K [0x00000000eab00000, 0x00000000ec000000, 0x0000000100000000)
  eden space 16384K, 0% used [0x00000000eab00000,0x00000000eab00000,0x00000000ebb00000)
  from space 2560K, 98% used [0x00000000ebd80000,0x00000000ebff90c8,0x00000000ec000000)
  to   space 2560K, 0% used [0x00000000ebb00000,0x00000000ebb00000,0x00000000ebd80000)
 ParOldGen       total 44032K, used 1812K [0x00000000c0000000, 0x00000000c2b00000, 0x00000000eab00000)
  object space 44032K, 4% used [0x00000000c0000000,0x00000000c01c50f8,0x00000000c2b00000)
 Metaspace       used 5830K, capacity 6706K, committed 6784K, reserved 1056768K
  class space    used 597K, capacity 618K, committed 640K, reserved 1048576K
}

Deoptimization events (9 events):
Event: 4.177 Thread 0x00000000010ed800 Uncommon trap: reason=class_check action=maybe_recompile pc=0x000000000317bfc0 method=com.android.dx.ssa.NormalSsaInsn.accept(Lcom/android/dx/ssa/SsaInsn$Visitor;)V @ 9
Event: 4.637 Thread 0x000000001763a800 Uncommon trap: reason=class_check action=maybe_recompile pc=0x000000000317bfc0 method=com.android.dx.ssa.NormalSsaInsn.accept(Lcom/android/dx/ssa/SsaInsn$Visitor;)V @ 9
Event: 4.638 Thread 0x000000001763a800 Uncommon trap: reason=class_check action=maybe_recompile pc=0x00000000031446b0 method=com.android.dx.ssa.NormalSsaInsn.accept(Lcom/android/dx/ssa/SsaInsn$Visitor;)V @ 9
Event: 4.638 Thread 0x000000001763a800 Uncommon trap: reason=class_check action=maybe_recompile pc=0x00000000031446b0 method=com.android.dx.ssa.NormalSsaInsn.accept(Lcom/android/dx/ssa/SsaInsn$Visitor;)V @ 9
Event: 4.660 Thread 0x000000001763a800 Uncommon trap: reason=class_check action=maybe_recompile pc=0x000000000317bfc0 method=com.android.dx.ssa.NormalSsaInsn.accept(Lcom/android/dx/ssa/SsaInsn$Visitor;)V @ 9
Event: 4.751 Thread 0x00000000170ae800 Uncommon trap: reason=class_check action=maybe_recompile pc=0x000000000316bf5c method=com.android.dx.rop.type.Type.equals(Ljava/lang/Object;)Z @ 8
Event: 4.751 Thread 0x00000000170ae800 Uncommon trap: reason=class_check action=maybe_recompile pc=0x000000000316bf5c method=com.android.dx.rop.type.Type.equals(Ljava/lang/Object;)Z @ 8
Event: 4.751 Thread 0x00000000170ae800 Uncommon trap: reason=class_check action=maybe_recompile pc=0x000000000316bf5c method=com.android.dx.rop.type.Type.equals(Ljava/lang/Object;)Z @ 8
Event: 4.758 Thread 0x00000000170ae800 Uncommon trap: reason=class_check action=maybe_recompile pc=0x000000000316bf5c method=com.android.dx.rop.type.Type.equals(Ljava/lang/Object;)Z @ 8

Internal exceptions (2 events):
Event: 0.193 Thread 0x00000000010ed800 Exception <a 'java/lang/NoSuchMethodError': Method sun.misc.Unsafe.defineClass(Ljava/lang/String;[BII)Ljava/lang/Class; name or signature does not match> (0x00000000eab13068) thrown at [C:\workspace\8-2-build-windows-amd64-cygwin\jdk8u65\4987\hotspot\src\sÙkúkËÈ?
Event: 0.194 Thread 0x00000000010ed800 Exception <a 'java/lang/NoSuchMethodError': Method sun.misc.Unsafe.prefetchRead(Ljava/lang/Object;J)V name or signature does not match> (0x00000000eab13350) thrown at [C:\workspace\8-2-build-windows-amd64-cygwin\jdk8u65\4987\hotspot\src\share\vm\prims\jni.

Events (10 events):
Event: 4.751 Thread 0x00000000170ae800 DEOPT UNPACKING pc=0x0000000002f5582a sp=0x0000000017dae238 mode 2
Event: 4.751 Thread 0x00000000170ae800 Uncommon trap: trap_request=0xffffffde fr.pc=0x000000000316bf5c
Event: 4.751 Thread 0x00000000170ae800 DEOPT PACKING pc=0x000000000316bf5c sp=0x0000000017dae4c0
Event: 4.751 Thread 0x00000000170ae800 DEOPT UNPACKING pc=0x0000000002f5582a sp=0x0000000017dae238 mode 2
Event: 4.751 Thread 0x00000000170ae800 Uncommon trap: trap_request=0xffffffde fr.pc=0x000000000316bf5c
Event: 4.751 Thread 0x00000000170ae800 DEOPT PACKING pc=0x000000000316bf5c sp=0x0000000017dae550
Event: 4.751 Thread 0x00000000170ae800 DEOPT UNPACKING pc=0x0000000002f5582a sp=0x0000000017dae2c8 mode 2
Event: 4.758 Thread 0x00000000170ae800 Uncommon trap: trap_request=0xffffffde fr.pc=0x000000000316bf5c
Event: 4.758 Thread 0x00000000170ae800 DEOPT PACKING pc=0x000000000316bf5c sp=0x0000000017dae4c0
Event: 4.758 Thread 0x00000000170ae800 DEOPT UNPACKING pc=0x0000000002f5582a sp=0x0000000017dae238 mode 2


Dynamic libraries:
0x00007ff704e40000 - 0x00007ff704e77000 	C:\Program Files\Java\jdk1.8.0_65\bin\java.exe
0x00007ff94b770000 - 0x00007ff94b91c000 	C:\Windows\SYSTEM32\ntdll.dll
0x00007ff94a620000 - 0x00007ff94a75e000 	C:\Windows\system32\KERNEL32.DLL
0x00007ff948af0000 - 0x00007ff948c05000 	C:\Windows\system32\KERNELBASE.dll
0x00007ff947460000 - 0x00007ff9474ee000 	C:\Windows\system32\apphelp.dll
0x00007ff9318b0000 - 0x00007ff931903000 	C:\Windows\AppPatch\AppPatch64\AcGenral.DLL
0x00007ff94b330000 - 0x00007ff94b3da000 	C:\Windows\system32\msvcrt.dll
0x00007ff948760000 - 0x00007ff94878e000 	C:\Windows\SYSTEM32\SspiCli.dll
0x00007ff94a8f0000 - 0x00007ff94a944000 	C:\Windows\system32\SHLWAPI.dll
0x00007ff94a770000 - 0x00007ff94a8e7000 	C:\Windows\system32\USER32.dll
0x00007ff94ab30000 - 0x00007ff94acc4000 	C:\Windows\system32\ole32.dll
0x00007ff949030000 - 0x00007ff94a55b000 	C:\Windows\system32\SHELL32.dll
0x00007ff947ee0000 - 0x00007ff947f01000 	C:\Windows\SYSTEM32\USERENV.dll
0x00007ff94aa80000 - 0x00007ff94ab2a000 	C:\Windows\system32\ADVAPI32.dll
0x00007ff93b590000 - 0x00007ff93b5ae000 	C:\Windows\SYSTEM32\MPR.dll
0x00007ff948e80000 - 0x00007ff948fc1000 	C:\Windows\system32\RPCRT4.dll
0x00007ff94aed0000 - 0x00007ff94af29000 	C:\Windows\SYSTEM32\sechost.dll
0x00007ff94b3e0000 - 0x00007ff94b5f1000 	C:\Windows\SYSTEM32\combase.dll
0x00007ff94af30000 - 0x00007ff94b07f000 	C:\Windows\system32\GDI32.dll
0x00007ff9488c0000 - 0x00007ff9488d5000 	C:\Windows\SYSTEM32\profapi.dll
0x00007ff946c80000 - 0x00007ff946d32000 	C:\Windows\SYSTEM32\SHCORE.dll
0x00007ff94ae80000 - 0x00007ff94aeb6000 	C:\Windows\system32\IMM32.DLL
0x00007ff94b610000 - 0x00007ff94b762000 	C:\Windows\system32\MSCTF.dll
0x00007ff946120000 - 0x00007ff94639b000 	C:\Windows\WinSxS\amd64_microsoft.windows.common-controls_6595b64144ccf1df_6.0.9600.18006_none_623f33d3ecbe86e8\COMCTL32.dll
0x00000000540e0000 - 0x00000000541b2000 	C:\Program Files\Java\jdk1.8.0_65\jre\bin\msvcr100.dll
0x00000000541c0000 - 0x0000000054a49000 	C:\Program Files\Java\jdk1.8.0_65\jre\bin\server\jvm.dll
0x00007ff93f2f0000 - 0x00007ff93f2f9000 	C:\Windows\SYSTEM32\WSOCK32.dll
0x00007ff941bc0000 - 0x00007ff941be2000 	C:\Windows\SYSTEM32\WINMM.dll
0x00007ff93f2e0000 - 0x00007ff93f2ea000 	C:\Windows\SYSTEM32\VERSION.dll
0x00007ff94b600000 - 0x00007ff94b607000 	C:\Windows\system32\PSAPI.DLL
0x00007ff94aa20000 - 0x00007ff94aa7a000 	C:\Windows\system32\WS2_32.dll
0x00007ff9417f0000 - 0x00007ff94181a000 	C:\Windows\SYSTEM32\WINMMBASE.dll
0x00007ff94b260000 - 0x00007ff94b269000 	C:\Windows\system32\NSI.dll
0x00007ff948aa0000 - 0x00007ff948aef000 	C:\Windows\SYSTEM32\cfgmgr32.dll
0x00007ff9476e0000 - 0x00007ff947708000 	C:\Windows\SYSTEM32\DEVOBJ.dll
0x00000000550a0000 - 0x00000000550af000 	C:\Program Files\Java\jdk1.8.0_65\jre\bin\verify.dll
0x0000000055070000 - 0x0000000055099000 	C:\Program Files\Java\jdk1.8.0_65\jre\bin\java.dll
0x0000000055050000 - 0x0000000055066000 	C:\Program Files\Java\jdk1.8.0_65\jre\bin\zip.dll

VM Arguments:
jvm_args: -Xmx1024M -Dfile.encoding=x-windows-949 -Duser.country=KR -Duser.language=ko -Duser.variant 
java_command: com.android.dx.command.Main --dex --num-threads=4 --output C:\Users\Public\Downloads\MyApplication5_1\app\build\intermediates\pre-dexed\debug\classes-dee3c5c9dd05b2cc74a9d318729afabfea5531e5.jar C:\Users\Public\Downloads\MyApplication5_1\app\build\intermediates\exploded-aar\com.google.android.gms\play-services-ads\8.1.0\jars\classes.jar
java_class_path (initial): C:\Users\Public\Downloads\build-tools\23.0.2\lib\dx.jar
Launcher Type: SUN_STANDARD

Environment Variables:
JAVA_HOME=C:\Program Files (x86)\Java\jdk1.8.0_51
CLASSPATH=.;C:\Program Files (x86)\Java\jdk1.8.0_51\bin;
PATH=C:\ProgramData\Oracle\Java\javapath;C:\Program Files\Intel\WiFi\bin\;C:\Program Files\Common Files\Intel\WirelessCommon\;C:\Program Files (x86)\Java\jdk1.8.0_51\bin;C:\Program Files\Microsoft\Web Platform Installer\;C:\Program Files (x86)\Windows Kits\8.1\Windows Performance Toolkit\C:\Windows\system32;C:\Windows;C:\Program Files\Intel\WiFi\bin\;C:\Program Files\Common Files\Intel\WirelessCommon\;C:\Program Files (x86)\Java\jdk1.8.0_51\bin;C:\Users\Çý·É\AppData\Local\Programs\Git\cmd;C:\Users\Çý·É\AppData\Local\Programs\Git\mingw64\bin;C:\Users\Çý·É\AppData\Local\Programs\Git\usr\bin
USERNAME=Çý·É
OS=Windows_NT
PROCESSOR_IDENTIFIER=Intel64 Family 6 Model 61 Stepping 4, GenuineIntel



---------------  S Y S T E M  ---------------

OS: Windows 8.1 , 64 bit Build 9600 (6.3.9600.17415)

CPU:total 4 (2 cores per cpu, 2 threads per core) family 6 model 61 stepping 4, cmov, cx8, fxsr, mmx, sse, sse2, sse3, ssse3, sse4.1, sse4.2, popcnt, avx, avx2, aes, clmul, erms, 3dnowpref, lzcnt, ht, tsc, tscinvbit, bmi1, bmi2, adx

Memory: 4k page, physical 4097964k(224264k free), swap 7243692k(6316k free)

vm_info: Java HotSpot(TM) 64-Bit Server VM (25.65-b01) for windows-amd64 JRE (1.8.0_65-b17), built on Oct  6 2015 16:39:20 by "java_re" with MS VC++ 10.0 (VS2010)

time: Thu Dec 03 19:49:28 2015
elapsed time: 4 seconds (0d 0h 0m 4s)

