#
# There is insufficient memory for the Java Runtime Environment to continue.
# Native memory allocation (malloc) failed to allocate 102656 bytes for Chunk::new
# Possible reasons:
#   The system is out of physical RAM or swap space
#   In 32 bit mode, the process size limit was hit
# Possible solutions:
#   Reduce memory load on the system
#   Increase physical memory or swap space
#   Check if swap backing store is full
#   Use 64 bit Java on a 64 bit OS
#   Decrease Java heap size (-Xmx/-Xms)
#   Decrease number of Java threads
#   Decrease Java thread stack sizes (-Xss)
#   Set larger code cache with -XX:ReservedCodeCacheSize=
# This output file may be truncated or incomplete.
#
#  Out of Memory Error (allocation.cpp:390), pid=7132, tid=6384
#
# JRE version: Java(TM) SE Runtime Environment (8.0_65-b17) (build 1.8.0_65-b17)
# Java VM: Java HotSpot(TM) 64-Bit Server VM (25.65-b01 mixed mode windows-amd64 compressed oops)
# Failed to write core dump. Minidumps are not enabled by default on client versions of Windows
#

---------------  T H R E A D  ---------------

Current thread (0x00000000166be800):  JavaThread "C2 CompilerThread1" daemon [_thread_in_native, id=6384, stack(0x0000000016a60000,0x0000000016b60000)]

Stack: [0x0000000016a60000,0x0000000016b60000]
[error occurred during error reporting (printing stack bounds), id 0xc0000005]

Native frames: (J=compiled Java code, j=interpreted, Vv=VM code, C=native code)


Current CompileTask:
C2:   7306  715       4       java.util.HashMap::get (23 bytes)


---------------  P R O C E S S  ---------------

Java Threads: ( => current thread )
  0x0000000016e6f000 JavaThread "pool-1-thread-4" [_thread_in_Java, id=7020, stack(0x0000000017a60000,0x0000000017b60000)]
  0x0000000016e6e800 JavaThread "pool-1-thread-3" [_thread_in_Java, id=5884, stack(0x0000000017960000,0x0000000017a60000)]
  0x0000000016e6c800 JavaThread "pool-1-thread-2" [_thread_in_vm, id=3064, stack(0x0000000017860000,0x0000000017960000)]
  0x0000000016e68800 JavaThread "pool-2-thread-1" [_thread_blocked, id=9180, stack(0x0000000017760000,0x0000000017860000)]
  0x0000000016e64800 JavaThread "pool-1-thread-1" [_thread_blocked, id=8324, stack(0x0000000017660000,0x0000000017760000)]
  0x00000000166c7000 JavaThread "Service Thread" daemon [_thread_blocked, id=5232, stack(0x0000000016c60000,0x0000000016d60000)]
  0x00000000166c1800 JavaThread "C1 CompilerThread2" daemon [_thread_blocked, id=6492, stack(0x0000000016b60000,0x0000000016c60000)]
=>0x00000000166be800 JavaThread "C2 CompilerThread1" daemon [_thread_in_native, id=6384, stack(0x0000000016a60000,0x0000000016b60000)]
  0x0000000014fdb000 JavaThread "C2 CompilerThread0" daemon [_thread_in_native, id=2996, stack(0x0000000016560000,0x0000000016660000)]
  0x0000000014f8f000 JavaThread "Attach Listener" daemon [_thread_blocked, id=5160, stack(0x0000000016460000,0x0000000016560000)]
  0x0000000014f79000 JavaThread "Signal Dispatcher" daemon [_thread_blocked, id=8616, stack(0x0000000016360000,0x0000000016460000)]
  0x00000000028a7000 JavaThread "Finalizer" daemon [_thread_blocked, id=1152, stack(0x00000000161e0000,0x00000000162e0000)]
  0x000000000289d000 JavaThread "Reference Handler" daemon [_thread_blocked, id=6028, stack(0x00000000160e0000,0x00000000161e0000)]
  0x0000000000b1d800 JavaThread "main" [_thread_blocked, id=3676, stack(0x0000000000c50000,0x0000000000d50000)]

Other Threads:
  0x0000000014f48000 VMThread [stack: 0x0000000015fe0000,0x00000000160e0000] [id=6560]
  0x0000000016729000 WatcherThread [stack: 0x0000000016d60000,0x0000000016e60000] [id=5720]

VM state:not at safepoint (normal execution)

VM Mutex/Monitor currently owned by a thread: None

Heap:
 PSYoungGen      total 18944K, used 5535K [0x00000000eab00000, 0x00000000ed000000, 0x0000000100000000)
  eden space 16384K, 18% used [0x00000000eab00000,0x00000000eadea208,0x00000000ebb00000)
  from space 2560K, 99% used [0x00000000ebb00000,0x00000000ebd7dd90,0x00000000ebd80000)
  to   space 2560K, 0% used [0x00000000ecd80000,0x00000000ecd80000,0x00000000ed000000)
 ParOldGen       total 44032K, used 1053K [0x00000000c0000000, 0x00000000c2b00000, 0x00000000eab00000)
  object space 44032K, 2% used [0x00000000c0000000,0x00000000c01077a8,0x00000000c2b00000)
 Metaspace       used 5734K, capacity 6642K, committed 6784K, reserved 1056768K
  class space    used 595K, capacity 618K, committed 640K, reserved 1048576K

Card table byte_map: [0x0000000011c70000,0x0000000011e80000] byte_map_base: 0x0000000011670000

Marking Bits: (ParMarkBitMap*) 0x00000000549ca5b0
 Begin Bits: [0x00000000123e0000, 0x00000000133e0000)
 End Bits:   [0x00000000133e0000, 0x00000000143e0000)

Polling page: 0x0000000000aa0000

CodeCache: size=245760Kb used=2843Kb max_used=2854Kb free=242916Kb
 bounds [0x00000000028b0000, 0x0000000002b80000, 0x00000000118b0000]
 total_blobs=985 nmethods=714 adapters=184
 compilation: enabled

Compilation events (10 events):
Event: 7.299 Thread 0x00000000166c1800 nmethod 713 0x0000000002b76890 code [0x0000000002b76aa0, 0x0000000002b776b8]
Event: 7.299 Thread 0x00000000166c1800  720       3       com.android.dx.rop.cst.CstBaseMethodRef::compareTo0 (29 bytes)
Event: 7.300 Thread 0x00000000166c1800 nmethod 720 0x0000000002b746d0 code [0x0000000002b74860, 0x0000000002b74bf8]
Event: 7.300 Thread 0x00000000166c1800  712       3       com.android.dx.rop.code.LocalItem::equals (29 bytes)
Event: 7.300 Thread 0x00000000166c1800 nmethod 712 0x0000000002b73a10 code [0x0000000002b73bc0, 0x0000000002b74438]
Event: 7.300 Thread 0x00000000166c1800  697       3       com.android.dx.ssa.SsaConverter::needsNewSuccessor (53 bytes)
Event: 7.302 Thread 0x00000000166c1800 nmethod 697 0x0000000002b79510 code [0x0000000002b79720, 0x0000000002b7a1d8]
Event: 7.302 Thread 0x00000000166c1800  725       3       com.android.dx.rop.code.Insn::getLocalAssignment (48 bytes)
Event: 7.302 Thread 0x00000000166c1800 nmethod 725 0x0000000002b7a850 code [0x0000000002b7a9e0, 0x0000000002b7afe8]
Event: 7.302 Thread 0x00000000166c1800  728       3       com.android.dx.ssa.SsaRenamer$BlockRenamer::process (191 bytes)

GC Heap History (2 events):
Event: 6.539 GC heap before
{Heap before GC invocations=1 (full 0):
 PSYoungGen      total 18944K, used 16384K [0x00000000eab00000, 0x00000000ec000000, 0x0000000100000000)
  eden space 16384K, 100% used [0x00000000eab00000,0x00000000ebb00000,0x00000000ebb00000)
  from space 2560K, 0% used [0x00000000ebd80000,0x00000000ebd80000,0x00000000ec000000)
  to   space 2560K, 0% used [0x00000000ebb00000,0x00000000ebb00000,0x00000000ebd80000)
 ParOldGen       total 44032K, used 0K [0x00000000c0000000, 0x00000000c2b00000, 0x00000000eab00000)
  object space 44032K, 0% used [0x00000000c0000000,0x00000000c0000000,0x00000000c2b00000)
 Metaspace       used 5536K, capacity 6450K, committed 6528K, reserved 1056768K
  class space    used 594K, capacity 618K, committed 640K, reserved 1048576K
Event: 7.113 GC heap after
Heap after GC invocations=1 (full 0):
 PSYoungGen      total 18944K, used 2551K [0x00000000eab00000, 0x00000000ed000000, 0x0000000100000000)
  eden space 16384K, 0% used [0x00000000eab00000,0x00000000eab00000,0x00000000ebb00000)
  from space 2560K, 99% used [0x00000000ebb00000,0x00000000ebd7dd90,0x00000000ebd80000)
  to   space 2560K, 0% used [0x00000000ecd80000,0x00000000ecd80000,0x00000000ed000000)
 ParOldGen       total 44032K, used 1053K [0x00000000c0000000, 0x00000000c2b00000, 0x00000000eab00000)
  object space 44032K, 2% used [0x00000000c0000000,0x00000000c01077a8,0x00000000c2b00000)
 Metaspace       used 5536K, capacity 6450K, committed 6528K, reserved 1056768K
  class space    used 594K, capacity 618K, committed 640K, reserved 1048576K
}

Deoptimization events (2 events):
Event: 5.256 Thread 0x0000000000b1d800 Uncommon trap: reason=unstable_if action=reinterpret pc=0x0000000002a0b1c0 method=java.util.regex.Pattern$BnM.match(Ljava/util/regex/Matcher;ILjava/lang/CharSequence;)Z @ 56
Event: 7.245 Thread 0x0000000016e64800 Uncommon trap: reason=unstable_if action=reinterpret pc=0x0000000002af2324 method=java.util.HashMap.getNode(ILjava/lang/Object;)Ljava/util/HashMap$Node; @ 129

Internal exceptions (2 events):
Event: 3.013 Thread 0x0000000000b1d800 Exception <a 'java/lang/NoSuchMethodError': Method sun.misc.Unsafe.defineClass(Ljava/lang/String;[BII)Ljava/lang/Class; name or signature does not match> (0x00000000eab13068) thrown at [C:\workspace\8-2-build-windows-amd64-cygwin\jdk8u65\4987\hotspot\src\sŒ»Õ-}@
Event: 3.013 Thread 0x0000000000b1d800 Exception <a 'java/lang/NoSuchMethodError': Method sun.misc.Unsafe.prefetchRead(Ljava/lang/Object;J)V name or signature does not match> (0x00000000eab13350) thrown at [C:\workspace\8-2-build-windows-amd64-cygwin\jdk8u65\4987\hotspot\src\share\vm\prims\jni.

Events (10 events):
Event: 7.113 Executing VM operation: ParallelGCFailedAllocation done
Event: 7.118 loading class com/android/dx/rop/cst/CstArray$List
Event: 7.118 loading class com/android/dx/rop/cst/CstArray$List done
Event: 7.245 Thread 0x0000000016e64800 Uncommon trap: trap_request=0xffffff65 fr.pc=0x0000000002af2324
Event: 7.245 Thread 0x0000000016e64800 DEOPT PACKING pc=0x0000000002af2324 sp=0x000000001775e700
Event: 7.245 Thread 0x0000000016e64800 DEOPT UNPACKING pc=0x00000000028f582a sp=0x000000001775e678 mode 2
Event: 7.295 loading class com/android/dx/dex/file/MethodAnnotationStruct
Event: 7.295 loading class com/android/dx/dex/file/MethodAnnotationStruct done
Event: 7.299 loading class java/util/ArrayList$1
Event: 7.299 loading class java/util/ArrayList$1 done


Dynamic libraries:
0x00007ff704e40000 - 0x00007ff704e77000 	C:\Program Files\Java\jdk1.8.0_65\bin\java.exe
0x00007ff94b770000 - 0x00007ff94b91c000 	C:\Windows\SYSTEM32\ntdll.dll
0x00007ff94a620000 - 0x00007ff94a75e000 	C:\Windows\system32\KERNEL32.DLL
0x00007ff948af0000 - 0x00007ff948c05000 	C:\Windows\system32\KERNELBASE.dll
0x00007ff947460000 - 0x00007ff9474ee000 	C:\Windows\system32\apphelp.dll
0x00007ff9318b0000 - 0x00007ff931903000 	C:\Windows\AppPatch\AppPatch64\AcGenral.DLL
0x00007ff94b330000 - 0x00007ff94b3da000 	C:\Windows\system32\msvcrt.dll
0x00007ff948760000 - 0x00007ff94878e000 	C:\Windows\SYSTEM32\SspiCli.dll
0x00007ff94a8f0000 - 0x00007ff94a944000 	C:\Windows\system32\SHLWAPI.dll
0x00007ff94a770000 - 0x00007ff94a8e7000 	C:\Windows\system32\USER32.dll
0x00007ff94ab30000 - 0x00007ff94acc4000 	C:\Windows\system32\ole32.dll
0x00007ff949030000 - 0x00007ff94a55b000 	C:\Windows\system32\SHELL32.dll
0x00007ff947ee0000 - 0x00007ff947f01000 	C:\Windows\SYSTEM32\USERENV.dll
0x00007ff94aa80000 - 0x00007ff94ab2a000 	C:\Windows\system32\ADVAPI32.dll
0x00007ff93b590000 - 0x00007ff93b5ae000 	C:\Windows\SYSTEM32\MPR.dll
0x00007ff948e80000 - 0x00007ff948fc1000 	C:\Windows\system32\RPCRT4.dll
0x00007ff94aed0000 - 0x00007ff94af29000 	C:\Windows\SYSTEM32\sechost.dll
0x00007ff94b3e0000 - 0x00007ff94b5f1000 	C:\Windows\SYSTEM32\combase.dll
0x00007ff94af30000 - 0x00007ff94b07f000 	C:\Windows\system32\GDI32.dll
0x00007ff9488c0000 - 0x00007ff9488d5000 	C:\Windows\SYSTEM32\profapi.dll
0x00007ff946c80000 - 0x00007ff946d32000 	C:\Windows\SYSTEM32\SHCORE.dll
0x00007ff94ae80000 - 0x00007ff94aeb6000 	C:\Windows\system32\IMM32.DLL
0x00007ff94b610000 - 0x00007ff94b762000 	C:\Windows\system32\MSCTF.dll
0x00007ff946120000 - 0x00007ff94639b000 	C:\Windows\WinSxS\amd64_microsoft.windows.common-controls_6595b64144ccf1df_6.0.9600.18006_none_623f33d3ecbe86e8\COMCTL32.dll
0x00000000540e0000 - 0x00000000541b2000 	C:\Program Files\Java\jdk1.8.0_65\jre\bin\msvcr100.dll
0x00000000541c0000 - 0x0000000054a49000 	C:\Program Files\Java\jdk1.8.0_65\jre\bin\server\jvm.dll
0x00007ff93f2f0000 - 0x00007ff93f2f9000 	C:\Windows\SYSTEM32\WSOCK32.dll
0x00007ff941bc0000 - 0x00007ff941be2000 	C:\Windows\SYSTEM32\WINMM.dll
0x00007ff93f2e0000 - 0x00007ff93f2ea000 	C:\Windows\SYSTEM32\VERSION.dll
0x00007ff94b600000 - 0x00007ff94b607000 	C:\Windows\system32\PSAPI.DLL
0x00007ff94aa20000 - 0x00007ff94aa7a000 	C:\Windows\system32\WS2_32.dll
0x00007ff9417f0000 - 0x00007ff94181a000 	C:\Windows\SYSTEM32\WINMMBASE.dll
0x00007ff94b260000 - 0x00007ff94b269000 	C:\Windows\system32\NSI.dll
0x00007ff948aa0000 - 0x00007ff948aef000 	C:\Windows\SYSTEM32\cfgmgr32.dll
0x00007ff9476e0000 - 0x00007ff947708000 	C:\Windows\SYSTEM32\DEVOBJ.dll
0x00000000550a0000 - 0x00000000550af000 	C:\Program Files\Java\jdk1.8.0_65\jre\bin\verify.dll
0x0000000055070000 - 0x0000000055099000 	C:\Program Files\Java\jdk1.8.0_65\jre\bin\java.dll
0x0000000055050000 - 0x0000000055066000 	C:\Program Files\Java\jdk1.8.0_65\jre\bin\zip.dll

VM Arguments:
jvm_args: -Xmx1024M -Dfile.encoding=x-windows-949 -Duser.country=KR -Duser.language=ko -Duser.variant 
java_command: com.android.dx.command.Main --dex --num-threads=4 --output C:\Users\Public\Downloads\MyApplication5_1\app\build\intermediates\pre-dexed\debug\classes-9bea1dd2bc95bb131e103b339609e934b63d3c8e.jar C:\Users\Public\Downloads\MyApplication5_1\app\build\intermediates\exploded-aar\com.google.android.gms\play-services-analytics\8.1.0\jars\classes.jar
java_class_path (initial): C:\Users\Public\Downloads\build-tools\23.0.2\lib\dx.jar
Launcher Type: SUN_STANDARD

Environment Variables:
JAVA_HOME=C:\Program Files (x86)\Java\jdk1.8.0_51
CLASSPATH=.;C:\Program Files (x86)\Java\jdk1.8.0_51\bin;
PATH=C:\ProgramData\Oracle\Java\javapath;C:\Program Files\Intel\WiFi\bin\;C:\Program Files\Common Files\Intel\WirelessCommon\;C:\Program Files (x86)\Java\jdk1.8.0_51\bin;C:\Program Files\Microsoft\Web Platform Installer\;C:\Program Files (x86)\Windows Kits\8.1\Windows Performance Toolkit\C:\Windows\system32;C:\Windows;C:\Program Files\Intel\WiFi\bin\;C:\Program Files\Common Files\Intel\WirelessCommon\;C:\Program Files (x86)\Java\jdk1.8.0_51\bin;C:\Users\Çý·É\AppData\Local\Programs\Git\cmd;C:\Users\Çý·É\AppData\Local\Programs\Git\mingw64\bin;C:\Users\Çý·É\AppData\Local\Programs\Git\usr\bin
USERNAME=Çý·É
OS=Windows_NT
PROCESSOR_IDENTIFIER=Intel64 Family 6 Model 61 Stepping 4, GenuineIntel



---------------  S Y S T E M  ---------------

OS: Windows 8.1 , 64 bit Build 9600 (6.3.9600.17415)

CPU:total 4 (2 cores per cpu, 2 threads per core) family 6 model 61 stepping 4, cmov, cx8, fxsr, mmx, sse, sse2, sse3, ssse3, sse4.1, sse4.2, popcnt, avx, avx2, aes, clmul, erms, 3dnowpref, lzcnt, ht, tsc, tscinvbit, bmi1, bmi2, adx

Memory: 4k page, physical 4097964k(505280k free), swap 7243692k(5072k free)

vm_info: Java HotSpot(TM) 64-Bit Server VM (25.65-b01) for windows-amd64 JRE (1.8.0_65-b17), built on Oct  6 2015 16:39:20 by "java_re" with MS VC++ 10.0 (VS2010)

time: Thu Dec 03 19:41:56 2015
elapsed time: 7 seconds (0d 0h 0m 7s)

