#
# There is insufficient memory for the Java Runtime Environment to continue.
# Native memory allocation (malloc) failed to allocate 692656 bytes for Chunk::new
# Possible reasons:
#   The system is out of physical RAM or swap space
#   In 32 bit mode, the process size limit was hit
# Possible solutions:
#   Reduce memory load on the system
#   Increase physical memory or swap space
#   Check if swap backing store is full
#   Use 64 bit Java on a 64 bit OS
#   Decrease Java heap size (-Xmx/-Xms)
#   Decrease number of Java threads
#   Decrease Java thread stack sizes (-Xss)
#   Set larger code cache with -XX:ReservedCodeCacheSize=
# This output file may be truncated or incomplete.
#
#  Out of Memory Error (allocation.cpp:390), pid=3748, tid=8348
#
# JRE version: Java(TM) SE Runtime Environment (8.0_65-b17) (build 1.8.0_65-b17)
# Java VM: Java HotSpot(TM) 64-Bit Server VM (25.65-b01 mixed mode windows-amd64 compressed oops)
# Failed to write core dump. Minidumps are not enabled by default on client versions of Windows
#

---------------  T H R E A D  ---------------

Current thread (0x00000000166f4800):  JavaThread "C2 CompilerThread1" daemon [_thread_in_native, id=8348, stack(0x0000000016aa0000,0x0000000016ba0000)]

Stack: [0x0000000016aa0000,0x0000000016ba0000]
[error occurred during error reporting (printing stack bounds), id 0xc0000005]

Native frames: (J=compiled Java code, j=interpreted, Vv=VM code, C=native code)


Current CompileTask:
C2:   2640 1211       4       com.android.dx.ssa.SCCP::simulateStmt (481 bytes)


---------------  P R O C E S S  ---------------

Java Threads: ( => current thread )
  0x0000000016922000 JavaThread "pool-1-thread-4" [_thread_blocked, id=3316, stack(0x0000000017aa0000,0x0000000017ba0000)]
  0x0000000016921800 JavaThread "pool-1-thread-3" [_thread_blocked, id=3556, stack(0x00000000179a0000,0x0000000017aa0000)]
  0x000000001691d800 JavaThread "pool-1-thread-2" [_thread_blocked, id=6236, stack(0x00000000178a0000,0x00000000179a0000)]
  0x000000001691c800 JavaThread "pool-2-thread-1" [_thread_blocked, id=192, stack(0x00000000177a0000,0x00000000178a0000)]
  0x0000000016918000 JavaThread "pool-1-thread-1" [_thread_blocked, id=7140, stack(0x00000000176a0000,0x00000000177a0000)]
  0x0000000016700800 JavaThread "Service Thread" daemon [_thread_blocked, id=8852, stack(0x0000000016ca0000,0x0000000016da0000)]
  0x00000000166fa800 JavaThread "C1 CompilerThread2" daemon [_thread_blocked, id=7760, stack(0x0000000016ba0000,0x0000000016ca0000)]
=>0x00000000166f4800 JavaThread "C2 CompilerThread1" daemon [_thread_in_native, id=8348, stack(0x0000000016aa0000,0x0000000016ba0000)]
  0x000000001501a000 JavaThread "C2 CompilerThread0" daemon [_thread_blocked, id=6708, stack(0x00000000165a0000,0x00000000166a0000)]
  0x0000000014fce800 JavaThread "Attach Listener" daemon [_thread_blocked, id=452, stack(0x00000000164a0000,0x00000000165a0000)]
  0x0000000014fb8000 JavaThread "Signal Dispatcher" daemon [_thread_blocked, id=8828, stack(0x00000000163a0000,0x00000000164a0000)]
  0x00000000028e7000 JavaThread "Finalizer" daemon [_thread_blocked, id=9080, stack(0x0000000016220000,0x0000000016320000)]
  0x00000000028de800 JavaThread "Reference Handler" daemon [_thread_blocked, id=6704, stack(0x0000000016120000,0x0000000016220000)]
  0x0000000000c9d800 JavaThread "main" [_thread_blocked, id=7496, stack(0x00000000026f0000,0x00000000027f0000)]

Other Threads:
  0x0000000014f87000 VMThread [stack: 0x0000000016020000,0x0000000016120000] [id=6044]
  0x000000001674d000 WatcherThread [stack: 0x0000000016da0000,0x0000000016ea0000] [id=4084]

VM state:at safepoint (normal execution)

VM Mutex/Monitor currently owned by a thread:  ([mutex/lock_event])
[0x0000000000c9d320] Threads_lock - owner thread: 0x0000000014f87000
[0x0000000000c9cd20] Heap_lock - owner thread: 0x0000000000c9d800

Heap:
 PSYoungGen      total 18944K, used 18913K [0x00000000eab00000, 0x00000000ec000000, 0x0000000100000000)
  eden space 16384K, 100% used [0x00000000eab00000,0x00000000ebb00000,0x00000000ebb00000)
  from space 2560K, 98% used [0x00000000ebb00000,0x00000000ebd78730,0x00000000ebd80000)
  to   space 2560K, 72% used [0x00000000ebd80000,0x00000000ebf52638,0x00000000ec000000)
 ParOldGen       total 44032K, used 1079K [0x00000000c0000000, 0x00000000c2b00000, 0x00000000eab00000)
  object space 44032K, 2% used [0x00000000c0000000,0x00000000c010dcc8,0x00000000c2b00000)
 Metaspace       used 6056K, capacity 6904K, committed 7040K, reserved 1056768K
  class space    used 603K, capacity 624K, committed 640K, reserved 1048576K

Card table byte_map: [0x0000000011cb0000,0x0000000011ec0000] byte_map_base: 0x00000000116b0000

Marking Bits: (ParMarkBitMap*) 0x00000000549ca5b0
 Begin Bits: [0x0000000012420000, 0x0000000013420000)
 End Bits:   [0x0000000013420000, 0x0000000014420000)

Polling page: 0x0000000000b40000

CodeCache: size=245760Kb used=4947Kb max_used=4959Kb free=240812Kb
 bounds [0x00000000028f0000, 0x0000000002dd0000, 0x00000000118f0000]
 total_blobs=1495 nmethods=1221 adapters=187
 compilation: enabled

Compilation events (10 events):
Event: 2.626 Thread 0x00000000166fa800 nmethod 1219 0x0000000002dc6490 code [0x0000000002dc65e0, 0x0000000002dc67d0]
Event: 2.626 Thread 0x00000000166fa800 1220       3       com.android.dx.rop.code.Rops::opMoveParam (69 bytes)
Event: 2.627 Thread 0x000000001501a000 1223       4       com.android.dx.rop.code.BasicBlock::getLastInsn (8 bytes)
Event: 2.627 Thread 0x00000000166fa800 nmethod 1220 0x0000000002dc5110 code [0x0000000002dc5340, 0x0000000002dc5f18]
Event: 2.627 Thread 0x00000000166fa800 1221       3       com.android.dx.ssa.BasicRegisterMapper::<init> (17 bytes)
Event: 2.627 Thread 0x00000000166fa800 nmethod 1221 0x0000000002dc4b90 code [0x0000000002dc4d00, 0x0000000002dc4fc8]
Event: 2.628 Thread 0x00000000166fa800 1222       3       com.android.dx.rop.code.BasicBlockList::<init> (11 bytes)
Event: 2.628 Thread 0x00000000166fa800 nmethod 1222 0x0000000002dc4650 code [0x0000000002dc47c0, 0x0000000002dc4a78]
Event: 2.628 Thread 0x000000001501a000 nmethod 1223 0x0000000002dc4250 code [0x0000000002dc43a0, 0x0000000002dc4498]
Event: 2.628 Thread 0x000000001501a000 1224       4       com.android.dx.rop.cst.CstBaseMethodRef::compareTo0 (29 bytes)

GC Heap History (3 events):
Event: 1.525 GC heap before
{Heap before GC invocations=1 (full 0):
 PSYoungGen      total 18944K, used 16384K [0x00000000eab00000, 0x00000000ec000000, 0x0000000100000000)
  eden space 16384K, 100% used [0x00000000eab00000,0x00000000ebb00000,0x00000000ebb00000)
  from space 2560K, 0% used [0x00000000ebd80000,0x00000000ebd80000,0x00000000ec000000)
  to   space 2560K, 0% used [0x00000000ebb00000,0x00000000ebb00000,0x00000000ebd80000)
 ParOldGen       total 44032K, used 0K [0x00000000c0000000, 0x00000000c2b00000, 0x00000000eab00000)
  object space 44032K, 0% used [0x00000000c0000000,0x00000000c0000000,0x00000000c2b00000)
 Metaspace       used 5554K, capacity 6454K, committed 6528K, reserved 1056768K
  class space    used 598K, capacity 622K, committed 640K, reserved 1048576K
Event: 1.539 GC heap after
Heap after GC invocations=1 (full 0):
 PSYoungGen      total 18944K, used 2529K [0x00000000eab00000, 0x00000000ec000000, 0x0000000100000000)
  eden space 16384K, 0% used [0x00000000eab00000,0x00000000eab00000,0x00000000ebb00000)
  from space 2560K, 98% used [0x00000000ebb00000,0x00000000ebd78730,0x00000000ebd80000)
  to   space 2560K, 0% used [0x00000000ebd80000,0x00000000ebd80000,0x00000000ec000000)
 ParOldGen       total 44032K, used 1071K [0x00000000c0000000, 0x00000000c2b00000, 0x00000000eab00000)
  object space 44032K, 2% used [0x00000000c0000000,0x00000000c010bcc8,0x00000000c2b00000)
 Metaspace       used 5554K, capacity 6454K, committed 6528K, reserved 1056768K
  class space    used 598K, capacity 622K, committed 640K, reserved 1048576K
}
Event: 2.630 GC heap before
{Heap before GC invocations=2 (full 0):
 PSYoungGen      total 18944K, used 18913K [0x00000000eab00000, 0x00000000ec000000, 0x0000000100000000)
  eden space 16384K, 100% used [0x00000000eab00000,0x00000000ebb00000,0x00000000ebb00000)
  from space 2560K, 98% used [0x00000000ebb00000,0x00000000ebd78730,0x00000000ebd80000)
  to   space 2560K, 0% used [0x00000000ebd80000,0x00000000ebd80000,0x00000000ec000000)
 ParOldGen       total 44032K, used 1071K [0x00000000c0000000, 0x00000000c2b00000, 0x00000000eab00000)
  object space 44032K, 2% used [0x00000000c0000000,0x00000000c010bcc8,0x00000000c2b00000)
 Metaspace       used 6056K, capacity 6904K, committed 7040K, reserved 1056768K
  class space    used 603K, capacity 624K, committed 640K, reserved 1048576K

Deoptimization events (10 events):
Event: 0.703 Thread 0x0000000000c9d800 Uncommon trap: reason=unstable_if action=reinterpret pc=0x0000000002a45c40 method=java.util.regex.Pattern$BnM.match(Ljava/util/regex/Matcher;ILjava/lang/CharSequence;)Z @ 56
Event: 1.552 Thread 0x0000000016922000 Uncommon trap: reason=unstable_if action=reinterpret pc=0x0000000002b008a0 method=java.util.HashMap.getNode(ILjava/lang/Object;)Ljava/util/HashMap$Node; @ 129
Event: 1.552 Thread 0x0000000016921800 Uncommon trap: reason=unstable_if action=reinterpret pc=0x0000000002b02270 method=java.util.BitSet.nextSetBit(I)I @ 87
Event: 1.812 Thread 0x0000000000c9d800 Uncommon trap: reason=unstable_if action=reinterpret pc=0x0000000002b3c3d0 method=java.lang.String.<init>([CII)V @ 18
Event: 2.176 Thread 0x0000000016922000 Uncommon trap: reason=unloaded action=reinterpret pc=0x0000000002beaec8 method=com.android.dx.ssa.SsaRenamer$BlockRenamer.visitMoveInsn(Lcom/android/dx/ssa/NormalSsaInsn;)V @ 208
Event: 2.176 Thread 0x0000000016922000 Uncommon trap: reason=unstable_if action=reinterpret pc=0x0000000002cb94d0 method=com.android.dx.ssa.NormalSsaInsn.getLocalAssignment()Lcom/android/dx/rop/code/RegisterSpec; @ 12
Event: 2.177 Thread 0x0000000016922000 Uncommon trap: reason=unstable_if action=reinterpret pc=0x0000000002c689a8 method=com.android.dx.ssa.NormalSsaInsn.getLocalAssignment()Lcom/android/dx/rop/code/RegisterSpec; @ 12
Event: 2.177 Thread 0x0000000016922000 Uncommon trap: reason=unstable_if action=reinterpret pc=0x0000000002c4c0b0 method=com.android.dx.ssa.NormalSsaInsn.getLocalAssignment()Lcom/android/dx/rop/code/RegisterSpec; @ 12
Event: 2.253 Thread 0x0000000000c9d800 Uncommon trap: reason=unstable_if action=reinterpret pc=0x0000000002b04f74 method=java.util.BitSet.ensureCapacity(I)V @ 6
Event: 2.415 Thread 0x0000000000c9d800 Uncommon trap: reason=class_check action=maybe_recompile pc=0x0000000002b99e24 method=com.android.dx.ssa.NormalSsaInsn.accept(Lcom/android/dx/ssa/SsaInsn$Visitor;)V @ 9

Internal exceptions (2 events):
Event: 0.075 Thread 0x0000000000c9d800 Exception <a 'java/lang/NoSuchMethodError': Method sun.misc.Unsafe.defineClass(Ljava/lang/String;[BII)Ljava/lang/Class; name or signature does not match> (0x00000000eab12fe0) thrown at [C:\workspace\8-2-build-windows-amd64-cygwin\jdk8u65\4987\hotspot\src\ssòé™–³?
Event: 0.075 Thread 0x0000000000c9d800 Exception <a 'java/lang/NoSuchMethodError': Method sun.misc.Unsafe.prefetchRead(Ljava/lang/Object;J)V name or signature does not match> (0x00000000eab132c8) thrown at [C:\workspace\8-2-build-windows-amd64-cygwin\jdk8u65\4987\hotspot\src\share\vm\prims\jni.

Events (10 events):
Event: 2.412 loading class java/util/TreeMap$EntrySet
Event: 2.412 loading class java/util/TreeMap$EntrySet done
Event: 2.412 loading class java/util/TreeMap$EntryIterator
Event: 2.413 loading class java/util/TreeMap$EntryIterator done
Event: 2.413 Executing VM operation: Deoptimize
Event: 2.413 Executing VM operation: Deoptimize done
Event: 2.415 Thread 0x0000000000c9d800 Uncommon trap: trap_request=0xffffffde fr.pc=0x0000000002b99e24
Event: 2.415 Thread 0x0000000000c9d800 DEOPT PACKING pc=0x0000000002b99e24 sp=0x00000000027ee050
Event: 2.415 Thread 0x0000000000c9d800 DEOPT UNPACKING pc=0x000000000293582a sp=0x00000000027ee070 mode 2
Event: 2.630 Executing VM operation: ParallelGCFailedAllocation


Dynamic libraries:
0x00007ff704e40000 - 0x00007ff704e77000 	C:\Program Files\Java\jdk1.8.0_65\bin\java.exe
0x00007ff94b770000 - 0x00007ff94b91c000 	C:\Windows\SYSTEM32\ntdll.dll
0x00007ff94a620000 - 0x00007ff94a75e000 	C:\Windows\system32\KERNEL32.DLL
0x00007ff948af0000 - 0x00007ff948c05000 	C:\Windows\system32\KERNELBASE.dll
0x00007ff947460000 - 0x00007ff9474ee000 	C:\Windows\system32\apphelp.dll
0x00007ff9318b0000 - 0x00007ff931903000 	C:\Windows\AppPatch\AppPatch64\AcGenral.DLL
0x00007ff94b330000 - 0x00007ff94b3da000 	C:\Windows\system32\msvcrt.dll
0x00007ff948760000 - 0x00007ff94878e000 	C:\Windows\SYSTEM32\SspiCli.dll
0x00007ff94a8f0000 - 0x00007ff94a944000 	C:\Windows\system32\SHLWAPI.dll
0x00007ff94a770000 - 0x00007ff94a8e7000 	C:\Windows\system32\USER32.dll
0x00007ff94ab30000 - 0x00007ff94acc4000 	C:\Windows\system32\ole32.dll
0x00007ff949030000 - 0x00007ff94a55b000 	C:\Windows\system32\SHELL32.dll
0x00007ff947ee0000 - 0x00007ff947f01000 	C:\Windows\SYSTEM32\USERENV.dll
0x00007ff94aa80000 - 0x00007ff94ab2a000 	C:\Windows\system32\ADVAPI32.dll
0x00007ff93b590000 - 0x00007ff93b5ae000 	C:\Windows\SYSTEM32\MPR.dll
0x00007ff948e80000 - 0x00007ff948fc1000 	C:\Windows\system32\RPCRT4.dll
0x00007ff94aed0000 - 0x00007ff94af29000 	C:\Windows\SYSTEM32\sechost.dll
0x00007ff94b3e0000 - 0x00007ff94b5f1000 	C:\Windows\SYSTEM32\combase.dll
0x00007ff94af30000 - 0x00007ff94b07f000 	C:\Windows\system32\GDI32.dll
0x00007ff9488c0000 - 0x00007ff9488d5000 	C:\Windows\SYSTEM32\profapi.dll
0x00007ff946c80000 - 0x00007ff946d32000 	C:\Windows\SYSTEM32\SHCORE.dll
0x00007ff94ae80000 - 0x00007ff94aeb6000 	C:\Windows\system32\IMM32.DLL
0x00007ff94b610000 - 0x00007ff94b762000 	C:\Windows\system32\MSCTF.dll
0x00007ff946120000 - 0x00007ff94639b000 	C:\Windows\WinSxS\amd64_microsoft.windows.common-controls_6595b64144ccf1df_6.0.9600.18006_none_623f33d3ecbe86e8\COMCTL32.dll
0x00000000540e0000 - 0x00000000541b2000 	C:\Program Files\Java\jdk1.8.0_65\jre\bin\msvcr100.dll
0x00000000541c0000 - 0x0000000054a49000 	C:\Program Files\Java\jdk1.8.0_65\jre\bin\server\jvm.dll
0x00007ff93f2f0000 - 0x00007ff93f2f9000 	C:\Windows\SYSTEM32\WSOCK32.dll
0x00007ff941bc0000 - 0x00007ff941be2000 	C:\Windows\SYSTEM32\WINMM.dll
0x00007ff93f2e0000 - 0x00007ff93f2ea000 	C:\Windows\SYSTEM32\VERSION.dll
0x00007ff94b600000 - 0x00007ff94b607000 	C:\Windows\system32\PSAPI.DLL
0x00007ff94aa20000 - 0x00007ff94aa7a000 	C:\Windows\system32\WS2_32.dll
0x00007ff9417f0000 - 0x00007ff94181a000 	C:\Windows\SYSTEM32\WINMMBASE.dll
0x00007ff94b260000 - 0x00007ff94b269000 	C:\Windows\system32\NSI.dll
0x00007ff948aa0000 - 0x00007ff948aef000 	C:\Windows\SYSTEM32\cfgmgr32.dll
0x00007ff9476e0000 - 0x00007ff947708000 	C:\Windows\SYSTEM32\DEVOBJ.dll
0x00000000550a0000 - 0x00000000550af000 	C:\Program Files\Java\jdk1.8.0_65\jre\bin\verify.dll
0x0000000055070000 - 0x0000000055099000 	C:\Program Files\Java\jdk1.8.0_65\jre\bin\java.dll
0x0000000055050000 - 0x0000000055066000 	C:\Program Files\Java\jdk1.8.0_65\jre\bin\zip.dll

VM Arguments:
jvm_args: -Xmx1024M -Dfile.encoding=x-windows-949 -Duser.country=KR -Duser.language=ko -Duser.variant 
java_command: com.android.dx.command.Main --dex --num-threads=4 --output C:\Users\Public\Downloads\MyApplication5_1\app\build\intermediates\pre-dexed\debug\classes-9bea1dd2bc95bb131e103b339609e934b63d3c8e.jar C:\Users\Public\Downloads\MyApplication5_1\app\build\intermediates\exploded-aar\com.google.android.gms\play-services-analytics\8.1.0\jars\classes.jar
java_class_path (initial): C:\Users\Public\Downloads\build-tools\23.0.2\lib\dx.jar
Launcher Type: SUN_STANDARD

Environment Variables:
JAVA_HOME=C:\Program Files (x86)\Java\jdk1.8.0_51
CLASSPATH=.;C:\Program Files (x86)\Java\jdk1.8.0_51\bin;
PATH=C:\ProgramData\Oracle\Java\javapath;C:\Program Files\Intel\WiFi\bin\;C:\Program Files\Common Files\Intel\WirelessCommon\;C:\Program Files (x86)\Java\jdk1.8.0_51\bin;C:\Program Files\Microsoft\Web Platform Installer\;C:\Program Files (x86)\Windows Kits\8.1\Windows Performance Toolkit\C:\Windows\system32;C:\Windows;C:\Program Files\Intel\WiFi\bin\;C:\Program Files\Common Files\Intel\WirelessCommon\;C:\Program Files (x86)\Java\jdk1.8.0_51\bin;C:\Users\Çý·É\AppData\Local\Programs\Git\cmd;C:\Users\Çý·É\AppData\Local\Programs\Git\mingw64\bin;C:\Users\Çý·É\AppData\Local\Programs\Git\usr\bin
USERNAME=Çý·É
OS=Windows_NT
PROCESSOR_IDENTIFIER=Intel64 Family 6 Model 61 Stepping 4, GenuineIntel



---------------  S Y S T E M  ---------------

OS: Windows 8.1 , 64 bit Build 9600 (6.3.9600.17415)

CPU:total 4 (2 cores per cpu, 2 threads per core) family 6 model 61 stepping 4, cmov, cx8, fxsr, mmx, sse, sse2, sse3, ssse3, sse4.1, sse4.2, popcnt, avx, avx2, aes, clmul, erms, 3dnowpref, lzcnt, ht, tsc, tscinvbit, bmi1, bmi2, adx

Memory: 4k page, physical 4097964k(225260k free), swap 7243692k(4116k free)

vm_info: Java HotSpot(TM) 64-Bit Server VM (25.65-b01) for windows-amd64 JRE (1.8.0_65-b17), built on Oct  6 2015 16:39:20 by "java_re" with MS VC++ 10.0 (VS2010)

time: Thu Dec 03 19:49:31 2015
elapsed time: 2 seconds (0d 0h 0m 2s)

