#
# There is insufficient memory for the Java Runtime Environment to continue.
# Native memory allocation (malloc) failed to allocate 32744 bytes for ChunkPool::allocate
# Possible reasons:
#   The system is out of physical RAM or swap space
#   In 32 bit mode, the process size limit was hit
# Possible solutions:
#   Reduce memory load on the system
#   Increase physical memory or swap space
#   Check if swap backing store is full
#   Use 64 bit Java on a 64 bit OS
#   Decrease Java heap size (-Xmx/-Xms)
#   Decrease number of Java threads
#   Decrease Java thread stack sizes (-Xss)
#   Set larger code cache with -XX:ReservedCodeCacheSize=
# This output file may be truncated or incomplete.
#
#  Out of Memory Error (allocation.cpp:273), pid=6744, tid=7612
#
# JRE version: Java(TM) SE Runtime Environment (8.0_65-b17) (build 1.8.0_65-b17)
# Java VM: Java HotSpot(TM) 64-Bit Server VM (25.65-b01 mixed mode windows-amd64 compressed oops)
# Failed to write core dump. Minidumps are not enabled by default on client versions of Windows
#

---------------  T H R E A D  ---------------

Current thread (0x0000000014ade800):  JavaThread "C2 CompilerThread1" daemon [_thread_in_native, id=7612, stack(0x0000000016570000,0x0000000016670000)]

Stack: [0x0000000016570000,0x0000000016670000]
[error occurred during error reporting (printing stack bounds), id 0xc0000005]

Native frames: (J=compiled Java code, j=interpreted, Vv=VM code, C=native code)


Current CompileTask:
C2:   2093  641       4       java.util.ArrayList::remove (69 bytes)


---------------  P R O C E S S  ---------------

Java Threads: ( => current thread )
  0x0000000016368000 JavaThread "pool-1-thread-4" [_thread_in_Java, id=8816, stack(0x0000000016d70000,0x0000000016e70000)]
  0x0000000016351000 JavaThread "pool-1-thread-3" [_thread_in_vm, id=4696, stack(0x0000000016c70000,0x0000000016d70000)]
  0x0000000016350800 JavaThread "pool-1-thread-2" [_thread_in_vm, id=2260, stack(0x0000000016b70000,0x0000000016c70000)]
  0x0000000016315000 JavaThread "pool-2-thread-1" [_thread_blocked, id=6828, stack(0x0000000016a70000,0x0000000016b70000)]
  0x0000000016314000 JavaThread "pool-1-thread-1" [_thread_in_vm, id=3988, stack(0x0000000016970000,0x0000000016a70000)]
  0x00000000161d1000 JavaThread "Service Thread" daemon [_thread_blocked, id=8612, stack(0x0000000016770000,0x0000000016870000)]
  0x00000000161cb000 JavaThread "C1 CompilerThread2" daemon [_thread_in_native, id=5112, stack(0x0000000016670000,0x0000000016770000)]
=>0x0000000014ade800 JavaThread "C2 CompilerThread1" daemon [_thread_in_native, id=7612, stack(0x0000000016570000,0x0000000016670000)]
  0x0000000014ada000 JavaThread "C2 CompilerThread0" daemon [_thread_in_native, id=404, stack(0x0000000016070000,0x0000000016170000)]
  0x0000000014a8c800 JavaThread "Attach Listener" daemon [_thread_blocked, id=9016, stack(0x0000000015f70000,0x0000000016070000)]
  0x0000000014a8b800 JavaThread "Signal Dispatcher" daemon [_thread_blocked, id=6636, stack(0x0000000015e70000,0x0000000015f70000)]
  0x00000000023a6000 JavaThread "Finalizer" daemon [_thread_blocked, id=5808, stack(0x0000000015cf0000,0x0000000015df0000)]
  0x000000000239d000 JavaThread "Reference Handler" daemon [_thread_blocked, id=8108, stack(0x0000000015bf0000,0x0000000015cf0000)]
  0x00000000021ad800 JavaThread "main" [_thread_in_Java, id=5468, stack(0x00000000021b0000,0x00000000022b0000)]

Other Threads:
  0x0000000014a48000 VMThread [stack: 0x0000000015af0000,0x0000000015bf0000] [id=8240]
  0x000000001622b800 WatcherThread [stack: 0x0000000016870000,0x0000000016970000] [id=4196]

VM state:not at safepoint (normal execution)

VM Mutex/Monitor currently owned by a thread: None

Heap:
 PSYoungGen      total 18944K, used 12486K [0x00000000eab00000, 0x00000000ec000000, 0x0000000100000000)
  eden space 16384K, 76% used [0x00000000eab00000,0x00000000eb731ba8,0x00000000ebb00000)
  from space 2560K, 0% used [0x00000000ebd80000,0x00000000ebd80000,0x00000000ec000000)
  to   space 2560K, 0% used [0x00000000ebb00000,0x00000000ebb00000,0x00000000ebd80000)
 ParOldGen       total 44032K, used 0K [0x00000000c0000000, 0x00000000c2b00000, 0x00000000eab00000)
  object space 44032K, 0% used [0x00000000c0000000,0x00000000c0000000,0x00000000c2b00000)
 Metaspace       used 5654K, capacity 6582K, committed 6784K, reserved 1056768K
  class space    used 599K, capacity 622K, committed 640K, reserved 1048576K

Card table byte_map: [0x0000000011770000,0x0000000011980000] byte_map_base: 0x0000000011170000

Marking Bits: (ParMarkBitMap*) 0x00000000549ca5b0
 Begin Bits: [0x0000000011ee0000, 0x0000000012ee0000)
 End Bits:   [0x0000000012ee0000, 0x0000000013ee0000)

Polling page: 0x0000000000570000

CodeCache: size=245760Kb used=2378Kb max_used=2389Kb free=243381Kb
 bounds [0x00000000023b0000, 0x0000000002620000, 0x00000000113b0000]
 total_blobs=895 nmethods=624 adapters=184
 compilation: enabled

Compilation events (10 events):
Event: 2.079 Thread 0x0000000014ade800 nmethod 638 0x00000000025f6850 code [0x00000000025f69a0, 0x00000000025f6a58]
Event: 2.080 Thread 0x0000000014ade800  639       4       java.util.ArrayList::ensureExplicitCapacity (26 bytes)
Event: 2.080 Thread 0x00000000161cb000 nmethod 622 0x00000000025fe850 code [0x00000000025fee60, 0x00000000026037f8]
Event: 2.080 Thread 0x00000000161cb000  636       1       com.android.dx.ssa.Optimizer::getPreserveLocals (4 bytes)
Event: 2.080 Thread 0x00000000161cb000 nmethod 636 0x00000000025f6590 code [0x00000000025f66e0, 0x00000000025f67d0]
Event: 2.080 Thread 0x00000000161cb000  621   !   3       com.android.dx.cf.code.RopperMachine::run (1550 bytes)
Event: 2.084 Thread 0x0000000014ade800 nmethod 639 0x00000000025f6090 code [0x00000000025f61e0, 0x00000000025f6438]
Event: 2.084 Thread 0x0000000014ade800  640       4       com.android.dx.rop.type.Type::hashCode (8 bytes)
Event: 2.088 Thread 0x0000000014ade800 nmethod 640 0x0000000002606e10 code [0x0000000002606f40, 0x00000000026070b8]
Event: 2.090 Thread 0x0000000014ade800  641       4       java.util.ArrayList::remove (69 bytes)

GC Heap History (0 events):
No events

Deoptimization events (0 events):
No events

Internal exceptions (2 events):
Event: 0.287 Thread 0x00000000021ad800 Exception <a 'java/lang/NoSuchMethodError': Method sun.misc.Unsafe.defineClass(Ljava/lang/String;[BII)Ljava/lang/Class; name or signature does not match> (0x00000000eab13068) thrown at [C:\workspace\8-2-build-windows-amd64-cygwin\jdk8u65\4987\hotspot\src\smv7áSZÒ?
Event: 0.287 Thread 0x00000000021ad800 Exception <a 'java/lang/NoSuchMethodError': Method sun.misc.Unsafe.prefetchRead(Ljava/lang/Object;J)V name or signature does not match> (0x00000000eab13350) thrown at [C:\workspace\8-2-build-windows-amd64-cygwin\jdk8u65\4987\hotspot\src\share\vm\prims\jni.

Events (10 events):
Event: 1.940 loading class java/util/TreeMap$EntrySet
Event: 1.941 loading class java/util/TreeMap$EntrySet done
Event: 1.941 loading class java/util/TreeMap$EntryIterator
Event: 1.941 loading class java/util/TreeMap$EntryIterator done
Event: 2.017 loading class com/android/dx/rop/code/RegOps
Event: 2.017 loading class com/android/dx/rop/code/RegOps done
Event: 2.026 loading class java/util/ArrayList$1
Event: 2.026 loading class java/util/ArrayList$1 done
Event: 2.067 loading class com/android/dx/cf/code/BytecodeArray$ConstantParserVisitor
Event: 2.067 loading class com/android/dx/cf/code/BytecodeArray$ConstantParserVisitor done


Dynamic libraries:
0x00007ff704e40000 - 0x00007ff704e77000 	C:\Program Files\Java\jdk1.8.0_65\bin\java.exe
0x00007ff94b770000 - 0x00007ff94b91c000 	C:\Windows\SYSTEM32\ntdll.dll
0x00007ff94a620000 - 0x00007ff94a75e000 	C:\Windows\system32\KERNEL32.DLL
0x00007ff948af0000 - 0x00007ff948c05000 	C:\Windows\system32\KERNELBASE.dll
0x00007ff947460000 - 0x00007ff9474ee000 	C:\Windows\system32\apphelp.dll
0x00007ff9318b0000 - 0x00007ff931903000 	C:\Windows\AppPatch\AppPatch64\AcGenral.DLL
0x00007ff94b330000 - 0x00007ff94b3da000 	C:\Windows\system32\msvcrt.dll
0x00007ff948760000 - 0x00007ff94878e000 	C:\Windows\SYSTEM32\SspiCli.dll
0x00007ff94a8f0000 - 0x00007ff94a944000 	C:\Windows\system32\SHLWAPI.dll
0x00007ff94a770000 - 0x00007ff94a8e7000 	C:\Windows\system32\USER32.dll
0x00007ff94ab30000 - 0x00007ff94acc4000 	C:\Windows\system32\ole32.dll
0x00007ff949030000 - 0x00007ff94a55b000 	C:\Windows\system32\SHELL32.dll
0x00007ff947ee0000 - 0x00007ff947f01000 	C:\Windows\SYSTEM32\USERENV.dll
0x00007ff94aa80000 - 0x00007ff94ab2a000 	C:\Windows\system32\ADVAPI32.dll
0x00007ff93b590000 - 0x00007ff93b5ae000 	C:\Windows\SYSTEM32\MPR.dll
0x00007ff948e80000 - 0x00007ff948fc1000 	C:\Windows\system32\RPCRT4.dll
0x00007ff94aed0000 - 0x00007ff94af29000 	C:\Windows\SYSTEM32\sechost.dll
0x00007ff94b3e0000 - 0x00007ff94b5f1000 	C:\Windows\SYSTEM32\combase.dll
0x00007ff94af30000 - 0x00007ff94b07f000 	C:\Windows\system32\GDI32.dll
0x00007ff9488c0000 - 0x00007ff9488d5000 	C:\Windows\SYSTEM32\profapi.dll
0x00007ff946c80000 - 0x00007ff946d32000 	C:\Windows\SYSTEM32\SHCORE.dll
0x00007ff94ae80000 - 0x00007ff94aeb6000 	C:\Windows\system32\IMM32.DLL
0x00007ff94b610000 - 0x00007ff94b762000 	C:\Windows\system32\MSCTF.dll
0x00007ff946120000 - 0x00007ff94639b000 	C:\Windows\WinSxS\amd64_microsoft.windows.common-controls_6595b64144ccf1df_6.0.9600.18006_none_623f33d3ecbe86e8\COMCTL32.dll
0x00000000540e0000 - 0x00000000541b2000 	C:\Program Files\Java\jdk1.8.0_65\jre\bin\msvcr100.dll
0x00000000541c0000 - 0x0000000054a49000 	C:\Program Files\Java\jdk1.8.0_65\jre\bin\server\jvm.dll
0x00007ff93f2f0000 - 0x00007ff93f2f9000 	C:\Windows\SYSTEM32\WSOCK32.dll
0x00007ff941bc0000 - 0x00007ff941be2000 	C:\Windows\SYSTEM32\WINMM.dll
0x00007ff93f2e0000 - 0x00007ff93f2ea000 	C:\Windows\SYSTEM32\VERSION.dll
0x00007ff94b600000 - 0x00007ff94b607000 	C:\Windows\system32\PSAPI.DLL
0x00007ff94aa20000 - 0x00007ff94aa7a000 	C:\Windows\system32\WS2_32.dll
0x00007ff9417f0000 - 0x00007ff94181a000 	C:\Windows\SYSTEM32\WINMMBASE.dll
0x00007ff94b260000 - 0x00007ff94b269000 	C:\Windows\system32\NSI.dll
0x00007ff948aa0000 - 0x00007ff948aef000 	C:\Windows\SYSTEM32\cfgmgr32.dll
0x00007ff9476e0000 - 0x00007ff947708000 	C:\Windows\SYSTEM32\DEVOBJ.dll
0x00000000550a0000 - 0x00000000550af000 	C:\Program Files\Java\jdk1.8.0_65\jre\bin\verify.dll
0x0000000055070000 - 0x0000000055099000 	C:\Program Files\Java\jdk1.8.0_65\jre\bin\java.dll
0x0000000055050000 - 0x0000000055066000 	C:\Program Files\Java\jdk1.8.0_65\jre\bin\zip.dll

VM Arguments:
jvm_args: -Xmx1024M -Dfile.encoding=x-windows-949 -Duser.country=KR -Duser.language=ko -Duser.variant 
java_command: com.android.dx.command.Main --dex --num-threads=4 --output C:\Users\Public\Downloads\MyApplication5_1\app\build\intermediates\pre-dexed\debug\classes-37320152deea2d67c69d347f801538c3df9446bc.jar C:\Users\Public\Downloads\MyApplication5_1\app\build\intermediates\exploded-aar\com.google.android.gms\play-services-safetynet\8.1.0\jars\classes.jar
java_class_path (initial): C:\Users\Public\Downloads\build-tools\23.0.2\lib\dx.jar
Launcher Type: SUN_STANDARD

Environment Variables:
JAVA_HOME=C:\Program Files (x86)\Java\jdk1.8.0_51
CLASSPATH=.;C:\Program Files (x86)\Java\jdk1.8.0_51\bin;
PATH=C:\ProgramData\Oracle\Java\javapath;C:\Program Files\Intel\WiFi\bin\;C:\Program Files\Common Files\Intel\WirelessCommon\;C:\Program Files (x86)\Java\jdk1.8.0_51\bin;C:\Program Files\Microsoft\Web Platform Installer\;C:\Program Files (x86)\Windows Kits\8.1\Windows Performance Toolkit\C:\Windows\system32;C:\Windows;C:\Program Files\Intel\WiFi\bin\;C:\Program Files\Common Files\Intel\WirelessCommon\;C:\Program Files (x86)\Java\jdk1.8.0_51\bin;C:\Users\Çý·É\AppData\Local\Programs\Git\cmd;C:\Users\Çý·É\AppData\Local\Programs\Git\mingw64\bin;C:\Users\Çý·É\AppData\Local\Programs\Git\usr\bin
USERNAME=Çý·É
OS=Windows_NT
PROCESSOR_IDENTIFIER=Intel64 Family 6 Model 61 Stepping 4, GenuineIntel



---------------  S Y S T E M  ---------------

OS: Windows 8.1 , 64 bit Build 9600 (6.3.9600.17415)

CPU:total 4 (2 cores per cpu, 2 threads per core) family 6 model 61 stepping 4, cmov, cx8, fxsr, mmx, sse, sse2, sse3, ssse3, sse4.1, sse4.2, popcnt, avx, avx2, aes, clmul, erms, 3dnowpref, lzcnt, ht, tsc, tscinvbit, bmi1, bmi2, adx

Memory: 4k page, physical 4097964k(349808k free), swap 7243692k(5028k free)

vm_info: Java HotSpot(TM) 64-Bit Server VM (25.65-b01) for windows-amd64 JRE (1.8.0_65-b17), built on Oct  6 2015 16:39:20 by "java_re" with MS VC++ 10.0 (VS2010)

time: Thu Dec 03 19:51:50 2015
elapsed time: 2 seconds (0d 0h 0m 2s)

