#
# There is insufficient memory for the Java Runtime Environment to continue.
# Native memory allocation (malloc) failed to allocate 545136 bytes for Chunk::new
# Possible reasons:
#   The system is out of physical RAM or swap space
#   In 32 bit mode, the process size limit was hit
# Possible solutions:
#   Reduce memory load on the system
#   Increase physical memory or swap space
#   Check if swap backing store is full
#   Use 64 bit Java on a 64 bit OS
#   Decrease Java heap size (-Xmx/-Xms)
#   Decrease number of Java threads
#   Decrease Java thread stack sizes (-Xss)
#   Set larger code cache with -XX:ReservedCodeCacheSize=
# This output file may be truncated or incomplete.
#
#  Out of Memory Error (allocation.cpp:390), pid=2868, tid=3592
#
# JRE version: Java(TM) SE Runtime Environment (8.0_65-b17) (build 1.8.0_65-b17)
# Java VM: Java HotSpot(TM) 64-Bit Server VM (25.65-b01 mixed mode windows-amd64 compressed oops)
# Failed to write core dump. Minidumps are not enabled by default on client versions of Windows
#

---------------  T H R E A D  ---------------

Current thread (0x00000000169f4800):  JavaThread "C2 CompilerThread1" daemon [_thread_in_native, id=3592, stack(0x0000000016da0000,0x0000000016ea0000)]

Stack: [0x0000000016da0000,0x0000000016ea0000]
[error occurred during error reporting (printing stack bounds), id 0xc0000005]

Native frames: (J=compiled Java code, j=interpreted, Vv=VM code, C=native code)


Current CompileTask:
C2:   4953 1131       4       com.android.dx.ssa.SCCP::simulateStmt (481 bytes)


---------------  P R O C E S S  ---------------

Java Threads: ( => current thread )
  0x0000000016d2b000 JavaThread "pool-1-thread-4" [_thread_blocked, id=8420, stack(0x00000000175a0000,0x00000000176a0000)]
  0x0000000016d26800 JavaThread "pool-1-thread-3" [_thread_in_Java, id=6836, stack(0x00000000174a0000,0x00000000175a0000)]
  0x0000000016c2f800 JavaThread "pool-1-thread-2" [_thread_blocked, id=3792, stack(0x00000000173a0000,0x00000000174a0000)]
  0x0000000016ced000 JavaThread "pool-2-thread-1" [_thread_blocked, id=9000, stack(0x00000000172a0000,0x00000000173a0000)]
  0x0000000016ce7000 JavaThread "pool-1-thread-1" [_thread_in_Java, id=8816, stack(0x00000000171a0000,0x00000000172a0000)]
  0x0000000016a06000 JavaThread "Service Thread" daemon [_thread_blocked, id=2948, stack(0x0000000016fa0000,0x00000000170a0000)]
  0x00000000169f7000 JavaThread "C1 CompilerThread2" daemon [_thread_in_native, id=6284, stack(0x0000000016ea0000,0x0000000016fa0000)]
=>0x00000000169f4800 JavaThread "C2 CompilerThread1" daemon [_thread_in_native, id=3592, stack(0x0000000016da0000,0x0000000016ea0000)]
  0x00000000153aa000 JavaThread "C2 CompilerThread0" daemon [_thread_in_native, id=80, stack(0x00000000168a0000,0x00000000169a0000)]
  0x000000001535e800 JavaThread "Attach Listener" daemon [_thread_blocked, id=4576, stack(0x00000000167a0000,0x00000000168a0000)]
  0x0000000015348000 JavaThread "Signal Dispatcher" daemon [_thread_blocked, id=7052, stack(0x00000000166a0000,0x00000000167a0000)]
  0x0000000002c76000 JavaThread "Finalizer" daemon [_thread_blocked, id=4048, stack(0x00000000165a0000,0x00000000166a0000)]
  0x0000000002c6d000 JavaThread "Reference Handler" daemon [_thread_blocked, id=4196, stack(0x00000000164a0000,0x00000000165a0000)]
  0x0000000002b7d800 JavaThread "main" [_thread_blocked, id=4988, stack(0x00000000029a0000,0x0000000002aa0000)]

Other Threads:
  0x0000000015318000 VMThread [stack: 0x00000000163a0000,0x00000000164a0000] [id=6656]
  0x0000000016a6a000 WatcherThread [stack: 0x00000000170a0000,0x00000000171a0000] [id=8572]

VM state:not at safepoint (normal execution)

VM Mutex/Monitor currently owned by a thread: None

Heap:
 PSYoungGen      total 18944K, used 18449K [0x00000000eab00000, 0x00000000ec000000, 0x0000000100000000)
  eden space 16384K, 97% used [0x00000000eab00000,0x00000000eba86b00,0x00000000ebb00000)
  from space 2560K, 99% used [0x00000000ebb00000,0x00000000ebd7da78,0x00000000ebd80000)
  to   space 2560K, 0% used [0x00000000ebd80000,0x00000000ebd80000,0x00000000ec000000)
 ParOldGen       total 44032K, used 2128K [0x00000000c0000000, 0x00000000c2b00000, 0x00000000eab00000)
  object space 44032K, 4% used [0x00000000c0000000,0x00000000c0214028,0x00000000c2b00000)
 Metaspace       used 5984K, capacity 6840K, committed 7040K, reserved 1056768K
  class space    used 604K, capacity 624K, committed 640K, reserved 1048576K

Card table byte_map: [0x0000000012040000,0x0000000012250000] byte_map_base: 0x0000000011a40000

Marking Bits: (ParMarkBitMap*) 0x00000000549ca5b0
 Begin Bits: [0x00000000127b0000, 0x00000000137b0000)
 End Bits:   [0x00000000137b0000, 0x00000000147b0000)

Polling page: 0x0000000000ef0000

CodeCache: size=245760Kb used=4438Kb max_used=4438Kb free=241321Kb
 bounds [0x0000000002c80000, 0x00000000030e0000, 0x0000000011c80000]
 total_blobs=1425 nmethods=1151 adapters=187
 compilation: enabled

Compilation events (10 events):
Event: 4.939 Thread 0x00000000169f7000 nmethod 1160 0x00000000030c9f50 code [0x00000000030ca1e0, 0x00000000030cb358]
Event: 4.939 Thread 0x00000000169f7000 1162       1       java.util.HashMap::afterNodeAccess (1 bytes)
Event: 4.939 Thread 0x00000000169f7000 nmethod 1162 0x00000000030a9310 code [0x00000000030a9460, 0x00000000030a9570]
Event: 4.939 Thread 0x00000000169f7000 1164       3       com.android.dx.ssa.SsaConverter::placePhiFunctions (394 bytes)
Event: 4.946 Thread 0x00000000169f7000 nmethod 1164 0x00000000030cbb50 code [0x00000000030cc100, 0x00000000030cf728]
Event: 4.947 Thread 0x00000000169f7000 1167       1       com.android.dx.rop.cst.CstString::getType (4 bytes)
Event: 4.947 Thread 0x00000000169f7000 nmethod 1167 0x00000000030d2f10 code [0x00000000030d3060, 0x00000000030d3170]
Event: 4.947 Thread 0x00000000169f7000 1163       3       com.android.dx.ssa.DomFront::calcDomFronts (154 bytes)
Event: 4.949 Thread 0x00000000169f7000 nmethod 1163 0x00000000030d46d0 code [0x00000000030d4960, 0x00000000030d5908]
Event: 4.949 Thread 0x00000000169f7000 1172       3       com.android.dx.cf.code.BaseMachine::popArgs (127 bytes)

GC Heap History (2 events):
Event: 3.303 GC heap before
{Heap before GC invocations=1 (full 0):
 PSYoungGen      total 18944K, used 16384K [0x00000000eab00000, 0x00000000ec000000, 0x0000000100000000)
  eden space 16384K, 100% used [0x00000000eab00000,0x00000000ebb00000,0x00000000ebb00000)
  from space 2560K, 0% used [0x00000000ebd80000,0x00000000ebd80000,0x00000000ec000000)
  to   space 2560K, 0% used [0x00000000ebb00000,0x00000000ebb00000,0x00000000ebd80000)
 ParOldGen       total 44032K, used 0K [0x00000000c0000000, 0x00000000c2b00000, 0x00000000eab00000)
  object space 44032K, 0% used [0x00000000c0000000,0x00000000c0000000,0x00000000c2b00000)
 Metaspace       used 5771K, capacity 6646K, committed 6784K, reserved 1056768K
  class space    used 598K, capacity 622K, committed 640K, reserved 1048576K
Event: 3.419 GC heap after
Heap after GC invocations=1 (full 0):
 PSYoungGen      total 18944K, used 2550K [0x00000000eab00000, 0x00000000ec000000, 0x0000000100000000)
  eden space 16384K, 0% used [0x00000000eab00000,0x00000000eab00000,0x00000000ebb00000)
  from space 2560K, 99% used [0x00000000ebb00000,0x00000000ebd7da78,0x00000000ebd80000)
  to   space 2560K, 0% used [0x00000000ebd80000,0x00000000ebd80000,0x00000000ec000000)
 ParOldGen       total 44032K, used 2128K [0x00000000c0000000, 0x00000000c2b00000, 0x00000000eab00000)
  object space 44032K, 4% used [0x00000000c0000000,0x00000000c0214028,0x00000000c2b00000)
 Metaspace       used 5771K, capacity 6646K, committed 6784K, reserved 1056768K
  class space    used 598K, capacity 622K, committed 640K, reserved 1048576K
}

Deoptimization events (8 events):
Event: 3.103 Thread 0x0000000016c2f800 Uncommon trap: reason=unstable_if action=reinterpret pc=0x0000000002eb3ef0 method=java.util.BitSet.nextSetBit(I)I @ 87
Event: 3.170 Thread 0x0000000016d26800 Uncommon trap: reason=unstable_if action=reinterpret pc=0x0000000002ede9f4 method=java.util.BitSet.ensureCapacity(I)V @ 6
Event: 3.170 Thread 0x0000000016d26800 Uncommon trap: reason=unstable_if action=reinterpret pc=0x0000000002ee28f0 method=java.util.BitSet.ensureCapacity(I)V @ 6
Event: 4.470 Thread 0x0000000016d26800 Uncommon trap: reason=class_check action=maybe_recompile pc=0x0000000002f8c8d0 method=com.android.dx.ssa.NormalSsaInsn.accept(Lcom/android/dx/ssa/SsaInsn$Visitor;)V @ 9
Event: 4.477 Thread 0x0000000016d26800 Uncommon trap: reason=class_check action=maybe_recompile pc=0x0000000002ee1970 method=com.android.dx.ssa.NormalSsaInsn.accept(Lcom/android/dx/ssa/SsaInsn$Visitor;)V @ 9
Event: 4.477 Thread 0x0000000016d26800 Uncommon trap: reason=class_check action=maybe_recompile pc=0x0000000002ee1970 method=com.android.dx.ssa.NormalSsaInsn.accept(Lcom/android/dx/ssa/SsaInsn$Visitor;)V @ 9
Event: 4.477 Thread 0x0000000016d26800 Uncommon trap: reason=class_check action=maybe_recompile pc=0x0000000002ee1970 method=com.android.dx.ssa.NormalSsaInsn.accept(Lcom/android/dx/ssa/SsaInsn$Visitor;)V @ 9
Event: 4.490 Thread 0x0000000016d2b000 Uncommon trap: reason=class_check action=maybe_recompile pc=0x0000000002f8c8d0 method=com.android.dx.ssa.NormalSsaInsn.accept(Lcom/android/dx/ssa/SsaInsn$Visitor;)V @ 9

Internal exceptions (2 events):
Event: 0.201 Thread 0x0000000002b7d800 Exception <a 'java/lang/NoSuchMethodError': Method sun.misc.Unsafe.defineClass(Ljava/lang/String;[BII)Ljava/lang/Class; name or signature does not match> (0x00000000eab12d70) thrown at [C:\workspace\8-2-build-windows-amd64-cygwin\jdk8u65\4987\hotspot\src\sGmI%ÈÉ?
Event: 0.201 Thread 0x0000000002b7d800 Exception <a 'java/lang/NoSuchMethodError': Method sun.misc.Unsafe.prefetchRead(Ljava/lang/Object;J)V name or signature does not match> (0x00000000eab13058) thrown at [C:\workspace\8-2-build-windows-amd64-cygwin\jdk8u65\4987\hotspot\src\share\vm\prims\jni.

Events (10 events):
Event: 4.493 loading class com/android/dx/cf/direct/AnnotationParser
Event: 4.493 loading class com/android/dx/cf/direct/AnnotationParser done
Event: 4.495 loading class com/android/dx/cf/attrib/AttRuntimeVisibleAnnotations
Event: 4.495 loading class com/android/dx/cf/attrib/AttRuntimeVisibleAnnotations done
Event: 4.496 loading class com/android/dx/cf/attrib/BaseAnnotations
Event: 4.496 loading class com/android/dx/cf/attrib/BaseAnnotations done
Event: 4.498 loading class com/android/dx/cf/attrib/AttLocalVariableTypeTable
Event: 4.498 loading class com/android/dx/cf/attrib/AttLocalVariableTypeTable done
Event: 4.821 Executing VM operation: EnableBiasedLocking
Event: 4.872 Executing VM operation: EnableBiasedLocking done


Dynamic libraries:
0x00007ff704e40000 - 0x00007ff704e77000 	C:\Program Files\Java\jdk1.8.0_65\bin\java.exe
0x00007ff94b770000 - 0x00007ff94b91c000 	C:\Windows\SYSTEM32\ntdll.dll
0x00007ff94a620000 - 0x00007ff94a75e000 	C:\Windows\system32\KERNEL32.DLL
0x00007ff948af0000 - 0x00007ff948c05000 	C:\Windows\system32\KERNELBASE.dll
0x00007ff947460000 - 0x00007ff9474ee000 	C:\Windows\system32\apphelp.dll
0x00007ff9318b0000 - 0x00007ff931903000 	C:\Windows\AppPatch\AppPatch64\AcGenral.DLL
0x00007ff94b330000 - 0x00007ff94b3da000 	C:\Windows\system32\msvcrt.dll
0x00007ff948760000 - 0x00007ff94878e000 	C:\Windows\SYSTEM32\SspiCli.dll
0x00007ff94a8f0000 - 0x00007ff94a944000 	C:\Windows\system32\SHLWAPI.dll
0x00007ff94a770000 - 0x00007ff94a8e7000 	C:\Windows\system32\USER32.dll
0x00007ff94ab30000 - 0x00007ff94acc4000 	C:\Windows\system32\ole32.dll
0x00007ff949030000 - 0x00007ff94a55b000 	C:\Windows\system32\SHELL32.dll
0x00007ff947ee0000 - 0x00007ff947f01000 	C:\Windows\SYSTEM32\USERENV.dll
0x00007ff94aa80000 - 0x00007ff94ab2a000 	C:\Windows\system32\ADVAPI32.dll
0x00007ff93b590000 - 0x00007ff93b5ae000 	C:\Windows\SYSTEM32\MPR.dll
0x00007ff948e80000 - 0x00007ff948fc1000 	C:\Windows\system32\RPCRT4.dll
0x00007ff94aed0000 - 0x00007ff94af29000 	C:\Windows\SYSTEM32\sechost.dll
0x00007ff94b3e0000 - 0x00007ff94b5f1000 	C:\Windows\SYSTEM32\combase.dll
0x00007ff94af30000 - 0x00007ff94b07f000 	C:\Windows\system32\GDI32.dll
0x00007ff9488c0000 - 0x00007ff9488d5000 	C:\Windows\SYSTEM32\profapi.dll
0x00007ff946c80000 - 0x00007ff946d32000 	C:\Windows\SYSTEM32\SHCORE.dll
0x00007ff94ae80000 - 0x00007ff94aeb6000 	C:\Windows\system32\IMM32.DLL
0x00007ff94b610000 - 0x00007ff94b762000 	C:\Windows\system32\MSCTF.dll
0x00007ff946120000 - 0x00007ff94639b000 	C:\Windows\WinSxS\amd64_microsoft.windows.common-controls_6595b64144ccf1df_6.0.9600.18006_none_623f33d3ecbe86e8\COMCTL32.dll
0x00000000540e0000 - 0x00000000541b2000 	C:\Program Files\Java\jdk1.8.0_65\jre\bin\msvcr100.dll
0x00000000541c0000 - 0x0000000054a49000 	C:\Program Files\Java\jdk1.8.0_65\jre\bin\server\jvm.dll
0x00007ff93f2f0000 - 0x00007ff93f2f9000 	C:\Windows\SYSTEM32\WSOCK32.dll
0x00007ff941bc0000 - 0x00007ff941be2000 	C:\Windows\SYSTEM32\WINMM.dll
0x00007ff93f2e0000 - 0x00007ff93f2ea000 	C:\Windows\SYSTEM32\VERSION.dll
0x00007ff94b600000 - 0x00007ff94b607000 	C:\Windows\system32\PSAPI.DLL
0x00007ff94aa20000 - 0x00007ff94aa7a000 	C:\Windows\system32\WS2_32.dll
0x00007ff9417f0000 - 0x00007ff94181a000 	C:\Windows\SYSTEM32\WINMMBASE.dll
0x00007ff94b260000 - 0x00007ff94b269000 	C:\Windows\system32\NSI.dll
0x00007ff948aa0000 - 0x00007ff948aef000 	C:\Windows\SYSTEM32\cfgmgr32.dll
0x00007ff9476e0000 - 0x00007ff947708000 	C:\Windows\SYSTEM32\DEVOBJ.dll
0x00000000550a0000 - 0x00000000550af000 	C:\Program Files\Java\jdk1.8.0_65\jre\bin\verify.dll
0x0000000055070000 - 0x0000000055099000 	C:\Program Files\Java\jdk1.8.0_65\jre\bin\java.dll
0x0000000055050000 - 0x0000000055066000 	C:\Program Files\Java\jdk1.8.0_65\jre\bin\zip.dll

VM Arguments:
jvm_args: -Xmx1024M -Dfile.encoding=x-windows-949 -Duser.country=KR -Duser.language=ko -Duser.variant 
java_command: com.android.dx.command.Main --dex --num-threads=4 --output C:\Users\Public\Downloads\MyApplication5_1\app\build\intermediates\pre-dexed\debug\classes-1606450b8648d42382c24118f545ea016ac0ef82.jar C:\Users\Public\Downloads\MyApplication5_1\app\build\intermediates\exploded-aar\com.google.android.gms\play-services-wallet\8.1.0\jars\classes.jar
java_class_path (initial): C:\Users\Public\Downloads\build-tools\23.0.2\lib\dx.jar
Launcher Type: SUN_STANDARD

Environment Variables:
JAVA_HOME=C:\Program Files (x86)\Java\jdk1.8.0_51
CLASSPATH=.;C:\Program Files (x86)\Java\jdk1.8.0_51\bin;
PATH=C:\ProgramData\Oracle\Java\javapath;C:\Program Files\Intel\WiFi\bin\;C:\Program Files\Common Files\Intel\WirelessCommon\;C:\Program Files (x86)\Java\jdk1.8.0_51\bin;C:\Program Files\Microsoft\Web Platform Installer\;C:\Program Files (x86)\Windows Kits\8.1\Windows Performance Toolkit\C:\Windows\system32;C:\Windows;C:\Program Files\Intel\WiFi\bin\;C:\Program Files\Common Files\Intel\WirelessCommon\;C:\Program Files (x86)\Java\jdk1.8.0_51\bin;C:\Users\Çý·É\AppData\Local\Programs\Git\cmd;C:\Users\Çý·É\AppData\Local\Programs\Git\mingw64\bin;C:\Users\Çý·É\AppData\Local\Programs\Git\usr\bin
USERNAME=Çý·É
OS=Windows_NT
PROCESSOR_IDENTIFIER=Intel64 Family 6 Model 61 Stepping 4, GenuineIntel



---------------  S Y S T E M  ---------------

OS: Windows 8.1 , 64 bit Build 9600 (6.3.9600.17415)

CPU:total 4 (2 cores per cpu, 2 threads per core) family 6 model 61 stepping 4, cmov, cx8, fxsr, mmx, sse, sse2, sse3, ssse3, sse4.1, sse4.2, popcnt, avx, avx2, aes, clmul, erms, 3dnowpref, lzcnt, ht, tsc, tscinvbit, bmi1, bmi2, adx

Memory: 4k page, physical 4097964k(223808k free), swap 7243692k(5540k free)

vm_info: Java HotSpot(TM) 64-Bit Server VM (25.65-b01) for windows-amd64 JRE (1.8.0_65-b17), built on Oct  6 2015 16:39:20 by "java_re" with MS VC++ 10.0 (VS2010)

time: Thu Dec 03 19:49:28 2015
elapsed time: 4 seconds (0d 0h 0m 4s)

