#
# There is insufficient memory for the Java Runtime Environment to continue.
# Native memory allocation (malloc) failed to allocate 540864 bytes for Chunk::new
# Possible reasons:
#   The system is out of physical RAM or swap space
#   In 32 bit mode, the process size limit was hit
# Possible solutions:
#   Reduce memory load on the system
#   Increase physical memory or swap space
#   Check if swap backing store is full
#   Use 64 bit Java on a 64 bit OS
#   Decrease Java heap size (-Xmx/-Xms)
#   Decrease number of Java threads
#   Decrease Java thread stack sizes (-Xss)
#   Set larger code cache with -XX:ReservedCodeCacheSize=
# This output file may be truncated or incomplete.
#
#  Out of Memory Error (allocation.cpp:390), pid=8144, tid=9152
#
# JRE version: Java(TM) SE Runtime Environment (8.0_65-b17) (build 1.8.0_65-b17)
# Java VM: Java HotSpot(TM) 64-Bit Server VM (25.65-b01 mixed mode windows-amd64 compressed oops)
# Failed to write core dump. Minidumps are not enabled by default on client versions of Windows
#

---------------  T H R E A D  ---------------

Current thread (0x00000000149be800):  JavaThread "C2 CompilerThread1" daemon [_thread_in_native, id=9152, stack(0x00000000163b0000,0x00000000164b0000)]

Stack: [0x00000000163b0000,0x00000000164b0000]
[error occurred during error reporting (printing stack bounds), id 0xc0000005]

Native frames: (J=compiled Java code, j=interpreted, Vv=VM code, C=native code)


Current CompileTask:
C2:  38013 2276 %     4       com.android.dx.ssa.back.LivenessAnalyzer::constructInterferenceGraph @ 16 (47 bytes)


---------------  P R O C E S S  ---------------

Java Threads: ( => current thread )
  0x000000001625a800 JavaThread "pool-1-thread-4" [_thread_in_Java, id=4196, stack(0x0000000018380000,0x0000000018480000)]
  0x0000000016259800 JavaThread "pool-1-thread-3" [_thread_in_Java, id=8340, stack(0x0000000018280000,0x0000000018380000)]
  0x0000000016258000 JavaThread "pool-1-thread-2" [_thread_in_Java, id=8484, stack(0x0000000018180000,0x0000000018280000)]
  0x00000000169a3800 JavaThread "pool-2-thread-1" [_thread_blocked, id=8992, stack(0x0000000018080000,0x0000000018180000)]
  0x0000000016ccf000 JavaThread "pool-1-thread-1" [_thread_in_Java, id=3620, stack(0x0000000017f80000,0x0000000018080000)]
  0x0000000016010000 JavaThread "Service Thread" daemon [_thread_blocked, id=4436, stack(0x00000000165b0000,0x00000000166b0000)]
  0x000000001600a000 JavaThread "C1 CompilerThread2" daemon [_thread_blocked, id=4340, stack(0x00000000164b0000,0x00000000165b0000)]
=>0x00000000149be800 JavaThread "C2 CompilerThread1" daemon [_thread_in_native, id=9152, stack(0x00000000163b0000,0x00000000164b0000)]
  0x000000001496d000 JavaThread "C2 CompilerThread0" daemon [_thread_in_native, id=7512, stack(0x0000000015eb0000,0x0000000015fb0000)]
  0x000000001496b800 JavaThread "Attach Listener" daemon [_thread_blocked, id=5772, stack(0x0000000015db0000,0x0000000015eb0000)]
  0x000000001496a800 JavaThread "Signal Dispatcher" daemon [_thread_blocked, id=7444, stack(0x0000000015cb0000,0x0000000015db0000)]
  0x0000000002286000 JavaThread "Finalizer" daemon [_thread_blocked, id=9000, stack(0x0000000015bb0000,0x0000000015cb0000)]
  0x000000000227d000 JavaThread "Reference Handler" daemon [_thread_blocked, id=7200, stack(0x0000000015ab0000,0x0000000015bb0000)]
  0x000000000044d800 JavaThread "main" [_thread_in_Java, id=8520, stack(0x0000000001d00000,0x0000000001e00000)]

Other Threads:
  0x0000000014928000 VMThread [stack: 0x00000000159b0000,0x0000000015ab0000] [id=7892]
  0x0000000016079800 WatcherThread [stack: 0x00000000166b0000,0x00000000167b0000] [id=3440]

VM state:not at safepoint (normal execution)

VM Mutex/Monitor currently owned by a thread: None

Heap:
 PSYoungGen      total 262144K, used 94668K [0x00000000eab00000, 0x0000000100000000, 0x0000000100000000)
  eden space 175104K, 19% used [0x00000000eab00000,0x00000000ecc230f0,0x00000000f5600000)
  from space 87040K, 69% used [0x00000000f5600000,0x00000000f9150020,0x00000000fab00000)
  to   space 87040K, 0% used [0x00000000fab00000,0x00000000fab00000,0x0000000100000000)
 ParOldGen       total 172032K, used 171750K [0x00000000c0000000, 0x00000000ca800000, 0x00000000eab00000)
  object space 172032K, 99% used [0x00000000c0000000,0x00000000ca7b9800,0x00000000ca800000)
 Metaspace       used 6531K, capacity 7192K, committed 7424K, reserved 1056768K
  class space    used 623K, capacity 656K, committed 768K, reserved 1048576K

Card table byte_map: [0x0000000011650000,0x0000000011860000] byte_map_base: 0x0000000011050000

Marking Bits: (ParMarkBitMap*) 0x00000000549ca5b0
 Begin Bits: [0x0000000011dc0000, 0x0000000012dc0000)
 End Bits:   [0x0000000012dc0000, 0x0000000013dc0000)

Polling page: 0x00000000003e0000

CodeCache: size=245760Kb used=10316Kb max_used=10336Kb free=235443Kb
 bounds [0x0000000002290000, 0x0000000002cc0000, 0x0000000011290000]
 total_blobs=2352 nmethods=2080 adapters=184
 compilation: enabled

Compilation events (10 events):
Event: 37.694 Thread 0x000000001496d000 nmethod 2269 0x0000000002c8e650 code [0x0000000002c8e7c0, 0x0000000002c8eed8]
Event: 37.695 Thread 0x000000001496d000 2271       4       com.android.dx.util.IntList::insert (115 bytes)
Event: 37.705 Thread 0x000000001496d000 nmethod 2271 0x0000000002c8c890 code [0x0000000002c8c9e0, 0x0000000002c8ce78]
Event: 37.705 Thread 0x000000001496d000 2267       4       com.android.dx.ssa.SsaInsn::isResultReg (24 bytes)
Event: 37.706 Thread 0x000000001496d000 nmethod 2267 0x00000000027edb50 code [0x00000000027edc80, 0x00000000027edcf8]
Event: 37.706 Thread 0x000000001496d000 2266       4       com.android.dx.ssa.back.InterferenceGraph::add (46 bytes)
Event: 37.729 Thread 0x00000000149be800 nmethod 2274 0x0000000002caa650 code [0x0000000002caa860, 0x0000000002cabc18]
Event: 37.746 Thread 0x00000000149be800 2276 %     4       com.android.dx.ssa.back.LivenessAnalyzer::constructInterferenceGraph @ 16 (47 bytes)
Event: 37.838 Thread 0x000000001496d000 nmethod 2266 0x0000000002cb0b10 code [0x0000000002cb0d60, 0x0000000002cb3218]
Event: 37.866 Thread 0x000000001496d000 2277       4       com.android.dx.ssa.ConstCollector::getConstsSortedByCountUse (386 bytes)

GC Heap History (10 events):
Event: 28.936 GC heap before
{Heap before GC invocations=7 (full 0):
 PSYoungGen      total 138752K, used 138729K [0x00000000eab00000, 0x00000000f5400000, 0x0000000100000000)
  eden space 124416K, 100% used [0x00000000eab00000,0x00000000f2480000,0x00000000f2480000)
  from space 14336K, 99% used [0x00000000f3900000,0x00000000f46fa578,0x00000000f4700000)
  to   space 20992K, 0% used [0x00000000f2480000,0x00000000f2480000,0x00000000f3900000)
 ParOldGen       total 44032K, used 27835K [0x00000000c0000000, 0x00000000c2b00000, 0x00000000eab00000)
  object space 44032K, 63% used [0x00000000c0000000,0x00000000c1b2ee20,0x00000000c2b00000)
 Metaspace       used 6522K, capacity 7192K, committed 7424K, reserved 1056768K
  class space    used 622K, capacity 656K, committed 768K, reserved 1048576K
Event: 29.306 GC heap after
Heap after GC invocations=7 (full 0):
 PSYoungGen      total 145408K, used 20986K [0x00000000eab00000, 0x0000000100000000, 0x0000000100000000)
  eden space 124416K, 0% used [0x00000000eab00000,0x00000000eab00000,0x00000000f2480000)
  from space 20992K, 99% used [0x00000000f2480000,0x00000000f38fe8e0,0x00000000f3900000)
  to   space 64000K, 0% used [0x00000000fc180000,0x00000000fc180000,0x0000000100000000)
 ParOldGen       total 104448K, used 104137K [0x00000000c0000000, 0x00000000c6600000, 0x00000000eab00000)
  object space 104448K, 99% used [0x00000000c0000000,0x00000000c65b2410,0x00000000c6600000)
 Metaspace       used 6522K, capacity 7192K, committed 7424K, reserved 1056768K
  class space    used 622K, capacity 656K, committed 768K, reserved 1048576K
}
Event: 29.306 GC heap before
{Heap before GC invocations=8 (full 1):
 PSYoungGen      total 145408K, used 20986K [0x00000000eab00000, 0x0000000100000000, 0x0000000100000000)
  eden space 124416K, 0% used [0x00000000eab00000,0x00000000eab00000,0x00000000f2480000)
  from space 20992K, 99% used [0x00000000f2480000,0x00000000f38fe8e0,0x00000000f3900000)
  to   space 64000K, 0% used [0x00000000fc180000,0x00000000fc180000,0x0000000100000000)
 ParOldGen       total 104448K, used 104137K [0x00000000c0000000, 0x00000000c6600000, 0x00000000eab00000)
  object space 104448K, 99% used [0x00000000c0000000,0x00000000c65b2410,0x00000000c6600000)
 Metaspace       used 6522K, capacity 7192K, committed 7424K, reserved 1056768K
  class space    used 622K, capacity 656K, committed 768K, reserved 1048576K
Event: 30.694 GC heap after
Heap after GC invocations=8 (full 1):
 PSYoungGen      total 145408K, used 6617K [0x00000000eab00000, 0x0000000100000000, 0x0000000100000000)
  eden space 124416K, 0% used [0x00000000eab00000,0x00000000eab00000,0x00000000f2480000)
  from space 20992K, 31% used [0x00000000f2480000,0x00000000f2af6640,0x00000000f3900000)
  to   space 64000K, 0% used [0x00000000fc180000,0x00000000fc180000,0x0000000100000000)
 ParOldGen       total 172032K, used 103987K [0x00000000c0000000, 0x00000000ca800000, 0x00000000eab00000)
  object space 172032K, 60% used [0x00000000c0000000,0x00000000c658cd90,0x00000000ca800000)
 Metaspace       used 6522K, capacity 7192K, committed 7424K, reserved 1056768K
  class space    used 622K, capacity 656K, committed 768K, reserved 1048576K
}
Event: 30.767 GC heap before
{Heap before GC invocations=9 (full 1):
 PSYoungGen      total 145408K, used 131033K [0x00000000eab00000, 0x0000000100000000, 0x0000000100000000)
  eden space 124416K, 100% used [0x00000000eab00000,0x00000000f2480000,0x00000000f2480000)
  from space 20992K, 31% used [0x00000000f2480000,0x00000000f2af6640,0x00000000f3900000)
  to   space 64000K, 0% used [0x00000000fc180000,0x00000000fc180000,0x0000000100000000)
 ParOldGen       total 172032K, used 103987K [0x00000000c0000000, 0x00000000ca800000, 0x00000000eab00000)
  object space 172032K, 60% used [0x00000000c0000000,0x00000000c658cd90,0x00000000ca800000)
 Metaspace       used 6522K, capacity 7192K, committed 7424K, reserved 1056768K
  class space    used 622K, capacity 656K, committed 768K, reserved 1048576K
Event: 31.565 GC heap after
Heap after GC invocations=9 (full 1):
 PSYoungGen      total 239104K, used 63970K [0x00000000eab00000, 0x0000000100000000, 0x0000000100000000)
  eden space 175104K, 0% used [0x00000000eab00000,0x00000000eab00000,0x00000000f5600000)
  from space 64000K, 99% used [0x00000000fc180000,0x00000000ffff8950,0x0000000100000000)
  to   space 87040K, 0% used [0x00000000f5600000,0x00000000f5600000,0x00000000fab00000)
 ParOldGen       total 172032K, used 125475K [0x00000000c0000000, 0x00000000ca800000, 0x00000000eab00000)
  object space 172032K, 72% used [0x00000000c0000000,0x00000000c7a88d90,0x00000000ca800000)
 Metaspace       used 6522K, capacity 7192K, committed 7424K, reserved 1056768K
  class space    used 622K, capacity 656K, committed 768K, reserved 1048576K
}
Event: 33.472 GC heap before
{Heap before GC invocations=10 (full 1):
 PSYoungGen      total 239104K, used 239074K [0x00000000eab00000, 0x0000000100000000, 0x0000000100000000)
  eden space 175104K, 100% used [0x00000000eab00000,0x00000000f5600000,0x00000000f5600000)
  from space 64000K, 99% used [0x00000000fc180000,0x00000000ffff8950,0x0000000100000000)
  to   space 87040K, 0% used [0x00000000f5600000,0x00000000f5600000,0x00000000fab00000)
 ParOldGen       total 172032K, used 125475K [0x00000000c0000000, 0x00000000ca800000, 0x00000000eab00000)
  object space 172032K, 72% used [0x00000000c0000000,0x00000000c7a88d90,0x00000000ca800000)
 Metaspace       used 6531K, capacity 7192K, committed 7424K, reserved 1056768K
  class space    used 623K, capacity 656K, committed 768K, reserved 1048576K
Event: 34.061 GC heap after
Heap after GC invocations=10 (full 1):
 PSYoungGen      total 262144K, used 87039K [0x00000000eab00000, 0x0000000100000000, 0x0000000100000000)
  eden space 175104K, 0% used [0x00000000eab00000,0x00000000eab00000,0x00000000f5600000)
  from space 87040K, 99% used [0x00000000f5600000,0x00000000faaffcc0,0x00000000fab00000)
  to   space 87040K, 0% used [0x00000000fab00000,0x00000000fab00000,0x0000000100000000)
 ParOldGen       total 172032K, used 149315K [0x00000000c0000000, 0x00000000ca800000, 0x00000000eab00000)
  object space 172032K, 86% used [0x00000000c0000000,0x00000000c91d0f40,0x00000000ca800000)
 Metaspace       used 6531K, capacity 7192K, committed 7424K, reserved 1056768K
  class space    used 623K, capacity 656K, committed 768K, reserved 1048576K
}
Event: 34.062 GC heap before
{Heap before GC invocations=11 (full 2):
 PSYoungGen      total 262144K, used 87039K [0x00000000eab00000, 0x0000000100000000, 0x0000000100000000)
  eden space 175104K, 0% used [0x00000000eab00000,0x00000000eab00000,0x00000000f5600000)
  from space 87040K, 99% used [0x00000000f5600000,0x00000000faaffcc0,0x00000000fab00000)
  to   space 87040K, 0% used [0x00000000fab00000,0x00000000fab00000,0x0000000100000000)
 ParOldGen       total 172032K, used 149315K [0x00000000c0000000, 0x00000000ca800000, 0x00000000eab00000)
  object space 172032K, 86% used [0x00000000c0000000,0x00000000c91d0f40,0x00000000ca800000)
 Metaspace       used 6531K, capacity 7192K, committed 7424K, reserved 1056768K
  class space    used 623K, capacity 656K, committed 768K, reserved 1048576K
Event: 37.380 GC heap after
Heap after GC invocations=11 (full 2):
 PSYoungGen      total 262144K, used 60736K [0x00000000eab00000, 0x0000000100000000, 0x0000000100000000)
  eden space 175104K, 0% used [0x00000000eab00000,0x00000000eab00000,0x00000000f5600000)
  from space 87040K, 69% used [0x00000000f5600000,0x00000000f9150020,0x00000000fab00000)
  to   space 87040K, 0% used [0x00000000fab00000,0x00000000fab00000,0x0000000100000000)
 ParOldGen       total 172032K, used 171750K [0x00000000c0000000, 0x00000000ca800000, 0x00000000eab00000)
  object space 172032K, 99% used [0x00000000c0000000,0x00000000ca7b9800,0x00000000ca800000)
 Metaspace       used 6531K, capacity 7192K, committed 7424K, reserved 1056768K
  class space    used 623K, capacity 656K, committed 768K, reserved 1048576K
}

Deoptimization events (10 events):
Event: 31.857 Thread 0x0000000016258000 Uncommon trap: reason=class_check action=maybe_recompile pc=0x0000000002aef7a8 method=com.android.dx.ssa.SsaConverter.placePhiFunctions(Lcom/android/dx/ssa/SsaMethod;Lcom/android/dx/ssa/LocalVariableInfo;I)V @ 257
Event: 31.857 Thread 0x0000000016258000 Uncommon trap: reason=class_check action=maybe_recompile pc=0x0000000002aef7a8 method=com.android.dx.ssa.SsaConverter.placePhiFunctions(Lcom/android/dx/ssa/SsaMethod;Lcom/android/dx/ssa/LocalVariableInfo;I)V @ 257
Event: 31.858 Thread 0x0000000016258000 Uncommon trap: reason=class_check action=maybe_recompile pc=0x0000000002aef7a8 method=com.android.dx.ssa.SsaConverter.placePhiFunctions(Lcom/android/dx/ssa/SsaMethod;Lcom/android/dx/ssa/LocalVariableInfo;I)V @ 257
Event: 31.927 Thread 0x000000000044d800 Uncommon trap: reason=class_check action=maybe_recompile pc=0x0000000002b949c0 method=com.android.dx.ssa.SsaConverter.placePhiFunctions(Lcom/android/dx/ssa/SsaMethod;Lcom/android/dx/ssa/LocalVariableInfo;I)V @ 257
Event: 33.344 Thread 0x0000000016258000 Uncommon trap: reason=unstable_if action=reinterpret pc=0x00000000026a226c method=com.android.dx.ssa.SetFactory.makeLivenessSet(I)Lcom/android/dx/util/IntSet; @ 4
Event: 33.344 Thread 0x0000000016258000 Uncommon trap: reason=unstable_if action=reinterpret pc=0x00000000025d1518 method=com.android.dx.ssa.SetFactory.makeLivenessSet(I)Lcom/android/dx/util/IntSet; @ 4
Event: 33.463 Thread 0x000000001625a800 Uncommon trap: reason=class_check action=maybe_recompile pc=0x00000000026105e8 method=com.android.dx.ssa.back.InterferenceGraph.add(II)V @ 19
Event: 33.463 Thread 0x000000001625a800 Uncommon trap: reason=class_check action=maybe_recompile pc=0x00000000026105e8 method=com.android.dx.ssa.back.InterferenceGraph.add(II)V @ 19
Event: 33.463 Thread 0x000000001625a800 Uncommon trap: reason=class_check action=maybe_recompile pc=0x00000000026105e8 method=com.android.dx.ssa.back.InterferenceGraph.add(II)V @ 19
Event: 33.463 Thread 0x000000001625a800 Uncommon trap: reason=class_check action=maybe_recompile pc=0x00000000026105e8 method=com.android.dx.ssa.back.InterferenceGraph.add(II)V @ 19

Internal exceptions (5 events):
Event: 0.217 Thread 0x000000000044d800 Exception <a 'java/lang/NoSuchMethodError': Method sun.misc.Unsafe.defineClass(Ljava/lang/String;[BII)Ljava/lang/Class; name or signature does not match> (0x00000000eab13068) thrown at [C:\workspace\8-2-build-windows-amd64-cygwin\jdk8u65\4987\hotspot\src\s~Å_—òÏË?
Event: 0.217 Thread 0x000000000044d800 Exception <a 'java/lang/NoSuchMethodError': Method sun.misc.Unsafe.prefetchRead(Ljava/lang/Object;J)V name or signature does not match> (0x00000000eab13350) thrown at [C:\workspace\8-2-build-windows-amd64-cygwin\jdk8u65\4987\hotspot\src\share\vm\prims\jni.“b‹¨Ã|.@
Event: 15.244 Thread 0x0000000016259800 Exception <a 'java/lang/ArrayIndexOutOfBoundsException': 18> (0x00000000eb1a0868) thrown at [C:\workspace\8-2-build-windows-amd64-cygwin\jdk8u65\4987\hotspot\src\share\vm\interpreter\interpreterRuntime.cpp, line 366]
Event: 15.244 Thread 0x0000000016259800 Exception <a 'java/lang/ArrayIndexOutOfBoundsException': 145> (0x00000000eb1a23e8) thrown at [C:\workspace\8-2-build-windows-amd64-cygwin\jdk8u65\4987\hotspot\src\share\vm\interpreter\interpreterRuntime.cpp, line 366]
Event: 15.245 Thread 0x0000000016259800 Exception <a 'java/lang/ArrayIndexOutOfBoundsException'> (0x00000000eb1a36d0) thrown at [C:\workspace\8-2-build-windows-amd64-cygwin\jdk8u65\4987\hotspot\src\share\vm\runtime\sharedRuntime.cpp, line 605]

Events (10 events):
Event: 33.467 Thread 0x0000000016ccf000 DEOPT PACKING pc=0x0000000002749859 sp=0x000000001807e2d0
Event: 33.467 Thread 0x0000000016ccf000 DEOPT UNPACKING pc=0x00000000022d787f sp=0x000000001807e0c8 mode 0
Event: 33.470 Thread 0x0000000016ccf000 DEOPT PACKING pc=0x00000000027ea61f sp=0x000000001807e310
Event: 33.470 Thread 0x0000000016ccf000 DEOPT UNPACKING pc=0x00000000022d787f sp=0x000000001807e0b0 mode 0
Event: 33.471 Executing VM operation: ParallelGCFailedAllocation
Event: 37.380 Executing VM operation: ParallelGCFailedAllocation done
Event: 37.870 Thread 0x0000000016259800 DEOPT PACKING pc=0x0000000002749859 sp=0x000000001837e7b0
Event: 37.907 Thread 0x0000000016259800 DEOPT UNPACKING pc=0x00000000022d787f sp=0x000000001837e5a8 mode 0
Event: 37.912 Thread 0x0000000016259800 DEOPT PACKING pc=0x00000000027ea61f sp=0x000000001837e7f0
Event: 37.912 Thread 0x0000000016259800 DEOPT UNPACKING pc=0x00000000022d787f sp=0x000000001837e590 mode 0


Dynamic libraries:
0x00007ff704e40000 - 0x00007ff704e77000 	C:\Program Files\Java\jdk1.8.0_65\bin\java.exe
0x00007ff94b770000 - 0x00007ff94b91c000 	C:\Windows\SYSTEM32\ntdll.dll
0x00007ff94a620000 - 0x00007ff94a75e000 	C:\Windows\system32\KERNEL32.DLL
0x00007ff948af0000 - 0x00007ff948c05000 	C:\Windows\system32\KERNELBASE.dll
0x00007ff947460000 - 0x00007ff9474ee000 	C:\Windows\system32\apphelp.dll
0x00007ff9318b0000 - 0x00007ff931903000 	C:\Windows\AppPatch\AppPatch64\AcGenral.DLL
0x00007ff94b330000 - 0x00007ff94b3da000 	C:\Windows\system32\msvcrt.dll
0x00007ff948760000 - 0x00007ff94878e000 	C:\Windows\SYSTEM32\SspiCli.dll
0x00007ff94a8f0000 - 0x00007ff94a944000 	C:\Windows\system32\SHLWAPI.dll
0x00007ff94a770000 - 0x00007ff94a8e7000 	C:\Windows\system32\USER32.dll
0x00007ff94ab30000 - 0x00007ff94acc4000 	C:\Windows\system32\ole32.dll
0x00007ff949030000 - 0x00007ff94a55b000 	C:\Windows\system32\SHELL32.dll
0x00007ff947ee0000 - 0x00007ff947f01000 	C:\Windows\SYSTEM32\USERENV.dll
0x00007ff94aa80000 - 0x00007ff94ab2a000 	C:\Windows\system32\ADVAPI32.dll
0x00007ff93b590000 - 0x00007ff93b5ae000 	C:\Windows\SYSTEM32\MPR.dll
0x00007ff948e80000 - 0x00007ff948fc1000 	C:\Windows\system32\RPCRT4.dll
0x00007ff94aed0000 - 0x00007ff94af29000 	C:\Windows\SYSTEM32\sechost.dll
0x00007ff94b3e0000 - 0x00007ff94b5f1000 	C:\Windows\SYSTEM32\combase.dll
0x00007ff94af30000 - 0x00007ff94b07f000 	C:\Windows\system32\GDI32.dll
0x00007ff9488c0000 - 0x00007ff9488d5000 	C:\Windows\SYSTEM32\profapi.dll
0x00007ff946c80000 - 0x00007ff946d32000 	C:\Windows\SYSTEM32\SHCORE.dll
0x00007ff94ae80000 - 0x00007ff94aeb6000 	C:\Windows\system32\IMM32.DLL
0x00007ff94b610000 - 0x00007ff94b762000 	C:\Windows\system32\MSCTF.dll
0x00007ff946120000 - 0x00007ff94639b000 	C:\Windows\WinSxS\amd64_microsoft.windows.common-controls_6595b64144ccf1df_6.0.9600.18006_none_623f33d3ecbe86e8\COMCTL32.dll
0x00000000540e0000 - 0x00000000541b2000 	C:\Program Files\Java\jdk1.8.0_65\jre\bin\msvcr100.dll
0x00000000541c0000 - 0x0000000054a49000 	C:\Program Files\Java\jdk1.8.0_65\jre\bin\server\jvm.dll
0x00007ff93f2f0000 - 0x00007ff93f2f9000 	C:\Windows\SYSTEM32\WSOCK32.dll
0x00007ff941bc0000 - 0x00007ff941be2000 	C:\Windows\SYSTEM32\WINMM.dll
0x00007ff93f2e0000 - 0x00007ff93f2ea000 	C:\Windows\SYSTEM32\VERSION.dll
0x00007ff94b600000 - 0x00007ff94b607000 	C:\Windows\system32\PSAPI.DLL
0x00007ff94aa20000 - 0x00007ff94aa7a000 	C:\Windows\system32\WS2_32.dll
0x00007ff9417f0000 - 0x00007ff94181a000 	C:\Windows\SYSTEM32\WINMMBASE.dll
0x00007ff94b260000 - 0x00007ff94b269000 	C:\Windows\system32\NSI.dll
0x00007ff948aa0000 - 0x00007ff948aef000 	C:\Windows\SYSTEM32\cfgmgr32.dll
0x00007ff9476e0000 - 0x00007ff947708000 	C:\Windows\SYSTEM32\DEVOBJ.dll
0x00000000550a0000 - 0x00000000550af000 	C:\Program Files\Java\jdk1.8.0_65\jre\bin\verify.dll
0x0000000055070000 - 0x0000000055099000 	C:\Program Files\Java\jdk1.8.0_65\jre\bin\java.dll
0x0000000055050000 - 0x0000000055066000 	C:\Program Files\Java\jdk1.8.0_65\jre\bin\zip.dll

VM Arguments:
jvm_args: -Xmx1024M -Dfile.encoding=x-windows-949 -Duser.country=KR -Duser.language=ko -Duser.variant 
java_command: com.android.dx.command.Main --dex --num-threads=4 --output C:\Users\Public\Downloads\MyApplication5_1\app\build\intermediates\pre-dexed\debug\classes-dee3c5c9dd05b2cc74a9d318729afabfea5531e5.jar C:\Users\Public\Downloads\MyApplication5_1\app\build\intermediates\exploded-aar\com.google.android.gms\play-services-ads\8.1.0\jars\classes.jar
java_class_path (initial): C:\Users\Public\Downloads\build-tools\23.0.2\lib\dx.jar
Launcher Type: SUN_STANDARD

Environment Variables:
JAVA_HOME=C:\Program Files (x86)\Java\jdk1.8.0_51
CLASSPATH=.;C:\Program Files (x86)\Java\jdk1.8.0_51\bin;
PATH=C:\ProgramData\Oracle\Java\javapath;C:\Program Files\Intel\WiFi\bin\;C:\Program Files\Common Files\Intel\WirelessCommon\;C:\Program Files (x86)\Java\jdk1.8.0_51\bin;C:\Program Files\Microsoft\Web Platform Installer\;C:\Program Files (x86)\Windows Kits\8.1\Windows Performance Toolkit\C:\Windows\system32;C:\Windows;C:\Program Files\Intel\WiFi\bin\;C:\Program Files\Common Files\Intel\WirelessCommon\;C:\Program Files (x86)\Java\jdk1.8.0_51\bin;C:\Users\Çý·É\AppData\Local\Programs\Git\cmd;C:\Users\Çý·É\AppData\Local\Programs\Git\mingw64\bin;C:\Users\Çý·É\AppData\Local\Programs\Git\usr\bin
USERNAME=Çý·É
OS=Windows_NT
PROCESSOR_IDENTIFIER=Intel64 Family 6 Model 61 Stepping 4, GenuineIntel



---------------  S Y S T E M  ---------------

OS: Windows 8.1 , 64 bit Build 9600 (6.3.9600.17415)

CPU:total 4 (2 cores per cpu, 2 threads per core) family 6 model 61 stepping 4, cmov, cx8, fxsr, mmx, sse, sse2, sse3, ssse3, sse4.1, sse4.2, popcnt, avx, avx2, aes, clmul, erms, 3dnowpref, lzcnt, ht, tsc, tscinvbit, bmi1, bmi2, adx

Memory: 4k page, physical 4097964k(506344k free), swap 7243692k(5328k free)

vm_info: Java HotSpot(TM) 64-Bit Server VM (25.65-b01) for windows-amd64 JRE (1.8.0_65-b17), built on Oct  6 2015 16:39:20 by "java_re" with MS VC++ 10.0 (VS2010)

time: Thu Dec 03 19:41:56 2015
elapsed time: 38 seconds (0d 0h 0m 38s)

