#
# There is insufficient memory for the Java Runtime Environment to continue.
# Native memory allocation (malloc) failed to allocate 45952 bytes for Chunk::new
# Possible reasons:
#   The system is out of physical RAM or swap space
#   In 32 bit mode, the process size limit was hit
# Possible solutions:
#   Reduce memory load on the system
#   Increase physical memory or swap space
#   Check if swap backing store is full
#   Use 64 bit Java on a 64 bit OS
#   Decrease Java heap size (-Xmx/-Xms)
#   Decrease number of Java threads
#   Decrease Java thread stack sizes (-Xss)
#   Set larger code cache with -XX:ReservedCodeCacheSize=
# This output file may be truncated or incomplete.
#
#  Out of Memory Error (allocation.cpp:390), pid=2948, tid=6020
#
# JRE version: Java(TM) SE Runtime Environment (8.0_65-b17) (build 1.8.0_65-b17)
# Java VM: Java HotSpot(TM) 64-Bit Server VM (25.65-b01 mixed mode windows-amd64 compressed oops)
# Failed to write core dump. Minidumps are not enabled by default on client versions of Windows
#

---------------  T H R E A D  ---------------

Current thread (0x00000000156ad000):  JavaThread "C2 CompilerThread0" daemon [_thread_in_native, id=6020, stack(0x0000000016bf0000,0x0000000016cf0000)]

Stack: [0x0000000016bf0000,0x0000000016cf0000]
[error occurred during error reporting (printing stack bounds), id 0xc0000005]

Native frames: (J=compiled Java code, j=interpreted, Vv=VM code, C=native code)


Current CompileTask:
C2:   2403 1101       4       com.android.dx.ssa.SCCP::simulateStmt (481 bytes)


---------------  P R O C E S S  ---------------

Java Threads: ( => current thread )
  0x0000000016f74000 JavaThread "pool-1-thread-4" [_thread_in_Java, id=7472, stack(0x00000000178f0000,0x00000000179f0000)]
  0x0000000016f61800 JavaThread "pool-1-thread-3" [_thread_in_Java, id=6500, stack(0x00000000177f0000,0x00000000178f0000)]
  0x0000000016f60800 JavaThread "pool-1-thread-2" [_thread_blocked, id=3944, stack(0x00000000176f0000,0x00000000177f0000)]
  0x0000000016f75000 JavaThread "pool-2-thread-1" [_thread_blocked, id=2848, stack(0x00000000175f0000,0x00000000176f0000)]
  0x0000000016f69800 JavaThread "pool-1-thread-1" [_thread_in_vm, id=8732, stack(0x00000000174f0000,0x00000000175f0000)]
  0x0000000016d58000 JavaThread "Service Thread" daemon [_thread_blocked, id=4648, stack(0x00000000172f0000,0x00000000173f0000)]
  0x0000000016d46800 JavaThread "C1 CompilerThread2" daemon [_thread_blocked, id=9212, stack(0x00000000171f0000,0x00000000172f0000)]
  0x00000000156fe800 JavaThread "C2 CompilerThread1" daemon [_thread_in_native, id=3620, stack(0x00000000170f0000,0x00000000171f0000)]
=>0x00000000156ad000 JavaThread "C2 CompilerThread0" daemon [_thread_in_native, id=6020, stack(0x0000000016bf0000,0x0000000016cf0000)]
  0x00000000156ab800 JavaThread "Attach Listener" daemon [_thread_blocked, id=4860, stack(0x0000000016af0000,0x0000000016bf0000)]
  0x00000000156aa800 JavaThread "Signal Dispatcher" daemon [_thread_blocked, id=5244, stack(0x00000000169f0000,0x0000000016af0000)]
  0x0000000002fc6000 JavaThread "Finalizer" daemon [_thread_blocked, id=3064, stack(0x00000000168f0000,0x00000000169f0000)]
  0x0000000002fbd000 JavaThread "Reference Handler" daemon [_thread_blocked, id=1232, stack(0x00000000167f0000,0x00000000168f0000)]
  0x00000000029fd800 JavaThread "main" [_thread_in_Java, id=7944, stack(0x0000000002dd0000,0x0000000002ed0000)]

Other Threads:
  0x0000000015668000 VMThread [stack: 0x00000000166f0000,0x00000000167f0000] [id=9156]
  0x0000000016d73800 WatcherThread [stack: 0x00000000173f0000,0x00000000174f0000] [id=8484]

VM state:not at safepoint (normal execution)

VM Mutex/Monitor currently owned by a thread: None

Heap:
 PSYoungGen      total 18944K, used 16638K [0x00000000eab00000, 0x00000000ec000000, 0x0000000100000000)
  eden space 16384K, 86% used [0x00000000eab00000,0x00000000eb8c3760,0x00000000ebb00000)
  from space 2560K, 99% used [0x00000000ebb00000,0x00000000ebd7c278,0x00000000ebd80000)
  to   space 2560K, 0% used [0x00000000ebd80000,0x00000000ebd80000,0x00000000ec000000)
 ParOldGen       total 44032K, used 1624K [0x00000000c0000000, 0x00000000c2b00000, 0x00000000eab00000)
  object space 44032K, 3% used [0x00000000c0000000,0x00000000c0196370,0x00000000c2b00000)
 Metaspace       used 5929K, capacity 6836K, committed 7040K, reserved 1056768K
  class space    used 600K, capacity 620K, committed 640K, reserved 1048576K

Card table byte_map: [0x0000000012390000,0x00000000125a0000] byte_map_base: 0x0000000011d90000

Marking Bits: (ParMarkBitMap*) 0x00000000549ca5b0
 Begin Bits: [0x0000000012b00000, 0x0000000013b00000)
 End Bits:   [0x0000000013b00000, 0x0000000014b00000)

Polling page: 0x00000000029d0000

CodeCache: size=245760Kb used=4387Kb max_used=4387Kb free=241372Kb
 bounds [0x0000000002fd0000, 0x0000000003420000, 0x0000000011fd0000]
 total_blobs=1383 nmethods=1112 adapters=184
 compilation: enabled

Compilation events (10 events):
Event: 2.388 Thread 0x0000000016d46800 1090       3       com.android.dx.ssa.SsaMethod::onInsnsChanged (16 bytes)
Event: 2.388 Thread 0x0000000016d46800 nmethod 1090 0x0000000003405490 code [0x00000000034055e0, 0x0000000003405770]
Event: 2.388 Thread 0x0000000016d46800 1115       3       com.android.dx.ssa.SsaMethod::makeNewGotoBlock (52 bytes)
Event: 2.390 Thread 0x0000000016d46800 nmethod 1115 0x000000000341b9d0 code [0x000000000341bc20, 0x000000000341ca48]
Event: 2.390 Thread 0x0000000016d46800 1100       1       java.lang.Integer::intValue (5 bytes)
Event: 2.390 Thread 0x0000000016d46800 nmethod 1100 0x00000000034051d0 code [0x0000000003405320, 0x0000000003405430]
Event: 2.390 Thread 0x0000000016d46800 1099       1       java.util.HashMap$Node::getValue (5 bytes)
Event: 2.390 Thread 0x0000000016d46800 nmethod 1099 0x0000000003404f10 code [0x0000000003405060, 0x0000000003405170]
Event: 2.390 Thread 0x0000000016d46800 1097       1       com.android.dx.dex.file.DexFile::getFieldIds (5 bytes)
Event: 2.390 Thread 0x0000000016d46800 nmethod 1097 0x0000000003404c50 code [0x0000000003404da0, 0x0000000003404eb0]

GC Heap History (2 events):
Event: 1.828 GC heap before
{Heap before GC invocations=1 (full 0):
 PSYoungGen      total 18944K, used 16384K [0x00000000eab00000, 0x00000000ec000000, 0x0000000100000000)
  eden space 16384K, 100% used [0x00000000eab00000,0x00000000ebb00000,0x00000000ebb00000)
  from space 2560K, 0% used [0x00000000ebd80000,0x00000000ebd80000,0x00000000ec000000)
  to   space 2560K, 0% used [0x00000000ebb00000,0x00000000ebb00000,0x00000000ebd80000)
 ParOldGen       total 44032K, used 0K [0x00000000c0000000, 0x00000000c2b00000, 0x00000000eab00000)
  object space 44032K, 0% used [0x00000000c0000000,0x00000000c0000000,0x00000000c2b00000)
 Metaspace       used 5786K, capacity 6706K, committed 6784K, reserved 1056768K
  class space    used 598K, capacity 618K, committed 640K, reserved 1048576K
Event: 2.081 GC heap after
Heap after GC invocations=1 (full 0):
 PSYoungGen      total 18944K, used 2544K [0x00000000eab00000, 0x00000000ec000000, 0x0000000100000000)
  eden space 16384K, 0% used [0x00000000eab00000,0x00000000eab00000,0x00000000ebb00000)
  from space 2560K, 99% used [0x00000000ebb00000,0x00000000ebd7c278,0x00000000ebd80000)
  to   space 2560K, 0% used [0x00000000ebd80000,0x00000000ebd80000,0x00000000ec000000)
 ParOldGen       total 44032K, used 1624K [0x00000000c0000000, 0x00000000c2b00000, 0x00000000eab00000)
  object space 44032K, 3% used [0x00000000c0000000,0x00000000c0196370,0x00000000c2b00000)
 Metaspace       used 5786K, capacity 6706K, committed 6784K, reserved 1056768K
  class space    used 598K, capacity 618K, committed 640K, reserved 1048576K
}

Deoptimization events (10 events):
Event: 1.450 Thread 0x0000000016f60800 Uncommon trap: reason=unstable_if action=reinterpret pc=0x00000000031bbc20 method=java.util.HashMap.getNode(ILjava/lang/Object;)Ljava/util/HashMap$Node; @ 129
Event: 1.605 Thread 0x0000000016f69800 Uncommon trap: reason=unstable_if action=reinterpret pc=0x00000000031efa34 method=java.util.HashMap.getNode(ILjava/lang/Object;)Ljava/util/HashMap$Node; @ 129
Event: 2.094 Thread 0x0000000016f69800 Uncommon trap: reason=class_check action=maybe_recompile pc=0x000000000323abd8 method=com.android.dx.ssa.NormalSsaInsn.accept(Lcom/android/dx/ssa/SsaInsn$Visitor;)V @ 9
Event: 2.094 Thread 0x0000000016f69800 Uncommon trap: reason=class_check action=maybe_recompile pc=0x0000000003251d3c method=com.android.dx.ssa.NormalSsaInsn.accept(Lcom/android/dx/ssa/SsaInsn$Visitor;)V @ 9
Event: 2.094 Thread 0x0000000016f69800 Uncommon trap: reason=class_check action=maybe_recompile pc=0x0000000003251d3c method=com.android.dx.ssa.NormalSsaInsn.accept(Lcom/android/dx/ssa/SsaInsn$Visitor;)V @ 9
Event: 2.095 Thread 0x0000000016f69800 Uncommon trap: reason=class_check action=maybe_recompile pc=0x0000000003251d3c method=com.android.dx.ssa.NormalSsaInsn.accept(Lcom/android/dx/ssa/SsaInsn$Visitor;)V @ 9
Event: 2.104 Thread 0x0000000016f69800 Uncommon trap: reason=class_check action=maybe_recompile pc=0x000000000323abd8 method=com.android.dx.ssa.NormalSsaInsn.accept(Lcom/android/dx/ssa/SsaInsn$Visitor;)V @ 9
Event: 2.156 Thread 0x00000000029fd800 Uncommon trap: reason=unstable_if action=reinterpret pc=0x0000000003346450 method=java.lang.String.<init>([CII)V @ 18
Event: 2.158 Thread 0x00000000029fd800 Uncommon trap: reason=unstable_if action=reinterpret pc=0x00000000031a0068 method=java.lang.String.<init>([CII)V @ 18
Event: 2.364 Thread 0x00000000029fd800 Uncommon trap: reason=unstable_if action=reinterpret pc=0x00000000033a6b5c method=com.android.dx.ssa.SsaMethod.updateOneDefinition(Lcom/android/dx/ssa/SsaInsn;Lcom/android/dx/rop/code/RegisterSpec;)V @ 4

Internal exceptions (2 events):
Event: 0.132 Thread 0x00000000029fd800 Exception <a 'java/lang/NoSuchMethodError': Method sun.misc.Unsafe.defineClass(Ljava/lang/String;[BII)Ljava/lang/Class; name or signature does not match> (0x00000000eab13068) thrown at [C:\workspace\8-2-build-windows-amd64-cygwin\jdk8u65\4987\hotspot\src\sˆÙÜ»YêÀ?
Event: 0.132 Thread 0x00000000029fd800 Exception <a 'java/lang/NoSuchMethodError': Method sun.misc.Unsafe.prefetchRead(Ljava/lang/Object;J)V name or signature does not match> (0x00000000eab13350) thrown at [C:\workspace\8-2-build-windows-amd64-cygwin\jdk8u65\4987\hotspot\src\share\vm\prims\jni.

Events (10 events):
Event: 2.156 Thread 0x00000000029fd800 DEOPT PACKING pc=0x0000000003346450 sp=0x0000000002ece500
Event: 2.156 Thread 0x00000000029fd800 DEOPT UNPACKING pc=0x000000000301582a sp=0x0000000002ece430 mode 2
Event: 2.158 Thread 0x00000000029fd800 Uncommon trap: trap_request=0xffffff65 fr.pc=0x00000000031a0068
Event: 2.158 Thread 0x00000000029fd800 DEOPT PACKING pc=0x00000000031a0068 sp=0x0000000002ece440
Event: 2.158 Thread 0x00000000029fd800 DEOPT UNPACKING pc=0x000000000301582a sp=0x0000000002ece428 mode 2
Event: 2.363 loading class com/android/dx/rop/code/RegOps
Event: 2.363 loading class com/android/dx/rop/code/RegOps done
Event: 2.364 Thread 0x00000000029fd800 Uncommon trap: trap_request=0xffffff65 fr.pc=0x00000000033a6b5c
Event: 2.364 Thread 0x00000000029fd800 DEOPT PACKING pc=0x00000000033a6b5c sp=0x0000000002ece120
Event: 2.364 Thread 0x00000000029fd800 DEOPT UNPACKING pc=0x000000000301582a sp=0x0000000002ece0c8 mode 2


Dynamic libraries:
0x00007ff704e40000 - 0x00007ff704e77000 	C:\Program Files\Java\jdk1.8.0_65\bin\java.exe
0x00007ff94b770000 - 0x00007ff94b91c000 	C:\Windows\SYSTEM32\ntdll.dll
0x00007ff94a620000 - 0x00007ff94a75e000 	C:\Windows\system32\KERNEL32.DLL
0x00007ff948af0000 - 0x00007ff948c05000 	C:\Windows\system32\KERNELBASE.dll
0x00007ff947460000 - 0x00007ff9474ee000 	C:\Windows\system32\apphelp.dll
0x00007ff9318b0000 - 0x00007ff931903000 	C:\Windows\AppPatch\AppPatch64\AcGenral.DLL
0x00007ff94b330000 - 0x00007ff94b3da000 	C:\Windows\system32\msvcrt.dll
0x00007ff948760000 - 0x00007ff94878e000 	C:\Windows\SYSTEM32\SspiCli.dll
0x00007ff94a8f0000 - 0x00007ff94a944000 	C:\Windows\system32\SHLWAPI.dll
0x00007ff94a770000 - 0x00007ff94a8e7000 	C:\Windows\system32\USER32.dll
0x00007ff94ab30000 - 0x00007ff94acc4000 	C:\Windows\system32\ole32.dll
0x00007ff949030000 - 0x00007ff94a55b000 	C:\Windows\system32\SHELL32.dll
0x00007ff947ee0000 - 0x00007ff947f01000 	C:\Windows\SYSTEM32\USERENV.dll
0x00007ff94aa80000 - 0x00007ff94ab2a000 	C:\Windows\system32\ADVAPI32.dll
0x00007ff93b590000 - 0x00007ff93b5ae000 	C:\Windows\SYSTEM32\MPR.dll
0x00007ff948e80000 - 0x00007ff948fc1000 	C:\Windows\system32\RPCRT4.dll
0x00007ff94aed0000 - 0x00007ff94af29000 	C:\Windows\SYSTEM32\sechost.dll
0x00007ff94b3e0000 - 0x00007ff94b5f1000 	C:\Windows\SYSTEM32\combase.dll
0x00007ff94af30000 - 0x00007ff94b07f000 	C:\Windows\system32\GDI32.dll
0x00007ff9488c0000 - 0x00007ff9488d5000 	C:\Windows\SYSTEM32\profapi.dll
0x00007ff946c80000 - 0x00007ff946d32000 	C:\Windows\SYSTEM32\SHCORE.dll
0x00007ff94ae80000 - 0x00007ff94aeb6000 	C:\Windows\system32\IMM32.DLL
0x00007ff94b610000 - 0x00007ff94b762000 	C:\Windows\system32\MSCTF.dll
0x00007ff946120000 - 0x00007ff94639b000 	C:\Windows\WinSxS\amd64_microsoft.windows.common-controls_6595b64144ccf1df_6.0.9600.18006_none_623f33d3ecbe86e8\COMCTL32.dll
0x00000000540e0000 - 0x00000000541b2000 	C:\Program Files\Java\jdk1.8.0_65\jre\bin\msvcr100.dll
0x00000000541c0000 - 0x0000000054a49000 	C:\Program Files\Java\jdk1.8.0_65\jre\bin\server\jvm.dll
0x00007ff93f2f0000 - 0x00007ff93f2f9000 	C:\Windows\SYSTEM32\WSOCK32.dll
0x00007ff941bc0000 - 0x00007ff941be2000 	C:\Windows\SYSTEM32\WINMM.dll
0x00007ff93f2e0000 - 0x00007ff93f2ea000 	C:\Windows\SYSTEM32\VERSION.dll
0x00007ff94b600000 - 0x00007ff94b607000 	C:\Windows\system32\PSAPI.DLL
0x00007ff94aa20000 - 0x00007ff94aa7a000 	C:\Windows\system32\WS2_32.dll
0x00007ff9417f0000 - 0x00007ff94181a000 	C:\Windows\SYSTEM32\WINMMBASE.dll
0x00007ff94b260000 - 0x00007ff94b269000 	C:\Windows\system32\NSI.dll
0x00007ff948aa0000 - 0x00007ff948aef000 	C:\Windows\SYSTEM32\cfgmgr32.dll
0x00007ff9476e0000 - 0x00007ff947708000 	C:\Windows\SYSTEM32\DEVOBJ.dll
0x00000000550a0000 - 0x00000000550af000 	C:\Program Files\Java\jdk1.8.0_65\jre\bin\verify.dll
0x0000000055070000 - 0x0000000055099000 	C:\Program Files\Java\jdk1.8.0_65\jre\bin\java.dll
0x0000000055050000 - 0x0000000055066000 	C:\Program Files\Java\jdk1.8.0_65\jre\bin\zip.dll

VM Arguments:
jvm_args: -Xmx1024M -Dfile.encoding=x-windows-949 -Duser.country=KR -Duser.language=ko -Duser.variant 
java_command: com.android.dx.command.Main --dex --num-threads=4 --output C:\Users\Public\Downloads\MyApplication5_1\app\build\intermediates\pre-dexed\debug\classes-d756f8df72dfb8604288d0ee20f9bfbddcb44ae3.jar C:\Users\Public\Downloads\MyApplication5_1\app\build\intermediates\exploded-aar\com.google.android.gms\play-services-gcm\8.1.0\jars\classes.jar
java_class_path (initial): C:\Users\Public\Downloads\build-tools\23.0.2\lib\dx.jar
Launcher Type: SUN_STANDARD

Environment Variables:
JAVA_HOME=C:\Program Files (x86)\Java\jdk1.8.0_51
CLASSPATH=.;C:\Program Files (x86)\Java\jdk1.8.0_51\bin;
PATH=C:\ProgramData\Oracle\Java\javapath;C:\Program Files\Intel\WiFi\bin\;C:\Program Files\Common Files\Intel\WirelessCommon\;C:\Program Files (x86)\Java\jdk1.8.0_51\bin;C:\Program Files\Microsoft\Web Platform Installer\;C:\Program Files (x86)\Windows Kits\8.1\Windows Performance Toolkit\C:\Windows\system32;C:\Windows;C:\Program Files\Intel\WiFi\bin\;C:\Program Files\Common Files\Intel\WirelessCommon\;C:\Program Files (x86)\Java\jdk1.8.0_51\bin;C:\Users\Çý·É\AppData\Local\Programs\Git\cmd;C:\Users\Çý·É\AppData\Local\Programs\Git\mingw64\bin;C:\Users\Çý·É\AppData\Local\Programs\Git\usr\bin
USERNAME=Çý·É
OS=Windows_NT
PROCESSOR_IDENTIFIER=Intel64 Family 6 Model 61 Stepping 4, GenuineIntel



---------------  S Y S T E M  ---------------

OS: Windows 8.1 , 64 bit Build 9600 (6.3.9600.17415)

CPU:total 4 (2 cores per cpu, 2 threads per core) family 6 model 61 stepping 4, cmov, cx8, fxsr, mmx, sse, sse2, sse3, ssse3, sse4.1, sse4.2, popcnt, avx, avx2, aes, clmul, erms, 3dnowpref, lzcnt, ht, tsc, tscinvbit, bmi1, bmi2, adx

Memory: 4k page, physical 4097964k(213488k free), swap 7243692k(5136k free)

vm_info: Java HotSpot(TM) 64-Bit Server VM (25.65-b01) for windows-amd64 JRE (1.8.0_65-b17), built on Oct  6 2015 16:39:20 by "java_re" with MS VC++ 10.0 (VS2010)

time: Thu Dec 03 19:48:16 2015
elapsed time: 2 seconds (0d 0h 0m 2s)

