#
# There is insufficient memory for the Java Runtime Environment to continue.
# Native memory allocation (malloc) failed to allocate 382544 bytes for Chunk::new
# Possible reasons:
#   The system is out of physical RAM or swap space
#   In 32 bit mode, the process size limit was hit
# Possible solutions:
#   Reduce memory load on the system
#   Increase physical memory or swap space
#   Check if swap backing store is full
#   Use 64 bit Java on a 64 bit OS
#   Decrease Java heap size (-Xmx/-Xms)
#   Decrease number of Java threads
#   Decrease Java thread stack sizes (-Xss)
#   Set larger code cache with -XX:ReservedCodeCacheSize=
# This output file may be truncated or incomplete.
#
#  Out of Memory Error (allocation.cpp:390), pid=3792, tid=9200
#
# JRE version: Java(TM) SE Runtime Environment (8.0_65-b17) (build 1.8.0_65-b17)
# Java VM: Java HotSpot(TM) 64-Bit Server VM (25.65-b01 mixed mode windows-amd64 compressed oops)
# Failed to write core dump. Minidumps are not enabled by default on client versions of Windows
#

---------------  T H R E A D  ---------------

Current thread (0x0000000014aca000):  JavaThread "C2 CompilerThread0" daemon [_thread_in_native, id=9200, stack(0x0000000015fd0000,0x00000000160d0000)]

Stack: [0x0000000015fd0000,0x00000000160d0000]
[error occurred during error reporting (printing stack bounds), id 0xc0000005]

Native frames: (J=compiled Java code, j=interpreted, Vv=VM code, C=native code)


Current CompileTask:
C2:    910  609       4       com.android.dx.ssa.SsaBasicBlock::forEachInsn (37 bytes)


---------------  P R O C E S S  ---------------

Java Threads: ( => current thread )
  0x0000000016371000 JavaThread "pool-1-thread-4" [_thread_in_Java, id=3696, stack(0x00000000174d0000,0x00000000175d0000)]
  0x000000001639a800 JavaThread "pool-1-thread-3" [_thread_blocked, id=1152, stack(0x00000000173d0000,0x00000000174d0000)]
  0x0000000016399800 JavaThread "pool-1-thread-2" [_thread_blocked, id=5392, stack(0x00000000172d0000,0x00000000173d0000)]
  0x0000000016398800 JavaThread "pool-2-thread-1" [_thread_blocked, id=3676, stack(0x00000000171d0000,0x00000000172d0000)]
  0x0000000016441800 JavaThread "pool-1-thread-1" [_thread_in_Java, id=5396, stack(0x00000000170d0000,0x00000000171d0000)]
  0x0000000016148800 JavaThread "Service Thread" daemon [_thread_blocked, id=9152, stack(0x00000000166d0000,0x00000000167d0000)]
  0x0000000016122800 JavaThread "C1 CompilerThread2" daemon [_thread_in_vm, id=5188, stack(0x00000000165d0000,0x00000000166d0000)]
  0x000000001611c800 JavaThread "C2 CompilerThread1" daemon [_thread_blocked, id=1644, stack(0x00000000164d0000,0x00000000165d0000)]
=>0x0000000014aca000 JavaThread "C2 CompilerThread0" daemon [_thread_in_native, id=9200, stack(0x0000000015fd0000,0x00000000160d0000)]
  0x0000000014a7e800 JavaThread "Attach Listener" daemon [_thread_blocked, id=5352, stack(0x0000000015ed0000,0x0000000015fd0000)]
  0x0000000014a68000 JavaThread "Signal Dispatcher" daemon [_thread_blocked, id=9100, stack(0x0000000015dd0000,0x0000000015ed0000)]
  0x0000000002396000 JavaThread "Finalizer" daemon [_thread_blocked, id=4116, stack(0x0000000015cd0000,0x0000000015dd0000)]
  0x000000000238d000 JavaThread "Reference Handler" daemon [_thread_blocked, id=8456, stack(0x0000000015bd0000,0x0000000015cd0000)]
  0x0000000001dfd800 JavaThread "main" [_thread_blocked, id=8120, stack(0x00000000021a0000,0x00000000022a0000)]

Other Threads:
  0x0000000014a38000 VMThread [stack: 0x0000000015ad0000,0x0000000015bd0000] [id=9080]
  0x000000001619d800 WatcherThread [stack: 0x00000000167d0000,0x00000000168d0000] [id=6012]

VM state:not at safepoint (normal execution)

VM Mutex/Monitor currently owned by a thread:  ([mutex/lock_event])
[0x00000000022a1c50] MethodData_lock - owner thread: 0x0000000016122800

Heap:
 PSYoungGen      total 18944K, used 15453K [0x00000000eab00000, 0x00000000ec000000, 0x0000000100000000)
  eden space 16384K, 94% used [0x00000000eab00000,0x00000000eba17798,0x00000000ebb00000)
  from space 2560K, 0% used [0x00000000ebd80000,0x00000000ebd80000,0x00000000ec000000)
  to   space 2560K, 0% used [0x00000000ebb00000,0x00000000ebb00000,0x00000000ebd80000)
 ParOldGen       total 44032K, used 0K [0x00000000c0000000, 0x00000000c2b00000, 0x00000000eab00000)
  object space 44032K, 0% used [0x00000000c0000000,0x00000000c0000000,0x00000000c2b00000)
 Metaspace       used 5684K, capacity 6580K, committed 6784K, reserved 1056768K
  class space    used 597K, capacity 620K, committed 640K, reserved 1048576K

Card table byte_map: [0x0000000011760000,0x0000000011970000] byte_map_base: 0x0000000011160000

Marking Bits: (ParMarkBitMap*) 0x00000000549ca5b0
 Begin Bits: [0x0000000011ed0000, 0x0000000012ed0000)
 End Bits:   [0x0000000012ed0000, 0x0000000013ed0000)

Polling page: 0x0000000001d70000

CodeCache: size=245760Kb used=2548Kb max_used=2548Kb free=243211Kb
 bounds [0x00000000023a0000, 0x0000000002620000, 0x00000000113a0000]
 total_blobs=915 nmethods=644 adapters=184
 compilation: enabled

Compilation events (10 events):
Event: 0.901 Thread 0x0000000016122800  647       3       com.android.dx.rop.cst.CstType::compareTo0 (25 bytes)
Event: 0.901 Thread 0x000000001611c800 nmethod 638 0x000000000260b290 code [0x000000000260b3e0, 0x000000000260b4f8]
Event: 0.901 Thread 0x0000000016122800 nmethod 647 0x000000000260c1d0 code [0x000000000260c340, 0x000000000260c788]
Event: 0.901 Thread 0x0000000016122800  645       3       com.android.dx.rop.code.BasicBlock::getLastInsn (8 bytes)
Event: 0.901 Thread 0x0000000016122800 nmethod 645 0x0000000002615450 code [0x00000000026155e0, 0x0000000002615b88]
Event: 0.901 Thread 0x0000000016122800  634       3       com.android.dx.ssa.back.InterferenceGraph::add (46 bytes)
Event: 0.903 Thread 0x0000000016122800 nmethod 634 0x0000000002613d50 code [0x0000000002613fc0, 0x0000000002614bc8]
Event: 0.903 Thread 0x0000000016122800  653       3       com.android.dx.cf.code.RopperMachine::getSources (264 bytes)
Event: 0.908 Thread 0x0000000016122800 nmethod 653 0x0000000002615d50 code [0x0000000002616360, 0x000000000261acf8]
Event: 0.908 Thread 0x0000000016122800  657       3       com.android.dx.ssa.SsaMethod::bitSetFromLabelList (47 bytes)

GC Heap History (0 events):
No events

Deoptimization events (2 events):
Event: 0.828 Thread 0x0000000016371000 Uncommon trap: reason=unstable_if action=reinterpret pc=0x00000000025b70f0 method=java.util.BitSet.nextSetBit(I)I @ 87
Event: 0.830 Thread 0x0000000001dfd800 Uncommon trap: reason=unstable_if action=reinterpret pc=0x00000000025b1bdc method=java.util.HashMap.getNode(ILjava/lang/Object;)Ljava/util/HashMap$Node; @ 129

Internal exceptions (2 events):
Event: 0.097 Thread 0x0000000001dfd800 Exception <a 'java/lang/NoSuchMethodError': Method sun.misc.Unsafe.defineClass(Ljava/lang/String;[BII)Ljava/lang/Class; name or signature does not match> (0x00000000eab12fe0) thrown at [C:\workspace\8-2-build-windows-amd64-cygwin\jdk8u65\4987\hotspot\src\sìbvcNä¸?
Event: 0.097 Thread 0x0000000001dfd800 Exception <a 'java/lang/NoSuchMethodError': Method sun.misc.Unsafe.prefetchRead(Ljava/lang/Object;J)V name or signature does not match> (0x00000000eab132c8) thrown at [C:\workspace\8-2-build-windows-amd64-cygwin\jdk8u65\4987\hotspot\src\share\vm\prims\jni.

Events (10 events):
Event: 0.807 loading class com/android/dx/rop/code/LocalItem
Event: 0.807 loading class com/android/dx/rop/code/LocalItem done
Event: 0.828 Thread 0x0000000016371000 Uncommon trap: trap_request=0xffffff65 fr.pc=0x00000000025b70f0
Event: 0.828 Thread 0x0000000016371000 DEOPT PACKING pc=0x00000000025b70f0 sp=0x00000000175ced30
Event: 0.828 Thread 0x0000000016371000 DEOPT UNPACKING pc=0x00000000023e582a sp=0x00000000175cecc8 mode 2
Event: 0.830 Thread 0x0000000001dfd800 Uncommon trap: trap_request=0xffffff65 fr.pc=0x00000000025b1bdc
Event: 0.830 Thread 0x0000000001dfd800 DEOPT PACKING pc=0x00000000025b1bdc sp=0x000000000229e5d0
Event: 0.830 Thread 0x0000000001dfd800 DEOPT UNPACKING pc=0x00000000023e582a sp=0x000000000229e548 mode 2
Event: 0.841 loading class com/android/dx/rop/code/RegOps
Event: 0.841 loading class com/android/dx/rop/code/RegOps done


Dynamic libraries:
0x00007ff704e40000 - 0x00007ff704e77000 	C:\Program Files\Java\jdk1.8.0_65\bin\java.exe
0x00007ff94b770000 - 0x00007ff94b91c000 	C:\Windows\SYSTEM32\ntdll.dll
0x00007ff94a620000 - 0x00007ff94a75e000 	C:\Windows\system32\KERNEL32.DLL
0x00007ff948af0000 - 0x00007ff948c05000 	C:\Windows\system32\KERNELBASE.dll
0x00007ff947460000 - 0x00007ff9474ee000 	C:\Windows\system32\apphelp.dll
0x00007ff9318b0000 - 0x00007ff931903000 	C:\Windows\AppPatch\AppPatch64\AcGenral.DLL
0x00007ff94b330000 - 0x00007ff94b3da000 	C:\Windows\system32\msvcrt.dll
0x00007ff948760000 - 0x00007ff94878e000 	C:\Windows\SYSTEM32\SspiCli.dll
0x00007ff94a8f0000 - 0x00007ff94a944000 	C:\Windows\system32\SHLWAPI.dll
0x00007ff94a770000 - 0x00007ff94a8e7000 	C:\Windows\system32\USER32.dll
0x00007ff94ab30000 - 0x00007ff94acc4000 	C:\Windows\system32\ole32.dll
0x00007ff949030000 - 0x00007ff94a55b000 	C:\Windows\system32\SHELL32.dll
0x00007ff947ee0000 - 0x00007ff947f01000 	C:\Windows\SYSTEM32\USERENV.dll
0x00007ff94aa80000 - 0x00007ff94ab2a000 	C:\Windows\system32\ADVAPI32.dll
0x00007ff93b590000 - 0x00007ff93b5ae000 	C:\Windows\SYSTEM32\MPR.dll
0x00007ff948e80000 - 0x00007ff948fc1000 	C:\Windows\system32\RPCRT4.dll
0x00007ff94aed0000 - 0x00007ff94af29000 	C:\Windows\SYSTEM32\sechost.dll
0x00007ff94b3e0000 - 0x00007ff94b5f1000 	C:\Windows\SYSTEM32\combase.dll
0x00007ff94af30000 - 0x00007ff94b07f000 	C:\Windows\system32\GDI32.dll
0x00007ff9488c0000 - 0x00007ff9488d5000 	C:\Windows\SYSTEM32\profapi.dll
0x00007ff946c80000 - 0x00007ff946d32000 	C:\Windows\SYSTEM32\SHCORE.dll
0x00007ff94ae80000 - 0x00007ff94aeb6000 	C:\Windows\system32\IMM32.DLL
0x00007ff94b610000 - 0x00007ff94b762000 	C:\Windows\system32\MSCTF.dll
0x00007ff946120000 - 0x00007ff94639b000 	C:\Windows\WinSxS\amd64_microsoft.windows.common-controls_6595b64144ccf1df_6.0.9600.18006_none_623f33d3ecbe86e8\COMCTL32.dll
0x00000000540e0000 - 0x00000000541b2000 	C:\Program Files\Java\jdk1.8.0_65\jre\bin\msvcr100.dll
0x00000000541c0000 - 0x0000000054a49000 	C:\Program Files\Java\jdk1.8.0_65\jre\bin\server\jvm.dll
0x00007ff93f2f0000 - 0x00007ff93f2f9000 	C:\Windows\SYSTEM32\WSOCK32.dll
0x00007ff941bc0000 - 0x00007ff941be2000 	C:\Windows\SYSTEM32\WINMM.dll
0x00007ff93f2e0000 - 0x00007ff93f2ea000 	C:\Windows\SYSTEM32\VERSION.dll
0x00007ff94b600000 - 0x00007ff94b607000 	C:\Windows\system32\PSAPI.DLL
0x00007ff94aa20000 - 0x00007ff94aa7a000 	C:\Windows\system32\WS2_32.dll
0x00007ff9417f0000 - 0x00007ff94181a000 	C:\Windows\SYSTEM32\WINMMBASE.dll
0x00007ff94b260000 - 0x00007ff94b269000 	C:\Windows\system32\NSI.dll
0x00007ff948aa0000 - 0x00007ff948aef000 	C:\Windows\SYSTEM32\cfgmgr32.dll
0x00007ff9476e0000 - 0x00007ff947708000 	C:\Windows\SYSTEM32\DEVOBJ.dll
0x00000000550a0000 - 0x00000000550af000 	C:\Program Files\Java\jdk1.8.0_65\jre\bin\verify.dll
0x0000000055070000 - 0x0000000055099000 	C:\Program Files\Java\jdk1.8.0_65\jre\bin\java.dll
0x0000000055050000 - 0x0000000055066000 	C:\Program Files\Java\jdk1.8.0_65\jre\bin\zip.dll

VM Arguments:
jvm_args: -Xmx1024M -Dfile.encoding=x-windows-949 -Duser.country=KR -Duser.language=ko -Duser.variant 
java_command: com.android.dx.command.Main --dex --num-threads=4 --output C:\Users\Public\Downloads\MyApplication5_1\app\build\intermediates\pre-dexed\debug\classes-e030ec5d3cdf66b1e71f2cb16f072d428d1dab09.jar C:\Users\Public\Downloads\MyApplication5_1\app\build\intermediates\exploded-aar\com.google.android.gms\play-services-nearby\8.1.0\jars\classes.jar
java_class_path (initial): C:\Users\Public\Downloads\build-tools\23.0.2\lib\dx.jar
Launcher Type: SUN_STANDARD

Environment Variables:
JAVA_HOME=C:\Program Files (x86)\Java\jdk1.8.0_51
CLASSPATH=.;C:\Program Files (x86)\Java\jdk1.8.0_51\bin;
PATH=C:\ProgramData\Oracle\Java\javapath;C:\Program Files\Intel\WiFi\bin\;C:\Program Files\Common Files\Intel\WirelessCommon\;C:\Program Files (x86)\Java\jdk1.8.0_51\bin;C:\Program Files\Microsoft\Web Platform Installer\;C:\Program Files (x86)\Windows Kits\8.1\Windows Performance Toolkit\C:\Windows\system32;C:\Windows;C:\Program Files\Intel\WiFi\bin\;C:\Program Files\Common Files\Intel\WirelessCommon\;C:\Program Files (x86)\Java\jdk1.8.0_51\bin;C:\Users\Çý·É\AppData\Local\Programs\Git\cmd;C:\Users\Çý·É\AppData\Local\Programs\Git\mingw64\bin;C:\Users\Çý·É\AppData\Local\Programs\Git\usr\bin
USERNAME=Çý·É
OS=Windows_NT
PROCESSOR_IDENTIFIER=Intel64 Family 6 Model 61 Stepping 4, GenuineIntel



---------------  S Y S T E M  ---------------

OS: Windows 8.1 , 64 bit Build 9600 (6.3.9600.17415)

CPU:total 4 (2 cores per cpu, 2 threads per core) family 6 model 61 stepping 4, cmov, cx8, fxsr, mmx, sse, sse2, sse3, ssse3, sse4.1, sse4.2, popcnt, avx, avx2, aes, clmul, erms, 3dnowpref, lzcnt, ht, tsc, tscinvbit, bmi1, bmi2, adx

Memory: 4k page, physical 4097964k(343416k free), swap 7243692k(5068k free)

vm_info: Java HotSpot(TM) 64-Bit Server VM (25.65-b01) for windows-amd64 JRE (1.8.0_65-b17), built on Oct  6 2015 16:39:20 by "java_re" with MS VC++ 10.0 (VS2010)

time: Thu Dec 03 19:51:52 2015
elapsed time: 0 seconds (0d 0h 0m 0s)

