#
# There is insufficient memory for the Java Runtime Environment to continue.
# Native memory allocation (malloc) failed to allocate 131088 bytes for Chunk::new
# Possible reasons:
#   The system is out of physical RAM or swap space
#   In 32 bit mode, the process size limit was hit
# Possible solutions:
#   Reduce memory load on the system
#   Increase physical memory or swap space
#   Check if swap backing store is full
#   Use 64 bit Java on a 64 bit OS
#   Decrease Java heap size (-Xmx/-Xms)
#   Decrease number of Java threads
#   Decrease Java thread stack sizes (-Xss)
#   Set larger code cache with -XX:ReservedCodeCacheSize=
# This output file may be truncated or incomplete.
#
#  Out of Memory Error (allocation.cpp:390), pid=9212, tid=5672
#
# JRE version: Java(TM) SE Runtime Environment (8.0_65-b17) (build 1.8.0_65-b17)
# Java VM: Java HotSpot(TM) 64-Bit Server VM (25.65-b01 mixed mode windows-amd64 compressed oops)
# Failed to write core dump. Minidumps are not enabled by default on client versions of Windows
#

---------------  T H R E A D  ---------------

Current thread (0x00000000162c3800):  JavaThread "C2 CompilerThread1" daemon [_thread_in_native, id=5672, stack(0x0000000016670000,0x0000000016770000)]

Stack: [0x0000000016670000,0x0000000016770000]
[error occurred during error reporting (printing stack bounds), id 0xc0000005]

Native frames: (J=compiled Java code, j=interpreted, Vv=VM code, C=native code)


Current CompileTask:
C2:   6124 1430       4       com.android.dx.ssa.SCCP::simulatePhi (169 bytes)


---------------  P R O C E S S  ---------------

Java Threads: ( => current thread )
  0x0000000016577000 JavaThread "pool-1-thread-4" [_thread_in_Java, id=8960, stack(0x0000000016e70000,0x0000000016f70000)]
  0x0000000016575800 JavaThread "pool-1-thread-3" [_thread_blocked, id=7384, stack(0x0000000016d70000,0x0000000016e70000)]
  0x000000001655f800 JavaThread "pool-1-thread-2" [_thread_blocked, id=5580, stack(0x0000000016c70000,0x0000000016d70000)]
  0x0000000016419000 JavaThread "pool-2-thread-1" [_thread_blocked, id=8880, stack(0x0000000016b70000,0x0000000016c70000)]
  0x0000000016461000 JavaThread "pool-1-thread-1" [_thread_in_Java, id=9048, stack(0x0000000016a70000,0x0000000016b70000)]
  0x00000000162d0000 JavaThread "Service Thread" daemon [_thread_blocked, id=8136, stack(0x0000000016870000,0x0000000016970000)]
  0x00000000162c9800 JavaThread "C1 CompilerThread2" daemon [_thread_blocked, id=4004, stack(0x0000000016770000,0x0000000016870000)]
=>0x00000000162c3800 JavaThread "C2 CompilerThread1" daemon [_thread_in_native, id=5672, stack(0x0000000016670000,0x0000000016770000)]
  0x0000000014c1d000 JavaThread "C2 CompilerThread0" daemon [_thread_in_native, id=8536, stack(0x0000000016170000,0x0000000016270000)]
  0x0000000014c1b800 JavaThread "Attach Listener" daemon [_thread_blocked, id=5008, stack(0x0000000016070000,0x0000000016170000)]
  0x0000000014c1a800 JavaThread "Signal Dispatcher" daemon [_thread_blocked, id=4108, stack(0x0000000015f70000,0x0000000016070000)]
  0x0000000002536000 JavaThread "Finalizer" daemon [_thread_blocked, id=2652, stack(0x0000000015e70000,0x0000000015f70000)]
  0x000000000252d000 JavaThread "Reference Handler" daemon [_thread_blocked, id=8260, stack(0x0000000015d70000,0x0000000015e70000)]
  0x0000000001fdd800 JavaThread "main" [_thread_blocked, id=7496, stack(0x0000000002340000,0x0000000002440000)]

Other Threads:
  0x0000000014bd8000 VMThread [stack: 0x0000000015c70000,0x0000000015d70000] [id=6160]
  0x0000000016321800 WatcherThread [stack: 0x0000000016970000,0x0000000016a70000] [id=1652]

VM state:not at safepoint (normal execution)

VM Mutex/Monitor currently owned by a thread: None

Heap:
 PSYoungGen      total 35328K, used 3754K [0x00000000eab00000, 0x00000000ed000000, 0x0000000100000000)
  eden space 32768K, 3% used [0x00000000eab00000,0x00000000eac30430,0x00000000ecb00000)
  from space 2560K, 99% used [0x00000000ecb00000,0x00000000ecd7a628,0x00000000ecd80000)
  to   space 2560K, 0% used [0x00000000ecd80000,0x00000000ecd80000,0x00000000ed000000)
 ParOldGen       total 44032K, used 8950K [0x00000000c0000000, 0x00000000c2b00000, 0x00000000eab00000)
  object space 44032K, 20% used [0x00000000c0000000,0x00000000c08bd820,0x00000000c2b00000)
 Metaspace       used 6193K, capacity 7028K, committed 7296K, reserved 1056768K
  class space    used 598K, capacity 620K, committed 640K, reserved 1048576K

Card table byte_map: [0x0000000011900000,0x0000000011b10000] byte_map_base: 0x0000000011300000

Marking Bits: (ParMarkBitMap*) 0x00000000549ca5b0
 Begin Bits: [0x0000000012070000, 0x0000000013070000)
 End Bits:   [0x0000000013070000, 0x0000000014070000)

Polling page: 0x0000000001ee0000

CodeCache: size=245760Kb used=6512Kb max_used=6556Kb free=239247Kb
 bounds [0x0000000002540000, 0x0000000002bc0000, 0x0000000011540000]
 total_blobs=1769 nmethods=1497 adapters=184
 compilation: enabled

Compilation events (10 events):
Event: 5.347 Thread 0x00000000162c9800 1511       3       java.util.Collections::unmodifiableCollection (9 bytes)
Event: 5.347 Thread 0x00000000162c9800 nmethod 1511 0x0000000002b4bed0 code [0x0000000002b4c060, 0x0000000002b4c3a8]
Event: 5.904 Thread 0x00000000162c9800 1512       3       java.lang.String::<init> (15 bytes)
Event: 5.904 Thread 0x00000000162c9800 nmethod 1512 0x0000000002b4b790 code [0x0000000002b4b920, 0x0000000002b4bd08]
Event: 5.909 Thread 0x00000000162c3800 nmethod 1439 0x0000000002b873d0 code [0x0000000002b87620, 0x0000000002b89308]
Event: 5.909 Thread 0x00000000162c3800 1430       4       com.android.dx.ssa.SCCP::simulatePhi (169 bytes)
Event: 5.932 Thread 0x0000000014c1d000 nmethod 1353 0x0000000002b97e10 code [0x0000000002b98780, 0x0000000002ba4210]
Event: 5.933 Thread 0x0000000014c1d000 1426       4       com.android.dx.cf.code.RopperMachine::getSources (264 bytes)
Event: 5.957 Thread 0x0000000014c1d000 nmethod 1426 0x0000000002b96290 code [0x0000000002b96480, 0x0000000002b96f18]
Event: 5.958 Thread 0x0000000014c1d000 1427       4       com.android.dx.cf.code.ValueAwareMachine::run (1142 bytes)

GC Heap History (6 events):
Event: 2.423 GC heap before
{Heap before GC invocations=1 (full 0):
 PSYoungGen      total 18944K, used 16384K [0x00000000eab00000, 0x00000000ec000000, 0x0000000100000000)
  eden space 16384K, 100% used [0x00000000eab00000,0x00000000ebb00000,0x00000000ebb00000)
  from space 2560K, 0% used [0x00000000ebd80000,0x00000000ebd80000,0x00000000ec000000)
  to   space 2560K, 0% used [0x00000000ebb00000,0x00000000ebb00000,0x00000000ebd80000)
 ParOldGen       total 44032K, used 0K [0x00000000c0000000, 0x00000000c2b00000, 0x00000000eab00000)
  object space 44032K, 0% used [0x00000000c0000000,0x00000000c0000000,0x00000000c2b00000)
 Metaspace       used 5782K, capacity 6708K, committed 6784K, reserved 1056768K
  class space    used 596K, capacity 620K, committed 640K, reserved 1048576K
Event: 2.651 GC heap after
Heap after GC invocations=1 (full 0):
 PSYoungGen      total 18944K, used 2548K [0x00000000eab00000, 0x00000000ed000000, 0x0000000100000000)
  eden space 16384K, 0% used [0x00000000eab00000,0x00000000eab00000,0x00000000ebb00000)
  from space 2560K, 99% used [0x00000000ebb00000,0x00000000ebd7d0b8,0x00000000ebd80000)
  to   space 2560K, 0% used [0x00000000ecd80000,0x00000000ecd80000,0x00000000ed000000)
 ParOldGen       total 44032K, used 1816K [0x00000000c0000000, 0x00000000c2b00000, 0x00000000eab00000)
  object space 44032K, 4% used [0x00000000c0000000,0x00000000c01c60a8,0x00000000c2b00000)
 Metaspace       used 5782K, capacity 6708K, committed 6784K, reserved 1056768K
  class space    used 596K, capacity 620K, committed 640K, reserved 1048576K
}
Event: 3.994 GC heap before
{Heap before GC invocations=2 (full 0):
 PSYoungGen      total 18944K, used 18932K [0x00000000eab00000, 0x00000000ed000000, 0x0000000100000000)
  eden space 16384K, 100% used [0x00000000eab00000,0x00000000ebb00000,0x00000000ebb00000)
  from space 2560K, 99% used [0x00000000ebb00000,0x00000000ebd7d0b8,0x00000000ebd80000)
  to   space 2560K, 0% used [0x00000000ecd80000,0x00000000ecd80000,0x00000000ed000000)
 ParOldGen       total 44032K, used 1816K [0x00000000c0000000, 0x00000000c2b00000, 0x00000000eab00000)
  object space 44032K, 4% used [0x00000000c0000000,0x00000000c01c60a8,0x00000000c2b00000)
 Metaspace       used 6043K, capacity 6964K, committed 7040K, reserved 1056768K
  class space    used 597K, capacity 620K, committed 640K, reserved 1048576K
Event: 4.394 GC heap after
Heap after GC invocations=2 (full 0):
 PSYoungGen      total 35328K, used 2553K [0x00000000eab00000, 0x00000000ed000000, 0x0000000100000000)
  eden space 32768K, 0% used [0x00000000eab00000,0x00000000eab00000,0x00000000ecb00000)
  from space 2560K, 99% used [0x00000000ecd80000,0x00000000ecffe638,0x00000000ed000000)
  to   space 2560K, 0% used [0x00000000ecb00000,0x00000000ecb00000,0x00000000ecd80000)
 ParOldGen       total 44032K, used 4065K [0x00000000c0000000, 0x00000000c2b00000, 0x00000000eab00000)
  object space 44032K, 9% used [0x00000000c0000000,0x00000000c03f8510,0x00000000c2b00000)
 Metaspace       used 6043K, capacity 6964K, committed 7040K, reserved 1056768K
  class space    used 597K, capacity 620K, committed 640K, reserved 1048576K
}
Event: 6.076 GC heap before
{Heap before GC invocations=3 (full 0):
 PSYoungGen      total 35328K, used 35321K [0x00000000eab00000, 0x00000000ed000000, 0x0000000100000000)
  eden space 32768K, 100% used [0x00000000eab00000,0x00000000ecb00000,0x00000000ecb00000)
  from space 2560K, 99% used [0x00000000ecd80000,0x00000000ecffe638,0x00000000ed000000)
  to   space 2560K, 0% used [0x00000000ecb00000,0x00000000ecb00000,0x00000000ecd80000)
 ParOldGen       total 44032K, used 4065K [0x00000000c0000000, 0x00000000c2b00000, 0x00000000eab00000)
  object space 44032K, 9% used [0x00000000c0000000,0x00000000c03f8510,0x00000000c2b00000)
 Metaspace       used 6193K, capacity 7028K, committed 7296K, reserved 1056768K
  class space    used 598K, capacity 620K, committed 640K, reserved 1048576K
Event: 6.103 GC heap after
Heap after GC invocations=3 (full 0):
 PSYoungGen      total 35328K, used 2537K [0x00000000eab00000, 0x00000000ed000000, 0x0000000100000000)
  eden space 32768K, 0% used [0x00000000eab00000,0x00000000eab00000,0x00000000ecb00000)
  from space 2560K, 99% used [0x00000000ecb00000,0x00000000ecd7a628,0x00000000ecd80000)
  to   space 2560K, 0% used [0x00000000ecd80000,0x00000000ecd80000,0x00000000ed000000)
 ParOldGen       total 44032K, used 8950K [0x00000000c0000000, 0x00000000c2b00000, 0x00000000eab00000)
  object space 44032K, 20% used [0x00000000c0000000,0x00000000c08bd820,0x00000000c2b00000)
 Metaspace       used 6193K, capacity 7028K, committed 7296K, reserved 1056768K
  class space    used 598K, capacity 620K, committed 640K, reserved 1048576K
}

Deoptimization events (10 events):
Event: 4.453 Thread 0x0000000016575800 Uncommon trap: reason=bimorphic action=maybe_recompile pc=0x0000000002a70b64 method=com.android.dx.cf.code.BytecodeArray.parseInstruction(ILcom/android/dx/cf/code/BytecodeArray$Visitor;)I @ 1501
Event: 4.454 Thread 0x0000000016575800 Uncommon trap: reason=bimorphic action=maybe_recompile pc=0x0000000002a70b64 method=com.android.dx.cf.code.BytecodeArray.parseInstruction(ILcom/android/dx/cf/code/BytecodeArray$Visitor;)I @ 1501
Event: 4.457 Thread 0x0000000016575800 Uncommon trap: reason=unstable_if action=reinterpret pc=0x00000000028a9ddc method=com.android.dx.rop.cst.Constant.compareTo(Lcom/android/dx/rop/cst/Constant;)I @ 12
Event: 4.485 Thread 0x0000000016577000 Uncommon trap: reason=unstable_if action=reinterpret pc=0x00000000029796a0 method=com.android.dx.ssa.SCCP.simulateStmt(Lcom/android/dx/ssa/SsaInsn;)V @ 53
Event: 5.108 Thread 0x0000000001fdd800 Uncommon trap: reason=unstable_if action=reinterpret pc=0x0000000002801190 method=java.lang.String.<init>([CII)V @ 18
Event: 5.135 Thread 0x0000000001fdd800 Uncommon trap: reason=unstable_if action=reinterpret pc=0x000000000272a428 method=java.lang.String.<init>([CII)V @ 18
Event: 5.205 Thread 0x0000000001fdd800 Uncommon trap: reason=unstable_if action=reinterpret pc=0x0000000002afc574 method=com.android.dx.ssa.SCCP.simulateBranch(Lcom/android/dx/ssa/SsaInsn;)V @ 548
Event: 5.239 Thread 0x0000000016461000 Uncommon trap: reason=uninitialized action=reinterpret pc=0x0000000002a711fc method=com.android.dx.cf.code.BytecodeArray.parseInstruction(ILcom/android/dx/cf/code/BytecodeArray$Visitor;)I @ 1095
Event: 5.969 Thread 0x0000000016461000 Uncommon trap: reason=bimorphic action=maybe_recompile pc=0x00000000027a92fc method=java.util.HashMap.getNode(ILjava/lang/Object;)Ljava/util/HashMap$Node; @ 126
Event: 5.969 Thread 0x0000000016461000 Uncommon trap: reason=bimorphic action=maybe_recompile pc=0x00000000027a92fc method=java.util.HashMap.getNode(ILjava/lang/Object;)Ljava/util/HashMap$Node; @ 126

Internal exceptions (3 events):
Event: 0.129 Thread 0x0000000001fdd800 Exception <a 'java/lang/NoSuchMethodError': Method sun.misc.Unsafe.defineClass(Ljava/lang/String;[BII)Ljava/lang/Class; name or signature does not match> (0x00000000eab13068) thrown at [C:\workspace\8-2-build-windows-amd64-cygwin\jdk8u65\4987\hotspot\src\s"}`‚À?
Event: 0.129 Thread 0x0000000001fdd800 Exception <a 'java/lang/NoSuchMethodError': Method sun.misc.Unsafe.prefetchRead(Ljava/lang/Object;J)V name or signature does not match> (0x00000000eab13350) thrown at [C:\workspace\8-2-build-windows-amd64-cygwin\jdk8u65\4987\hotspot\src\share\vm\prims\jni.’+¤3J@
Event: 2.812 Thread 0x0000000016577000 Implicit null exception at 0x0000000002869fe2 to 0x000000000286a0da

Events (10 events):
Event: 5.239 Thread 0x0000000016461000 DEOPT PACKING pc=0x0000000002a711fc sp=0x0000000016b6e970
Event: 5.239 Thread 0x0000000016461000 DEOPT UNPACKING pc=0x000000000258582a sp=0x0000000016b6e8f0 mode 2
Event: 5.969 Thread 0x0000000016461000 Uncommon trap: trap_request=0xffffffc6 fr.pc=0x00000000027a92fc
Event: 5.969 Thread 0x0000000016461000 DEOPT PACKING pc=0x00000000027a92fc sp=0x0000000016b6e750
Event: 5.969 Thread 0x0000000016461000 DEOPT UNPACKING pc=0x000000000258582a sp=0x0000000016b6e658 mode 2
Event: 5.969 Thread 0x0000000016461000 Uncommon trap: trap_request=0xffffffc6 fr.pc=0x00000000027a92fc
Event: 5.969 Thread 0x0000000016461000 DEOPT PACKING pc=0x00000000027a92fc sp=0x0000000016b6e750
Event: 5.969 Thread 0x0000000016461000 DEOPT UNPACKING pc=0x000000000258582a sp=0x0000000016b6e658 mode 2
Event: 5.973 Executing VM operation: ParallelGCFailedAllocation
Event: 6.103 Executing VM operation: ParallelGCFailedAllocation done


Dynamic libraries:
0x00007ff704e40000 - 0x00007ff704e77000 	C:\Program Files\Java\jdk1.8.0_65\bin\java.exe
0x00007ff94b770000 - 0x00007ff94b91c000 	C:\Windows\SYSTEM32\ntdll.dll
0x00007ff94a620000 - 0x00007ff94a75e000 	C:\Windows\system32\KERNEL32.DLL
0x00007ff948af0000 - 0x00007ff948c05000 	C:\Windows\system32\KERNELBASE.dll
0x00007ff947460000 - 0x00007ff9474ee000 	C:\Windows\system32\apphelp.dll
0x00007ff9318b0000 - 0x00007ff931903000 	C:\Windows\AppPatch\AppPatch64\AcGenral.DLL
0x00007ff94b330000 - 0x00007ff94b3da000 	C:\Windows\system32\msvcrt.dll
0x00007ff948760000 - 0x00007ff94878e000 	C:\Windows\SYSTEM32\SspiCli.dll
0x00007ff94a8f0000 - 0x00007ff94a944000 	C:\Windows\system32\SHLWAPI.dll
0x00007ff94a770000 - 0x00007ff94a8e7000 	C:\Windows\system32\USER32.dll
0x00007ff94ab30000 - 0x00007ff94acc4000 	C:\Windows\system32\ole32.dll
0x00007ff949030000 - 0x00007ff94a55b000 	C:\Windows\system32\SHELL32.dll
0x00007ff947ee0000 - 0x00007ff947f01000 	C:\Windows\SYSTEM32\USERENV.dll
0x00007ff94aa80000 - 0x00007ff94ab2a000 	C:\Windows\system32\ADVAPI32.dll
0x00007ff93b590000 - 0x00007ff93b5ae000 	C:\Windows\SYSTEM32\MPR.dll
0x00007ff948e80000 - 0x00007ff948fc1000 	C:\Windows\system32\RPCRT4.dll
0x00007ff94aed0000 - 0x00007ff94af29000 	C:\Windows\SYSTEM32\sechost.dll
0x00007ff94b3e0000 - 0x00007ff94b5f1000 	C:\Windows\SYSTEM32\combase.dll
0x00007ff94af30000 - 0x00007ff94b07f000 	C:\Windows\system32\GDI32.dll
0x00007ff9488c0000 - 0x00007ff9488d5000 	C:\Windows\SYSTEM32\profapi.dll
0x00007ff946c80000 - 0x00007ff946d32000 	C:\Windows\SYSTEM32\SHCORE.dll
0x00007ff94ae80000 - 0x00007ff94aeb6000 	C:\Windows\system32\IMM32.DLL
0x00007ff94b610000 - 0x00007ff94b762000 	C:\Windows\system32\MSCTF.dll
0x00007ff946120000 - 0x00007ff94639b000 	C:\Windows\WinSxS\amd64_microsoft.windows.common-controls_6595b64144ccf1df_6.0.9600.18006_none_623f33d3ecbe86e8\COMCTL32.dll
0x00000000540e0000 - 0x00000000541b2000 	C:\Program Files\Java\jdk1.8.0_65\jre\bin\msvcr100.dll
0x00000000541c0000 - 0x0000000054a49000 	C:\Program Files\Java\jdk1.8.0_65\jre\bin\server\jvm.dll
0x00007ff93f2f0000 - 0x00007ff93f2f9000 	C:\Windows\SYSTEM32\WSOCK32.dll
0x00007ff941bc0000 - 0x00007ff941be2000 	C:\Windows\SYSTEM32\WINMM.dll
0x00007ff93f2e0000 - 0x00007ff93f2ea000 	C:\Windows\SYSTEM32\VERSION.dll
0x00007ff94b600000 - 0x00007ff94b607000 	C:\Windows\system32\PSAPI.DLL
0x00007ff94aa20000 - 0x00007ff94aa7a000 	C:\Windows\system32\WS2_32.dll
0x00007ff9417f0000 - 0x00007ff94181a000 	C:\Windows\SYSTEM32\WINMMBASE.dll
0x00007ff94b260000 - 0x00007ff94b269000 	C:\Windows\system32\NSI.dll
0x00007ff948aa0000 - 0x00007ff948aef000 	C:\Windows\SYSTEM32\cfgmgr32.dll
0x00007ff9476e0000 - 0x00007ff947708000 	C:\Windows\SYSTEM32\DEVOBJ.dll
0x00000000550a0000 - 0x00000000550af000 	C:\Program Files\Java\jdk1.8.0_65\jre\bin\verify.dll
0x0000000055070000 - 0x0000000055099000 	C:\Program Files\Java\jdk1.8.0_65\jre\bin\java.dll
0x0000000055050000 - 0x0000000055066000 	C:\Program Files\Java\jdk1.8.0_65\jre\bin\zip.dll

VM Arguments:
jvm_args: -Xmx1024M -Dfile.encoding=x-windows-949 -Duser.country=KR -Duser.language=ko -Duser.variant 
java_command: com.android.dx.command.Main --dex --num-threads=4 --output C:\Users\Public\Downloads\MyApplication5_1\app\build\intermediates\pre-dexed\debug\classes-57b2b2f58265510690e4e7403e5698c596fe19b0.jar C:\Users\Public\Downloads\MyApplication5_1\app\build\intermediates\exploded-aar\com.google.android.gms\play-services-measurement\8.1.0\jars\classes.jar
java_class_path (initial): C:\Users\Public\Downloads\build-tools\23.0.2\lib\dx.jar
Launcher Type: SUN_STANDARD

Environment Variables:
JAVA_HOME=C:\Program Files (x86)\Java\jdk1.8.0_51
CLASSPATH=.;C:\Program Files (x86)\Java\jdk1.8.0_51\bin;
PATH=C:\ProgramData\Oracle\Java\javapath;C:\Program Files\Intel\WiFi\bin\;C:\Program Files\Common Files\Intel\WirelessCommon\;C:\Program Files (x86)\Java\jdk1.8.0_51\bin;C:\Program Files\Microsoft\Web Platform Installer\;C:\Program Files (x86)\Windows Kits\8.1\Windows Performance Toolkit\C:\Windows\system32;C:\Windows;C:\Program Files\Intel\WiFi\bin\;C:\Program Files\Common Files\Intel\WirelessCommon\;C:\Program Files (x86)\Java\jdk1.8.0_51\bin;C:\Users\Çý·É\AppData\Local\Programs\Git\cmd;C:\Users\Çý·É\AppData\Local\Programs\Git\mingw64\bin;C:\Users\Çý·É\AppData\Local\Programs\Git\usr\bin
USERNAME=Çý·É
OS=Windows_NT
PROCESSOR_IDENTIFIER=Intel64 Family 6 Model 61 Stepping 4, GenuineIntel



---------------  S Y S T E M  ---------------

OS: Windows 8.1 , 64 bit Build 9600 (6.3.9600.17415)

CPU:total 4 (2 cores per cpu, 2 threads per core) family 6 model 61 stepping 4, cmov, cx8, fxsr, mmx, sse, sse2, sse3, ssse3, sse4.1, sse4.2, popcnt, avx, avx2, aes, clmul, erms, 3dnowpref, lzcnt, ht, tsc, tscinvbit, bmi1, bmi2, adx

Memory: 4k page, physical 4097964k(332544k free), swap 7243692k(1552k free)

vm_info: Java HotSpot(TM) 64-Bit Server VM (25.65-b01) for windows-amd64 JRE (1.8.0_65-b17), built on Oct  6 2015 16:39:20 by "java_re" with MS VC++ 10.0 (VS2010)

time: Thu Dec 03 19:39:45 2015
elapsed time: 6 seconds (0d 0h 0m 6s)

