#
# There is insufficient memory for the Java Runtime Environment to continue.
# Native memory allocation (malloc) failed to allocate 385936 bytes for Chunk::new
# Possible reasons:
#   The system is out of physical RAM or swap space
#   In 32 bit mode, the process size limit was hit
# Possible solutions:
#   Reduce memory load on the system
#   Increase physical memory or swap space
#   Check if swap backing store is full
#   Use 64 bit Java on a 64 bit OS
#   Decrease Java heap size (-Xmx/-Xms)
#   Decrease number of Java threads
#   Decrease Java thread stack sizes (-Xss)
#   Set larger code cache with -XX:ReservedCodeCacheSize=
# This output file may be truncated or incomplete.
#
#  Out of Memory Error (allocation.cpp:390), pid=6836, tid=8732
#
# JRE version: Java(TM) SE Runtime Environment (8.0_65-b17) (build 1.8.0_65-b17)
# Java VM: Java HotSpot(TM) 64-Bit Server VM (25.65-b01 mixed mode windows-amd64 compressed oops)
# Failed to write core dump. Minidumps are not enabled by default on client versions of Windows
#

---------------  T H R E A D  ---------------

Current thread (0x0000000014c5e800):  JavaThread "C2 CompilerThread1" daemon [_thread_in_native, id=8732, stack(0x0000000016650000,0x0000000016750000)]

Stack: [0x0000000016650000,0x0000000016750000]
[error occurred during error reporting (printing stack bounds), id 0xc0000005]

Native frames: (J=compiled Java code, j=interpreted, Vv=VM code, C=native code)


Current CompileTask:
C2:   6217 1111   !   4       com.android.dx.cf.code.BytecodeArray::parseInstruction (2764 bytes)


---------------  P R O C E S S  ---------------

Java Threads: ( => current thread )
  0x0000000016cfb800 JavaThread "pool-1-thread-4" [_thread_in_Java, id=8636, stack(0x0000000018620000,0x0000000018720000)]
  0x0000000016a76000 JavaThread "pool-1-thread-3" [_thread_in_Java, id=3748, stack(0x0000000018520000,0x0000000018620000)]
  0x0000000016a75000 JavaThread "pool-1-thread-2" [_thread_in_Java, id=7472, stack(0x0000000018420000,0x0000000018520000)]
  0x0000000016a74800 JavaThread "pool-2-thread-1" [_thread_blocked, id=6500, stack(0x0000000018320000,0x0000000018420000)]
  0x0000000016aa6000 JavaThread "pool-1-thread-1" [_thread_in_Java, id=3944, stack(0x0000000018220000,0x0000000018320000)]
  0x00000000162ad000 JavaThread "Service Thread" daemon [_thread_blocked, id=7296, stack(0x0000000016850000,0x0000000016950000)]
  0x00000000162a6800 JavaThread "C1 CompilerThread2" daemon [_thread_in_native, id=8668, stack(0x0000000016750000,0x0000000016850000)]
=>0x0000000014c5e800 JavaThread "C2 CompilerThread1" daemon [_thread_in_native, id=8732, stack(0x0000000016650000,0x0000000016750000)]
  0x0000000014c0d000 JavaThread "C2 CompilerThread0" daemon [_thread_in_native, id=8972, stack(0x0000000016150000,0x0000000016250000)]
  0x0000000014c0b800 JavaThread "Attach Listener" daemon [_thread_blocked, id=8852, stack(0x0000000016050000,0x0000000016150000)]
  0x0000000014c0a800 JavaThread "Signal Dispatcher" daemon [_thread_blocked, id=5396, stack(0x0000000015f50000,0x0000000016050000)]
  0x0000000002526000 JavaThread "Finalizer" daemon [_thread_blocked, id=4964, stack(0x0000000015e50000,0x0000000015f50000)]
  0x000000000251d000 JavaThread "Reference Handler" daemon [_thread_blocked, id=8332, stack(0x0000000015d50000,0x0000000015e50000)]
  0x000000000242d800 JavaThread "main" [_thread_in_Java, id=6340, stack(0x0000000002290000,0x0000000002390000)]

Other Threads:
  0x0000000014bc8000 VMThread [stack: 0x0000000015c50000,0x0000000015d50000] [id=6804]
  0x0000000016301800 WatcherThread [stack: 0x0000000016950000,0x0000000016a50000] [id=2848]

VM state:not at safepoint (normal execution)

VM Mutex/Monitor currently owned by a thread: None

Heap:
 PSYoungGen      total 35328K, used 13477K [0x00000000eab00000, 0x00000000ed000000, 0x0000000100000000)
  eden space 32768K, 33% used [0x00000000eab00000,0x00000000eb5ad288,0x00000000ecb00000)
  from space 2560K, 99% used [0x00000000ecd80000,0x00000000ecffc298,0x00000000ed000000)
  to   space 2560K, 0% used [0x00000000ecb00000,0x00000000ecb00000,0x00000000ecd80000)
 ParOldGen       total 44032K, used 2104K [0x00000000c0000000, 0x00000000c2b00000, 0x00000000eab00000)
  object space 44032K, 4% used [0x00000000c0000000,0x00000000c020e2e0,0x00000000c2b00000)
 Metaspace       used 6018K, capacity 6900K, committed 7040K, reserved 1056768K
  class space    used 600K, capacity 620K, committed 640K, reserved 1048576K

Card table byte_map: [0x00000000118f0000,0x0000000011b00000] byte_map_base: 0x00000000112f0000

Marking Bits: (ParMarkBitMap*) 0x00000000549ca5b0
 Begin Bits: [0x0000000012060000, 0x0000000013060000)
 End Bits:   [0x0000000013060000, 0x0000000014060000)

Polling page: 0x00000000007a0000

CodeCache: size=245760Kb used=4566Kb max_used=4566Kb free=241193Kb
 bounds [0x0000000002530000, 0x00000000029b0000, 0x0000000011530000]
 total_blobs=1420 nmethods=1149 adapters=184
 compilation: enabled

Compilation events (10 events):
Event: 6.195 Thread 0x00000000162a6800 nmethod 1148 0x000000000299a110 code [0x000000000299a320, 0x000000000299ae78]
Event: 6.196 Thread 0x00000000162a6800 1149       3       com.android.dx.dex.code.RopTranslator$TranslationVisitor::visitThrowingCstInsn (225 bytes)
Event: 6.199 Thread 0x00000000162a6800 nmethod 1149 0x000000000299b510 code [0x000000000299b8a0, 0x000000000299dae8]
Event: 6.205 Thread 0x00000000162a6800 1150       3       com.android.dx.dex.file.MemberIdItem::<init> (14 bytes)
Event: 6.205 Thread 0x00000000162a6800 nmethod 1150 0x000000000299ed10 code [0x000000000299eea0, 0x000000000299f348]
Event: 6.205 Thread 0x00000000162a6800 1151       3       com.android.dx.cf.code.ConcreteMethod::<init> (21 bytes)
Event: 6.206 Thread 0x00000000162a6800 nmethod 1151 0x000000000299f590 code [0x000000000299f7a0, 0x00000000029a00a8]
Event: 6.207 Thread 0x00000000162a6800 1152       3       com.android.dx.cf.code.BasicBlocker::getBlockList (208 bytes)
Event: 6.209 Thread 0x00000000162a6800 nmethod 1152 0x00000000029a0590 code [0x00000000029a0800, 0x00000000029a1a28]
Event: 6.209 Thread 0x00000000162a6800 1153       3       com.android.dx.cf.code.Ropper::addReturnBlock (228 bytes)

GC Heap History (4 events):
Event: 2.501 GC heap before
{Heap before GC invocations=1 (full 0):
 PSYoungGen      total 18944K, used 16384K [0x00000000eab00000, 0x00000000ec000000, 0x0000000100000000)
  eden space 16384K, 100% used [0x00000000eab00000,0x00000000ebb00000,0x00000000ebb00000)
  from space 2560K, 0% used [0x00000000ebd80000,0x00000000ebd80000,0x00000000ec000000)
  to   space 2560K, 0% used [0x00000000ebb00000,0x00000000ebb00000,0x00000000ebd80000)
 ParOldGen       total 44032K, used 0K [0x00000000c0000000, 0x00000000c2b00000, 0x00000000eab00000)
  object space 44032K, 0% used [0x00000000c0000000,0x00000000c0000000,0x00000000c2b00000)
 Metaspace       used 3451K, capacity 4720K, committed 4864K, reserved 1056768K
  class space    used 375K, capacity 424K, committed 512K, reserved 1048576K
Event: 2.631 GC heap after
Heap after GC invocations=1 (full 0):
 PSYoungGen      total 18944K, used 1111K [0x00000000eab00000, 0x00000000ed000000, 0x0000000100000000)
  eden space 16384K, 0% used [0x00000000eab00000,0x00000000eab00000,0x00000000ebb00000)
  from space 2560K, 43% used [0x00000000ebb00000,0x00000000ebc15fa0,0x00000000ebd80000)
  to   space 2560K, 0% used [0x00000000ecd80000,0x00000000ecd80000,0x00000000ed000000)
 ParOldGen       total 44032K, used 8K [0x00000000c0000000, 0x00000000c2b00000, 0x00000000eab00000)
  object space 44032K, 0% used [0x00000000c0000000,0x00000000c0002000,0x00000000c2b00000)
 Metaspace       used 3451K, capacity 4720K, committed 4864K, reserved 1056768K
  class space    used 375K, capacity 424K, committed 512K, reserved 1048576K
}
Event: 5.014 GC heap before
{Heap before GC invocations=2 (full 0):
 PSYoungGen      total 18944K, used 17495K [0x00000000eab00000, 0x00000000ed000000, 0x0000000100000000)
  eden space 16384K, 100% used [0x00000000eab00000,0x00000000ebb00000,0x00000000ebb00000)
  from space 2560K, 43% used [0x00000000ebb00000,0x00000000ebc15fa0,0x00000000ebd80000)
  to   space 2560K, 0% used [0x00000000ecd80000,0x00000000ecd80000,0x00000000ed000000)
 ParOldGen       total 44032K, used 8K [0x00000000c0000000, 0x00000000c2b00000, 0x00000000eab00000)
  object space 44032K, 0% used [0x00000000c0000000,0x00000000c0002000,0x00000000c2b00000)
 Metaspace       used 5844K, capacity 6706K, committed 6784K, reserved 1056768K
  class space    used 597K, capacity 618K, committed 640K, reserved 1048576K
Event: 5.228 GC heap after
Heap after GC invocations=2 (full 0):
 PSYoungGen      total 35328K, used 2544K [0x00000000eab00000, 0x00000000ed000000, 0x0000000100000000)
  eden space 32768K, 0% used [0x00000000eab00000,0x00000000eab00000,0x00000000ecb00000)
  from space 2560K, 99% used [0x00000000ecd80000,0x00000000ecffc298,0x00000000ed000000)
  to   space 2560K, 0% used [0x00000000ecb00000,0x00000000ecb00000,0x00000000ecd80000)
 ParOldGen       total 44032K, used 2104K [0x00000000c0000000, 0x00000000c2b00000, 0x00000000eab00000)
  object space 44032K, 4% used [0x00000000c0000000,0x00000000c020e2e0,0x00000000c2b00000)
 Metaspace       used 5844K, capacity 6706K, committed 6784K, reserved 1056768K
  class space    used 597K, capacity 618K, committed 640K, reserved 1048576K
}

Deoptimization events (6 events):
Event: 4.422 Thread 0x0000000016aa6000 Uncommon trap: reason=unstable_if action=reinterpret pc=0x000000000276a0b0 method=java.util.BitSet.nextSetBit(I)I @ 87
Event: 5.330 Thread 0x0000000016cfb800 Uncommon trap: reason=class_check action=maybe_recompile pc=0x000000000280b054 method=com.android.dx.ssa.NormalSsaInsn.accept(Lcom/android/dx/ssa/SsaInsn$Visitor;)V @ 9
Event: 5.330 Thread 0x0000000016cfb800 Uncommon trap: reason=class_check action=maybe_recompile pc=0x00000000027803f0 method=com.android.dx.ssa.NormalSsaInsn.accept(Lcom/android/dx/ssa/SsaInsn$Visitor;)V @ 9
Event: 5.330 Thread 0x0000000016cfb800 Uncommon trap: reason=class_check action=maybe_recompile pc=0x00000000027803f0 method=com.android.dx.ssa.NormalSsaInsn.accept(Lcom/android/dx/ssa/SsaInsn$Visitor;)V @ 9
Event: 5.334 Thread 0x0000000016a76000 Uncommon trap: reason=class_check action=maybe_recompile pc=0x000000000280b054 method=com.android.dx.ssa.NormalSsaInsn.accept(Lcom/android/dx/ssa/SsaInsn$Visitor;)V @ 9
Event: 5.345 Thread 0x0000000016cfb800 Uncommon trap: reason=class_check action=maybe_recompile pc=0x00000000027803f0 method=com.android.dx.ssa.NormalSsaInsn.accept(Lcom/android/dx/ssa/SsaInsn$Visitor;)V @ 9

Internal exceptions (2 events):
Event: 0.164 Thread 0x000000000242d800 Exception <a 'java/lang/NoSuchMethodError': Method sun.misc.Unsafe.defineClass(Ljava/lang/String;[BII)Ljava/lang/Class; name or signature does not match> (0x00000000eab13068) thrown at [C:\workspace\8-2-build-windows-amd64-cygwin\jdk8u65\4987\hotspot\src\sÁƒ"qÅ?
Event: 0.164 Thread 0x000000000242d800 Exception <a 'java/lang/NoSuchMethodError': Method sun.misc.Unsafe.prefetchRead(Ljava/lang/Object;J)V name or signature does not match> (0x00000000eab13350) thrown at [C:\workspace\8-2-build-windows-amd64-cygwin\jdk8u65\4987\hotspot\src\share\vm\prims\jni.

Events (10 events):
Event: 5.334 Thread 0x0000000016a76000 Uncommon trap: trap_request=0xffffffde fr.pc=0x000000000280b054
Event: 5.334 Thread 0x0000000016a76000 DEOPT PACKING pc=0x000000000280b054 sp=0x000000001861ea10
Event: 5.335 Thread 0x0000000016a76000 DEOPT UNPACKING pc=0x000000000257582a sp=0x000000001861e9d0 mode 2
Event: 5.345 Thread 0x0000000016cfb800 Uncommon trap: trap_request=0xffffffde fr.pc=0x00000000027803f0
Event: 5.345 Thread 0x0000000016cfb800 DEOPT PACKING pc=0x00000000027803f0 sp=0x000000001871eaa0
Event: 5.345 Thread 0x0000000016cfb800 DEOPT UNPACKING pc=0x000000000257582a sp=0x000000001871ea40 mode 2
Event: 5.628 loading class com/android/dx/cf/attrib/AttEnclosingMethod
Event: 5.628 loading class com/android/dx/cf/attrib/AttEnclosingMethod done
Event: 5.751 loading class com/android/dx/cf/code/SwitchList
Event: 5.751 loading class com/android/dx/cf/code/SwitchList done


Dynamic libraries:
0x00007ff704e40000 - 0x00007ff704e77000 	C:\Program Files\Java\jdk1.8.0_65\bin\java.exe
0x00007ff94b770000 - 0x00007ff94b91c000 	C:\Windows\SYSTEM32\ntdll.dll
0x00007ff94a620000 - 0x00007ff94a75e000 	C:\Windows\system32\KERNEL32.DLL
0x00007ff948af0000 - 0x00007ff948c05000 	C:\Windows\system32\KERNELBASE.dll
0x00007ff947460000 - 0x00007ff9474ee000 	C:\Windows\system32\apphelp.dll
0x00007ff9318b0000 - 0x00007ff931903000 	C:\Windows\AppPatch\AppPatch64\AcGenral.DLL
0x00007ff94b330000 - 0x00007ff94b3da000 	C:\Windows\system32\msvcrt.dll
0x00007ff948760000 - 0x00007ff94878e000 	C:\Windows\SYSTEM32\SspiCli.dll
0x00007ff94a8f0000 - 0x00007ff94a944000 	C:\Windows\system32\SHLWAPI.dll
0x00007ff94a770000 - 0x00007ff94a8e7000 	C:\Windows\system32\USER32.dll
0x00007ff94ab30000 - 0x00007ff94acc4000 	C:\Windows\system32\ole32.dll
0x00007ff949030000 - 0x00007ff94a55b000 	C:\Windows\system32\SHELL32.dll
0x00007ff947ee0000 - 0x00007ff947f01000 	C:\Windows\SYSTEM32\USERENV.dll
0x00007ff94aa80000 - 0x00007ff94ab2a000 	C:\Windows\system32\ADVAPI32.dll
0x00007ff93b590000 - 0x00007ff93b5ae000 	C:\Windows\SYSTEM32\MPR.dll
0x00007ff948e80000 - 0x00007ff948fc1000 	C:\Windows\system32\RPCRT4.dll
0x00007ff94aed0000 - 0x00007ff94af29000 	C:\Windows\SYSTEM32\sechost.dll
0x00007ff94b3e0000 - 0x00007ff94b5f1000 	C:\Windows\SYSTEM32\combase.dll
0x00007ff94af30000 - 0x00007ff94b07f000 	C:\Windows\system32\GDI32.dll
0x00007ff9488c0000 - 0x00007ff9488d5000 	C:\Windows\SYSTEM32\profapi.dll
0x00007ff946c80000 - 0x00007ff946d32000 	C:\Windows\SYSTEM32\SHCORE.dll
0x00007ff94ae80000 - 0x00007ff94aeb6000 	C:\Windows\system32\IMM32.DLL
0x00007ff94b610000 - 0x00007ff94b762000 	C:\Windows\system32\MSCTF.dll
0x00007ff946120000 - 0x00007ff94639b000 	C:\Windows\WinSxS\amd64_microsoft.windows.common-controls_6595b64144ccf1df_6.0.9600.18006_none_623f33d3ecbe86e8\COMCTL32.dll
0x00000000540e0000 - 0x00000000541b2000 	C:\Program Files\Java\jdk1.8.0_65\jre\bin\msvcr100.dll
0x00000000541c0000 - 0x0000000054a49000 	C:\Program Files\Java\jdk1.8.0_65\jre\bin\server\jvm.dll
0x00007ff93f2f0000 - 0x00007ff93f2f9000 	C:\Windows\SYSTEM32\WSOCK32.dll
0x00007ff941bc0000 - 0x00007ff941be2000 	C:\Windows\SYSTEM32\WINMM.dll
0x00007ff93f2e0000 - 0x00007ff93f2ea000 	C:\Windows\SYSTEM32\VERSION.dll
0x00007ff94b600000 - 0x00007ff94b607000 	C:\Windows\system32\PSAPI.DLL
0x00007ff94aa20000 - 0x00007ff94aa7a000 	C:\Windows\system32\WS2_32.dll
0x00007ff9417f0000 - 0x00007ff94181a000 	C:\Windows\SYSTEM32\WINMMBASE.dll
0x00007ff94b260000 - 0x00007ff94b269000 	C:\Windows\system32\NSI.dll
0x00007ff948aa0000 - 0x00007ff948aef000 	C:\Windows\SYSTEM32\cfgmgr32.dll
0x00007ff9476e0000 - 0x00007ff947708000 	C:\Windows\SYSTEM32\DEVOBJ.dll
0x00000000550a0000 - 0x00000000550af000 	C:\Program Files\Java\jdk1.8.0_65\jre\bin\verify.dll
0x0000000055070000 - 0x0000000055099000 	C:\Program Files\Java\jdk1.8.0_65\jre\bin\java.dll
0x0000000055050000 - 0x0000000055066000 	C:\Program Files\Java\jdk1.8.0_65\jre\bin\zip.dll

VM Arguments:
jvm_args: -Xmx1024M -Dfile.encoding=x-windows-949 -Duser.country=KR -Duser.language=ko -Duser.variant 
java_command: com.android.dx.command.Main --dex --num-threads=4 --output C:\Users\Public\Downloads\MyApplication5_1\app\build\intermediates\pre-dexed\debug\classes-dee3c5c9dd05b2cc74a9d318729afabfea5531e5.jar C:\Users\Public\Downloads\MyApplication5_1\app\build\intermediates\exploded-aar\com.google.android.gms\play-services-ads\8.1.0\jars\classes.jar
java_class_path (initial): C:\Users\Public\Downloads\build-tools\23.0.2\lib\dx.jar
Launcher Type: SUN_STANDARD

Environment Variables:
JAVA_HOME=C:\Program Files (x86)\Java\jdk1.8.0_51
CLASSPATH=.;C:\Program Files (x86)\Java\jdk1.8.0_51\bin;
PATH=C:\ProgramData\Oracle\Java\javapath;C:\Program Files\Intel\WiFi\bin\;C:\Program Files\Common Files\Intel\WirelessCommon\;C:\Program Files (x86)\Java\jdk1.8.0_51\bin;C:\Program Files\Microsoft\Web Platform Installer\;C:\Program Files (x86)\Windows Kits\8.1\Windows Performance Toolkit\C:\Windows\system32;C:\Windows;C:\Program Files\Intel\WiFi\bin\;C:\Program Files\Common Files\Intel\WirelessCommon\;C:\Program Files (x86)\Java\jdk1.8.0_51\bin;C:\Users\Çý·É\AppData\Local\Programs\Git\cmd;C:\Users\Çý·É\AppData\Local\Programs\Git\mingw64\bin;C:\Users\Çý·É\AppData\Local\Programs\Git\usr\bin
USERNAME=Çý·É
OS=Windows_NT
PROCESSOR_IDENTIFIER=Intel64 Family 6 Model 61 Stepping 4, GenuineIntel



---------------  S Y S T E M  ---------------

OS: Windows 8.1 , 64 bit Build 9600 (6.3.9600.17415)

CPU:total 4 (2 cores per cpu, 2 threads per core) family 6 model 61 stepping 4, cmov, cx8, fxsr, mmx, sse, sse2, sse3, ssse3, sse4.1, sse4.2, popcnt, avx, avx2, aes, clmul, erms, 3dnowpref, lzcnt, ht, tsc, tscinvbit, bmi1, bmi2, adx

Memory: 4k page, physical 4097964k(184228k free), swap 7243692k(4776k free)

vm_info: Java HotSpot(TM) 64-Bit Server VM (25.65-b01) for windows-amd64 JRE (1.8.0_65-b17), built on Oct  6 2015 16:39:20 by "java_re" with MS VC++ 10.0 (VS2010)

time: Thu Dec 03 19:48:10 2015
elapsed time: 6 seconds (0d 0h 0m 6s)

