#
# There is insufficient memory for the Java Runtime Environment to continue.
# Native memory allocation (malloc) failed to allocate 490896 bytes for Chunk::new
# Possible reasons:
#   The system is out of physical RAM or swap space
#   In 32 bit mode, the process size limit was hit
# Possible solutions:
#   Reduce memory load on the system
#   Increase physical memory or swap space
#   Check if swap backing store is full
#   Use 64 bit Java on a 64 bit OS
#   Decrease Java heap size (-Xmx/-Xms)
#   Decrease number of Java threads
#   Decrease Java thread stack sizes (-Xss)
#   Set larger code cache with -XX:ReservedCodeCacheSize=
# This output file may be truncated or incomplete.
#
#  Out of Memory Error (allocation.cpp:390), pid=2856, tid=8240
#
# JRE version: Java(TM) SE Runtime Environment (8.0_65-b17) (build 1.8.0_65-b17)
# Java VM: Java HotSpot(TM) 64-Bit Server VM (25.65-b01 mixed mode windows-amd64 compressed oops)
# Failed to write core dump. Minidumps are not enabled by default on client versions of Windows
#

---------------  T H R E A D  ---------------

Current thread (0x000000001552d000):  JavaThread "C2 CompilerThread0" daemon [_thread_in_native, id=8240, stack(0x0000000016a80000,0x0000000016b80000)]

Stack: [0x0000000016a80000,0x0000000016b80000]
[error occurred during error reporting (printing stack bounds), id 0xc0000005]

Native frames: (J=compiled Java code, j=interpreted, Vv=VM code, C=native code)


Current CompileTask:
C2:   2573 1374       4       com.android.dx.ssa.back.LivenessAnalyzer::run (231 bytes)


---------------  P R O C E S S  ---------------

Java Threads: ( => current thread )
  0x0000000016e18000 JavaThread "pool-1-thread-4" [_thread_in_Java, id=8976, stack(0x0000000017780000,0x0000000017880000)]
  0x0000000016e16800 JavaThread "pool-1-thread-3" [_thread_blocked, id=8624, stack(0x0000000017680000,0x0000000017780000)]
  0x0000000016e15800 JavaThread "pool-1-thread-2" [_thread_blocked, id=4372, stack(0x0000000017580000,0x0000000017680000)]
  0x0000000016df5800 JavaThread "pool-2-thread-1" [_thread_blocked, id=7456, stack(0x0000000017480000,0x0000000017580000)]
  0x0000000016ded000 JavaThread "pool-1-thread-1" [_thread_blocked, id=4336, stack(0x0000000017380000,0x0000000017480000)]
  0x0000000016be0000 JavaThread "Service Thread" daemon [_thread_blocked, id=6816, stack(0x0000000017180000,0x0000000017280000)]
  0x0000000016bce800 JavaThread "C1 CompilerThread2" daemon [_thread_in_vm, id=7496, stack(0x0000000017080000,0x0000000017180000)]
  0x000000001557c800 JavaThread "C2 CompilerThread1" daemon [_thread_in_native, id=8932, stack(0x0000000016f80000,0x0000000017080000)]
=>0x000000001552d000 JavaThread "C2 CompilerThread0" daemon [_thread_in_native, id=8240, stack(0x0000000016a80000,0x0000000016b80000)]
  0x000000001552b800 JavaThread "Attach Listener" daemon [_thread_blocked, id=7632, stack(0x0000000016980000,0x0000000016a80000)]
  0x000000001552a800 JavaThread "Signal Dispatcher" daemon [_thread_blocked, id=6408, stack(0x0000000016880000,0x0000000016980000)]
  0x0000000002e40800 JavaThread "Finalizer" daemon [_thread_blocked, id=4116, stack(0x0000000016780000,0x0000000016880000)]
  0x0000000002e3d000 JavaThread "Reference Handler" daemon [_thread_blocked, id=176, stack(0x0000000016680000,0x0000000016780000)]
  0x0000000002d4d800 JavaThread "main" [_thread_blocked, id=4460, stack(0x0000000002bc0000,0x0000000002cc0000)]

Other Threads:
  0x00000000154e8000 VMThread [stack: 0x0000000016580000,0x0000000016680000] [id=6252]
  0x0000000016c43000 WatcherThread [stack: 0x0000000017280000,0x0000000017380000] [id=5776]

VM state:not at safepoint (normal execution)

VM Mutex/Monitor currently owned by a thread: None

Heap:
 PSYoungGen      total 18944K, used 4670K [0x00000000eab00000, 0x00000000ed000000, 0x0000000100000000)
  eden space 16384K, 13% used [0x00000000eab00000,0x00000000ead15538,0x00000000ebb00000)
  from space 2560K, 99% used [0x00000000ebb00000,0x00000000ebd7a610,0x00000000ebd80000)
  to   space 2560K, 0% used [0x00000000ecd80000,0x00000000ecd80000,0x00000000ed000000)
 ParOldGen       total 44032K, used 6426K [0x00000000c0000000, 0x00000000c2b00000, 0x00000000eab00000)
  object space 44032K, 14% used [0x00000000c0000000,0x00000000c06469c8,0x00000000c2b00000)
 Metaspace       used 6087K, capacity 6964K, committed 7040K, reserved 1056768K
  class space    used 598K, capacity 620K, committed 640K, reserved 1048576K

Card table byte_map: [0x0000000012210000,0x0000000012420000] byte_map_base: 0x0000000011c10000

Marking Bits: (ParMarkBitMap*) 0x00000000549ca5b0
 Begin Bits: [0x0000000012980000, 0x0000000013980000)
 End Bits:   [0x0000000013980000, 0x0000000014980000)

Polling page: 0x0000000000f40000

CodeCache: size=245760Kb used=5754Kb max_used=5754Kb free=240005Kb
 bounds [0x0000000002e50000, 0x0000000003400000, 0x0000000011e50000]
 total_blobs=1642 nmethods=1371 adapters=184
 compilation: enabled

Compilation events (10 events):
Event: 2.558 Thread 0x0000000016bce800 nmethod 1381 0x00000000033dad50 code [0x00000000033daec0, 0x00000000033db0f0]
Event: 2.559 Thread 0x0000000016bce800 1382       3       com.android.dx.ssa.back.SsaToRop$PhiVisitor::visitPhiInsn (67 bytes)
Event: 2.561 Thread 0x0000000016bce800 nmethod 1382 0x00000000033d8ed0 code [0x00000000033d9140, 0x00000000033da148]
Event: 2.561 Thread 0x0000000016bce800 1383       3       com.android.dx.ssa.SsaRenamer::setNameForSsaReg (54 bytes)
Event: 2.563 Thread 0x0000000016bce800 nmethod 1383 0x00000000033eb610 code [0x00000000033eb840, 0x00000000033ec578]
Event: 2.566 Thread 0x0000000016bce800 1385       3       com.android.dx.cf.code.Frame::initializeWithParameters (49 bytes)
Event: 2.566 Thread 0x0000000016bce800 nmethod 1385 0x00000000033ece10 code [0x00000000033ecfc0, 0x00000000033ed6e8]
Event: 2.566 Thread 0x0000000016bce800 1386       3       com.android.dx.rop.type.Type::getInitializedType (42 bytes)
Event: 2.567 Thread 0x0000000016bce800 nmethod 1386 0x00000000033ed9d0 code [0x00000000033edba0, 0x00000000033ee3b8]
Event: 2.567 Thread 0x0000000016bce800 1387       3       com.android.dx.ssa.PhiTypeResolver::resolveResultType (308 bytes)

GC Heap History (6 events):
Event: 1.284 GC heap before
{Heap before GC invocations=1 (full 0):
 PSYoungGen      total 18944K, used 16384K [0x00000000eab00000, 0x00000000ec000000, 0x0000000100000000)
  eden space 16384K, 100% used [0x00000000eab00000,0x00000000ebb00000,0x00000000ebb00000)
  from space 2560K, 0% used [0x00000000ebd80000,0x00000000ebd80000,0x00000000ec000000)
  to   space 2560K, 0% used [0x00000000ebb00000,0x00000000ebb00000,0x00000000ebd80000)
 ParOldGen       total 44032K, used 0K [0x00000000c0000000, 0x00000000c2b00000, 0x00000000eab00000)
  object space 44032K, 0% used [0x00000000c0000000,0x00000000c0000000,0x00000000c2b00000)
 Metaspace       used 5789K, capacity 6706K, committed 6784K, reserved 1056768K
  class space    used 596K, capacity 618K, committed 640K, reserved 1048576K
Event: 1.292 GC heap after
Heap after GC invocations=1 (full 0):
 PSYoungGen      total 18944K, used 2544K [0x00000000eab00000, 0x00000000ec000000, 0x0000000100000000)
  eden space 16384K, 0% used [0x00000000eab00000,0x00000000eab00000,0x00000000ebb00000)
  from space 2560K, 99% used [0x00000000ebb00000,0x00000000ebd7c280,0x00000000ebd80000)
  to   space 2560K, 0% used [0x00000000ebd80000,0x00000000ebd80000,0x00000000ec000000)
 ParOldGen       total 44032K, used 1838K [0x00000000c0000000, 0x00000000c2b00000, 0x00000000eab00000)
  object space 44032K, 4% used [0x00000000c0000000,0x00000000c01cb920,0x00000000c2b00000)
 Metaspace       used 5789K, capacity 6706K, committed 6784K, reserved 1056768K
  class space    used 596K, capacity 618K, committed 640K, reserved 1048576K
}
Event: 1.984 GC heap before
{Heap before GC invocations=2 (full 0):
 PSYoungGen      total 18944K, used 18928K [0x00000000eab00000, 0x00000000ec000000, 0x0000000100000000)
  eden space 16384K, 100% used [0x00000000eab00000,0x00000000ebb00000,0x00000000ebb00000)
  from space 2560K, 99% used [0x00000000ebb00000,0x00000000ebd7c280,0x00000000ebd80000)
  to   space 2560K, 0% used [0x00000000ebd80000,0x00000000ebd80000,0x00000000ec000000)
 ParOldGen       total 44032K, used 1838K [0x00000000c0000000, 0x00000000c2b00000, 0x00000000eab00000)
  object space 44032K, 4% used [0x00000000c0000000,0x00000000c01cb920,0x00000000c2b00000)
 Metaspace       used 5981K, capacity 6900K, committed 7040K, reserved 1056768K
  class space    used 598K, capacity 620K, committed 640K, reserved 1048576K
Event: 2.078 GC heap after
Heap after GC invocations=2 (full 0):
 PSYoungGen      total 18944K, used 2532K [0x00000000eab00000, 0x00000000ed000000, 0x0000000100000000)
  eden space 16384K, 0% used [0x00000000eab00000,0x00000000eab00000,0x00000000ebb00000)
  from space 2560K, 98% used [0x00000000ebd80000,0x00000000ebff9090,0x00000000ec000000)
  to   space 2560K, 0% used [0x00000000ebb00000,0x00000000ebb00000,0x00000000ebd80000)
 ParOldGen       total 44032K, used 4020K [0x00000000c0000000, 0x00000000c2b00000, 0x00000000eab00000)
  object space 44032K, 9% used [0x00000000c0000000,0x00000000c03ed3f8,0x00000000c2b00000)
 Metaspace       used 5981K, capacity 6900K, committed 7040K, reserved 1056768K
  class space    used 598K, capacity 620K, committed 640K, reserved 1048576K
}
Event: 2.484 GC heap before
{Heap before GC invocations=3 (full 0):
 PSYoungGen      total 18944K, used 18916K [0x00000000eab00000, 0x00000000ed000000, 0x0000000100000000)
  eden space 16384K, 100% used [0x00000000eab00000,0x00000000ebb00000,0x00000000ebb00000)
  from space 2560K, 98% used [0x00000000ebd80000,0x00000000ebff9090,0x00000000ec000000)
  to   space 2560K, 0% used [0x00000000ebb00000,0x00000000ebb00000,0x00000000ebd80000)
 ParOldGen       total 44032K, used 4020K [0x00000000c0000000, 0x00000000c2b00000, 0x00000000eab00000)
  object space 44032K, 9% used [0x00000000c0000000,0x00000000c03ed3f8,0x00000000c2b00000)
 Metaspace       used 6082K, capacity 6964K, committed 7040K, reserved 1056768K
  class space    used 598K, capacity 620K, committed 640K, reserved 1048576K
Event: 2.556 GC heap after
Heap after GC invocations=3 (full 0):
 PSYoungGen      total 18944K, used 2537K [0x00000000eab00000, 0x00000000ed000000, 0x0000000100000000)
  eden space 16384K, 0% used [0x00000000eab00000,0x00000000eab00000,0x00000000ebb00000)
  from space 2560K, 99% used [0x00000000ebb00000,0x00000000ebd7a610,0x00000000ebd80000)
  to   space 2560K, 0% used [0x00000000ecd80000,0x00000000ecd80000,0x00000000ed000000)
 ParOldGen       total 44032K, used 6426K [0x00000000c0000000, 0x00000000c2b00000, 0x00000000eab00000)
  object space 44032K, 14% used [0x00000000c0000000,0x00000000c06469c8,0x00000000c2b00000)
 Metaspace       used 6082K, capacity 6964K, committed 7040K, reserved 1056768K
  class space    used 598K, capacity 620K, committed 640K, reserved 1048576K
}

Deoptimization events (10 events):
Event: 1.258 Thread 0x0000000016e15800 Uncommon trap: reason=class_check action=maybe_recompile pc=0x00000000031169a8 method=com.android.dx.rop.type.Type.equals(Ljava/lang/Object;)Z @ 8
Event: 1.580 Thread 0x0000000016e15800 Uncommon trap: reason=class_check action=maybe_recompile pc=0x00000000030c8e94 method=com.android.dx.ssa.NormalSsaInsn.accept(Lcom/android/dx/ssa/SsaInsn$Visitor;)V @ 9
Event: 1.580 Thread 0x0000000016e15800 Uncommon trap: reason=class_check action=maybe_recompile pc=0x000000000309dd70 method=com.android.dx.ssa.NormalSsaInsn.accept(Lcom/android/dx/ssa/SsaInsn$Visitor;)V @ 9
Event: 1.626 Thread 0x0000000016e15800 Uncommon trap: reason=class_check action=maybe_recompile pc=0x00000000030c8e94 method=com.android.dx.ssa.NormalSsaInsn.accept(Lcom/android/dx/ssa/SsaInsn$Visitor;)V @ 9
Event: 1.629 Thread 0x0000000016e15800 Uncommon trap: reason=class_check action=maybe_recompile pc=0x00000000030c8e94 method=com.android.dx.ssa.NormalSsaInsn.accept(Lcom/android/dx/ssa/SsaInsn$Visitor;)V @ 9
Event: 1.639 Thread 0x0000000016e18000 Uncommon trap: reason=unstable_if action=reinterpret pc=0x00000000031eeefc method=com.android.dx.util.IntList.binarysearch(I)I @ 105
Event: 1.640 Thread 0x0000000016e18000 Uncommon trap: reason=null_check action=make_not_entrant pc=0x00000000031528e8 method=com.android.dx.rop.type.Type.equals(Ljava/lang/Object;)Z @ 8
Event: 1.933 Thread 0x0000000016e15800 Uncommon trap: reason=unstable_if action=reinterpret pc=0x00000000032c5d98 method=com.android.dx.cf.code.BytecodeArray.parseInstruction(ILcom/android/dx/cf/code/BytecodeArray$Visitor;)I @ 1198
Event: 2.203 Thread 0x0000000016e16800 Uncommon trap: reason=bimorphic action=maybe_recompile pc=0x00000000030d3340 method=java.util.HashMap.getNode(ILjava/lang/Object;)Ljava/util/HashMap$Node; @ 126
Event: 2.214 Thread 0x0000000016e15800 Uncommon trap: reason=unstable_if action=reinterpret pc=0x00000000032bc534 method=com.android.dx.ssa.SCCP.simulateStmt(Lcom/android/dx/ssa/SsaInsn;)V @ 53

Internal exceptions (3 events):
Event: 0.215 Thread 0x0000000002d4d800 Exception <a 'java/lang/NoSuchMethodError': Method sun.misc.Unsafe.defineClass(Ljava/lang/String;[BII)Ljava/lang/Class; name or signature does not match> (0x00000000eab13068) thrown at [C:\workspace\8-2-build-windows-amd64-cygwin\jdk8u65\4987\hotspot\src\s
ﬁ ùÅãÀ?
Event: 0.215 Thread 0x0000000002d4d800 Exception <a 'java/lang/NoSuchMethodError': Method sun.misc.Unsafe.prefetchRead(Ljava/lang/Object;J)V name or signature does not match> (0x00000000eab13350) thrown at [C:\workspace\8-2-build-windows-amd64-cygwin\jdk8u65\4987\hotspot\src\share\vm\prims\jni.ﬂA{¸;˙?
Event: 1.640 Thread 0x0000000016e18000 Implicit null exception at 0x00000000031527e2 to 0x00000000031528da

Events (10 events):
Event: 2.203 Thread 0x0000000016e16800 DEOPT UNPACKING pc=0x0000000002e9582a sp=0x000000001777e5f8 mode 2
Event: 2.214 Thread 0x0000000016e15800 Uncommon trap: trap_request=0xffffff65 fr.pc=0x00000000032bc534
Event: 2.214 Thread 0x0000000016e15800 DEOPT PACKING pc=0x00000000032bc534 sp=0x000000001767ed40
Event: 2.214 Thread 0x0000000016e15800 DEOPT UNPACKING pc=0x0000000002e9582a sp=0x000000001767ed08 mode 2
Event: 2.231 Thread 0x0000000016e16800 DEOPT PACKING pc=0x000000000320d3d3 sp=0x000000001777e6f0
Event: 2.231 Thread 0x0000000016e16800 DEOPT UNPACKING pc=0x0000000002e9787f sp=0x000000001777e4b8 mode 0
Event: 2.257 Thread 0x0000000016ded000 DEOPT PACKING pc=0x000000000320d3ea sp=0x000000001747e910
Event: 2.257 Thread 0x0000000016ded000 DEOPT UNPACKING pc=0x0000000002e9787f sp=0x000000001747e6d8 mode 0
Event: 2.325 Executing VM operation: ParallelGCFailedAllocation
Event: 2.556 Executing VM operation: ParallelGCFailedAllocation done


Dynamic libraries:
0x00007ff704e40000 - 0x00007ff704e77000 	C:\Program Files\Java\jdk1.8.0_65\bin\java.exe
0x00007ff94b770000 - 0x00007ff94b91c000 	C:\Windows\SYSTEM32\ntdll.dll
0x00007ff94a620000 - 0x00007ff94a75e000 	C:\Windows\system32\KERNEL32.DLL
0x00007ff948af0000 - 0x00007ff948c05000 	C:\Windows\system32\KERNELBASE.dll
0x00007ff947460000 - 0x00007ff9474ee000 	C:\Windows\system32\apphelp.dll
0x00007ff9318b0000 - 0x00007ff931903000 	C:\Windows\AppPatch\AppPatch64\AcGenral.DLL
0x00007ff94b330000 - 0x00007ff94b3da000 	C:\Windows\system32\msvcrt.dll
0x00007ff948760000 - 0x00007ff94878e000 	C:\Windows\SYSTEM32\SspiCli.dll
0x00007ff94a8f0000 - 0x00007ff94a944000 	C:\Windows\system32\SHLWAPI.dll
0x00007ff94a770000 - 0x00007ff94a8e7000 	C:\Windows\system32\USER32.dll
0x00007ff94ab30000 - 0x00007ff94acc4000 	C:\Windows\system32\ole32.dll
0x00007ff949030000 - 0x00007ff94a55b000 	C:\Windows\system32\SHELL32.dll
0x00007ff947ee0000 - 0x00007ff947f01000 	C:\Windows\SYSTEM32\USERENV.dll
0x00007ff94aa80000 - 0x00007ff94ab2a000 	C:\Windows\system32\ADVAPI32.dll
0x00007ff93b590000 - 0x00007ff93b5ae000 	C:\Windows\SYSTEM32\MPR.dll
0x00007ff948e80000 - 0x00007ff948fc1000 	C:\Windows\system32\RPCRT4.dll
0x00007ff94aed0000 - 0x00007ff94af29000 	C:\Windows\SYSTEM32\sechost.dll
0x00007ff94b3e0000 - 0x00007ff94b5f1000 	C:\Windows\SYSTEM32\combase.dll
0x00007ff94af30000 - 0x00007ff94b07f000 	C:\Windows\system32\GDI32.dll
0x00007ff9488c0000 - 0x00007ff9488d5000 	C:\Windows\SYSTEM32\profapi.dll
0x00007ff946c80000 - 0x00007ff946d32000 	C:\Windows\SYSTEM32\SHCORE.dll
0x00007ff94ae80000 - 0x00007ff94aeb6000 	C:\Windows\system32\IMM32.DLL
0x00007ff94b610000 - 0x00007ff94b762000 	C:\Windows\system32\MSCTF.dll
0x00007ff946120000 - 0x00007ff94639b000 	C:\Windows\WinSxS\amd64_microsoft.windows.common-controls_6595b64144ccf1df_6.0.9600.18006_none_623f33d3ecbe86e8\COMCTL32.dll
0x00000000540e0000 - 0x00000000541b2000 	C:\Program Files\Java\jdk1.8.0_65\jre\bin\msvcr100.dll
0x00000000541c0000 - 0x0000000054a49000 	C:\Program Files\Java\jdk1.8.0_65\jre\bin\server\jvm.dll
0x00007ff93f2f0000 - 0x00007ff93f2f9000 	C:\Windows\SYSTEM32\WSOCK32.dll
0x00007ff941bc0000 - 0x00007ff941be2000 	C:\Windows\SYSTEM32\WINMM.dll
0x00007ff93f2e0000 - 0x00007ff93f2ea000 	C:\Windows\SYSTEM32\VERSION.dll
0x00007ff94b600000 - 0x00007ff94b607000 	C:\Windows\system32\PSAPI.DLL
0x00007ff94aa20000 - 0x00007ff94aa7a000 	C:\Windows\system32\WS2_32.dll
0x00007ff9417f0000 - 0x00007ff94181a000 	C:\Windows\SYSTEM32\WINMMBASE.dll
0x00007ff94b260000 - 0x00007ff94b269000 	C:\Windows\system32\NSI.dll
0x00007ff948aa0000 - 0x00007ff948aef000 	C:\Windows\SYSTEM32\cfgmgr32.dll
0x00007ff9476e0000 - 0x00007ff947708000 	C:\Windows\SYSTEM32\DEVOBJ.dll
0x00000000550a0000 - 0x00000000550af000 	C:\Program Files\Java\jdk1.8.0_65\jre\bin\verify.dll
0x0000000055070000 - 0x0000000055099000 	C:\Program Files\Java\jdk1.8.0_65\jre\bin\java.dll
0x0000000055050000 - 0x0000000055066000 	C:\Program Files\Java\jdk1.8.0_65\jre\bin\zip.dll

VM Arguments:
jvm_args: -Xmx1024M -Dfile.encoding=x-windows-949 -Duser.country=KR -Duser.language=ko -Duser.variant 
java_command: com.android.dx.command.Main --dex --num-threads=4 --output C:\Users\Public\Downloads\MyApplication5_1\app\build\intermediates\pre-dexed\debug\classes-57b2b2f58265510690e4e7403e5698c596fe19b0.jar C:\Users\Public\Downloads\MyApplication5_1\app\build\intermediates\exploded-aar\com.google.android.gms\play-services-measurement\8.1.0\jars\classes.jar
java_class_path (initial): C:\Users\Public\Downloads\build-tools\23.0.2\lib\dx.jar
Launcher Type: SUN_STANDARD

Environment Variables:
JAVA_HOME=C:\Program Files (x86)\Java\jdk1.8.0_51
CLASSPATH=.;C:\Program Files (x86)\Java\jdk1.8.0_51\bin;
PATH=C:\ProgramData\Oracle\Java\javapath;C:\Program Files\Intel\WiFi\bin\;C:\Program Files\Common Files\Intel\WirelessCommon\;C:\Program Files (x86)\Java\jdk1.8.0_51\bin;C:\Program Files\Microsoft\Web Platform Installer\;C:\Program Files (x86)\Windows Kits\8.1\Windows Performance Toolkit\C:\Windows\system32;C:\Windows;C:\Program Files\Intel\WiFi\bin\;C:\Program Files\Common Files\Intel\WirelessCommon\;C:\Program Files (x86)\Java\jdk1.8.0_51\bin;C:\Users\«˝∑…\AppData\Local\Programs\Git\cmd;C:\Users\«˝∑…\AppData\Local\Programs\Git\mingw64\bin;C:\Users\«˝∑…\AppData\Local\Programs\Git\usr\bin
USERNAME=«˝∑…
OS=Windows_NT
PROCESSOR_IDENTIFIER=Intel64 Family 6 Model 61 Stepping 4, GenuineIntel



---------------  S Y S T E M  ---------------

OS: Windows 8.1 , 64 bit Build 9600 (6.3.9600.17415)

CPU:total 4 (2 cores per cpu, 2 threads per core) family 6 model 61 stepping 4, cmov, cx8, fxsr, mmx, sse, sse2, sse3, ssse3, sse4.1, sse4.2, popcnt, avx, avx2, aes, clmul, erms, 3dnowpref, lzcnt, ht, tsc, tscinvbit, bmi1, bmi2, adx

Memory: 4k page, physical 4097964k(214544k free), swap 7243692k(5428k free)

vm_info: Java HotSpot(TM) 64-Bit Server VM (25.65-b01) for windows-amd64 JRE (1.8.0_65-b17), built on Oct  6 2015 16:39:20 by "java_re" with MS VC++ 10.0 (VS2010)

time: Thu Dec 03 19:48:15 2015
elapsed time: 2 seconds (0d 0h 0m 2s)

