#
# There is insufficient memory for the Java Runtime Environment to continue.
# Native memory allocation (malloc) failed to allocate 312336 bytes for Chunk::new
# Possible reasons:
#   The system is out of physical RAM or swap space
#   In 32 bit mode, the process size limit was hit
# Possible solutions:
#   Reduce memory load on the system
#   Increase physical memory or swap space
#   Check if swap backing store is full
#   Use 64 bit Java on a 64 bit OS
#   Decrease Java heap size (-Xmx/-Xms)
#   Decrease number of Java threads
#   Decrease Java thread stack sizes (-Xss)
#   Set larger code cache with -XX:ReservedCodeCacheSize=
# This output file may be truncated or incomplete.
#
#  Out of Memory Error (allocation.cpp:390), pid=7488, tid=7140
#
# JRE version: Java(TM) SE Runtime Environment (8.0_65-b17) (build 1.8.0_65-b17)
# Java VM: Java HotSpot(TM) 64-Bit Server VM (25.65-b01 mixed mode windows-amd64 compressed oops)
# Failed to write core dump. Minidumps are not enabled by default on client versions of Windows
#

---------------  T H R E A D  ---------------

Current thread (0x000000001564b000):  JavaThread "C2 CompilerThread0" daemon [_thread_in_native, id=7140, stack(0x0000000016b60000,0x0000000016c60000)]

Stack: [0x0000000016b60000,0x0000000016c60000]
[error occurred during error reporting (printing stack bounds), id 0xc0000005]

Native frames: (J=compiled Java code, j=interpreted, Vv=VM code, C=native code)


Current CompileTask:
C2:    736  681       4       com.android.dx.ssa.SsaBasicBlock::forEachInsn (37 bytes)


---------------  P R O C E S S  ---------------

Java Threads: ( => current thread )
  0x0000000016f81800 JavaThread "pool-1-thread-4" [_thread_in_Java, id=404, stack(0x0000000018060000,0x0000000018160000)]
  0x0000000016f66800 JavaThread "pool-1-thread-3" [_thread_in_Java, id=9016, stack(0x0000000017f60000,0x0000000018060000)]
  0x0000000016f66000 JavaThread "pool-1-thread-2" [_thread_in_Java, id=6636, stack(0x0000000017e60000,0x0000000017f60000)]
  0x0000000016f49000 JavaThread "pool-2-thread-1" [_thread_blocked, id=5808, stack(0x0000000017d60000,0x0000000017e60000)]
  0x0000000016f48000 JavaThread "pool-1-thread-1" [_thread_in_Java, id=8108, stack(0x0000000017c60000,0x0000000017d60000)]
  0x0000000016ce9000 JavaThread "Service Thread" daemon [_thread_blocked, id=6156, stack(0x0000000017260000,0x0000000017360000)]
  0x0000000016c66000 JavaThread "C1 CompilerThread2" daemon [_thread_in_native, id=7776, stack(0x0000000017160000,0x0000000017260000)]
  0x000000001564e000 JavaThread "C2 CompilerThread1" daemon [_thread_blocked, id=5236, stack(0x0000000017060000,0x0000000017160000)]
=>0x000000001564b000 JavaThread "C2 CompilerThread0" daemon [_thread_in_native, id=7140, stack(0x0000000016b60000,0x0000000016c60000)]
  0x00000000155ff000 JavaThread "Attach Listener" daemon [_thread_blocked, id=7368, stack(0x0000000016a60000,0x0000000016b60000)]
  0x00000000155e9000 JavaThread "Signal Dispatcher" daemon [_thread_blocked, id=3748, stack(0x0000000016960000,0x0000000016a60000)]
  0x0000000002f17000 JavaThread "Finalizer" daemon [_thread_blocked, id=6108, stack(0x0000000016850000,0x0000000016950000)]
  0x0000000002f0d000 JavaThread "Reference Handler" daemon [_thread_blocked, id=3664, stack(0x0000000016750000,0x0000000016850000)]
  0x000000000123d800 JavaThread "main" [_thread_in_Java, id=7544, stack(0x0000000002d20000,0x0000000002e20000)]

Other Threads:
  0x00000000155b8000 VMThread [stack: 0x0000000016650000,0x0000000016750000] [id=3872]
  0x0000000016d2c000 WatcherThread [stack: 0x0000000017360000,0x0000000017460000] [id=8520]

VM state:not at safepoint (normal execution)

VM Mutex/Monitor currently owned by a thread: None

Heap:
 PSYoungGen      total 18944K, used 4801K [0x00000000eab00000, 0x00000000ec000000, 0x0000000100000000)
  eden space 16384K, 13% used [0x00000000eab00000,0x00000000ead37d68,0x00000000ebb00000)
  from space 2560K, 98% used [0x00000000ebb00000,0x00000000ebd78730,0x00000000ebd80000)
  to   space 2560K, 0% used [0x00000000ebd80000,0x00000000ebd80000,0x00000000ec000000)
 ParOldGen       total 44032K, used 1310K [0x00000000c0000000, 0x00000000c2b00000, 0x00000000eab00000)
  object space 44032K, 2% used [0x00000000c0000000,0x00000000c0147978,0x00000000c2b00000)
 Metaspace       used 5752K, capacity 6644K, committed 6784K, reserved 1056768K
  class space    used 598K, capacity 620K, committed 640K, reserved 1048576K

Card table byte_map: [0x00000000122e0000,0x00000000124f0000] byte_map_base: 0x0000000011ce0000

Marking Bits: (ParMarkBitMap*) 0x00000000549ca5b0
 Begin Bits: [0x0000000012a50000, 0x0000000013a50000)
 End Bits:   [0x0000000013a50000, 0x0000000014a50000)

Polling page: 0x0000000001220000

CodeCache: size=245760Kb used=2884Kb max_used=2884Kb free=242875Kb
 bounds [0x0000000002f20000, 0x0000000003200000, 0x0000000011f20000]
 total_blobs=973 nmethods=697 adapters=187
 compilation: enabled

Compilation events (10 events):
Event: 0.730 Thread 0x0000000016c66000  707       3       com.android.dx.ssa.SsaBasicBlock::getCountPhiInsns (45 bytes)
Event: 0.731 Thread 0x0000000016c66000 nmethod 707 0x00000000031ece50 code [0x00000000031ed020, 0x00000000031ed6f8]
Event: 0.731 Thread 0x0000000016c66000  708       3       java.util.ArrayList$SubList::<init> (46 bytes)
Event: 0.732 Thread 0x0000000016c66000 nmethod 708 0x00000000031edad0 code [0x00000000031edc40, 0x00000000031edf10]
Event: 0.732 Thread 0x0000000016c66000  709       3       java.util.ArrayList$SubList::size (9 bytes)
Event: 0.732 Thread 0x0000000016c66000 nmethod 709 0x00000000031ee090 code [0x00000000031ee200, 0x00000000031ee488]
Event: 0.732 Thread 0x0000000016c66000  713       3       com.android.dx.ssa.back.FirstFitLocalCombiningAllocator$1::processInsn (169 bytes)
Event: 0.733 Thread 0x000000001564e000 nmethod 706 0x00000000031f1390 code [0x00000000031f14e0, 0x00000000031f16b8]
Event: 0.733 Thread 0x000000001564e000  712       4       com.android.dx.rop.code.RegisterSpec::getCategory (13 bytes)
Event: 0.734 Thread 0x000000001564e000 nmethod 712 0x00000000031eb6d0 code [0x00000000031eb820, 0x00000000031eb8f8]

GC Heap History (2 events):
Event: 0.644 GC heap before
{Heap before GC invocations=1 (full 0):
 PSYoungGen      total 18944K, used 16384K [0x00000000eab00000, 0x00000000ec000000, 0x0000000100000000)
  eden space 16384K, 100% used [0x00000000eab00000,0x00000000ebb00000,0x00000000ebb00000)
  from space 2560K, 0% used [0x00000000ebd80000,0x00000000ebd80000,0x00000000ec000000)
  to   space 2560K, 0% used [0x00000000ebb00000,0x00000000ebb00000,0x00000000ebd80000)
 ParOldGen       total 44032K, used 0K [0x00000000c0000000, 0x00000000c2b00000, 0x00000000eab00000)
  object space 44032K, 0% used [0x00000000c0000000,0x00000000c0000000,0x00000000c2b00000)
 Metaspace       used 5636K, capacity 6580K, committed 6784K, reserved 1056768K
  class space    used 598K, capacity 620K, committed 640K, reserved 1048576K
Event: 0.651 GC heap after
Heap after GC invocations=1 (full 0):
 PSYoungGen      total 18944K, used 2529K [0x00000000eab00000, 0x00000000ec000000, 0x0000000100000000)
  eden space 16384K, 0% used [0x00000000eab00000,0x00000000eab00000,0x00000000ebb00000)
  from space 2560K, 98% used [0x00000000ebb00000,0x00000000ebd78730,0x00000000ebd80000)
  to   space 2560K, 0% used [0x00000000ebd80000,0x00000000ebd80000,0x00000000ec000000)
 ParOldGen       total 44032K, used 1310K [0x00000000c0000000, 0x00000000c2b00000, 0x00000000eab00000)
  object space 44032K, 2% used [0x00000000c0000000,0x00000000c0147978,0x00000000c2b00000)
 Metaspace       used 5636K, capacity 6580K, committed 6784K, reserved 1056768K
  class space    used 598K, capacity 620K, committed 640K, reserved 1048576K
}

Deoptimization events (1 events):
Event: 0.615 Thread 0x0000000016f81800 Uncommon trap: reason=unstable_if action=reinterpret pc=0x0000000003166df0 method=java.util.BitSet.nextSetBit(I)I @ 87

Internal exceptions (2 events):
Event: 0.059 Thread 0x000000000123d800 Exception <a 'java/lang/NoSuchMethodError': Method sun.misc.Unsafe.defineClass(Ljava/lang/String;[BII)Ljava/lang/Class; name or signature does not match> (0x00000000eab13068) thrown at [C:\workspace\8-2-build-windows-amd64-cygwin\jdk8u65\4987\hotspot\src\sÿPû±-®?
Event: 0.059 Thread 0x000000000123d800 Exception <a 'java/lang/NoSuchMethodError': Method sun.misc.Unsafe.prefetchRead(Ljava/lang/Object;J)V name or signature does not match> (0x00000000eab13350) thrown at [C:\workspace\8-2-build-windows-amd64-cygwin\jdk8u65\4987\hotspot\src\share\vm\prims\jni.

Events (10 events):
Event: 0.557 loading class java/io/PrintWriter done
Event: 0.557 loading class com/android/dx/dex/file/DebugInfoItem
Event: 0.557 loading class com/android/dx/dex/file/DebugInfoItem done
Event: 0.615 Thread 0x0000000016f81800 Uncommon trap: trap_request=0xffffff65 fr.pc=0x0000000003166df0
Event: 0.615 Thread 0x0000000016f81800 DEOPT PACKING pc=0x0000000003166df0 sp=0x000000001815ec10
Event: 0.615 Thread 0x0000000016f81800 DEOPT UNPACKING pc=0x0000000002f6582a sp=0x000000001815eba8 mode 2
Event: 0.644 Executing VM operation: ParallelGCFailedAllocation
Event: 0.651 Executing VM operation: ParallelGCFailedAllocation done
Event: 0.713 loading class java/util/ArrayList$1
Event: 0.713 loading class java/util/ArrayList$1 done


Dynamic libraries:
0x00007ff704e40000 - 0x00007ff704e77000 	C:\Program Files\Java\jdk1.8.0_65\bin\java.exe
0x00007ff94b770000 - 0x00007ff94b91c000 	C:\Windows\SYSTEM32\ntdll.dll
0x00007ff94a620000 - 0x00007ff94a75e000 	C:\Windows\system32\KERNEL32.DLL
0x00007ff948af0000 - 0x00007ff948c05000 	C:\Windows\system32\KERNELBASE.dll
0x00007ff947460000 - 0x00007ff9474ee000 	C:\Windows\system32\apphelp.dll
0x00007ff9318b0000 - 0x00007ff931903000 	C:\Windows\AppPatch\AppPatch64\AcGenral.DLL
0x00007ff94b330000 - 0x00007ff94b3da000 	C:\Windows\system32\msvcrt.dll
0x00007ff948760000 - 0x00007ff94878e000 	C:\Windows\SYSTEM32\SspiCli.dll
0x00007ff94a8f0000 - 0x00007ff94a944000 	C:\Windows\system32\SHLWAPI.dll
0x00007ff94a770000 - 0x00007ff94a8e7000 	C:\Windows\system32\USER32.dll
0x00007ff94ab30000 - 0x00007ff94acc4000 	C:\Windows\system32\ole32.dll
0x00007ff949030000 - 0x00007ff94a55b000 	C:\Windows\system32\SHELL32.dll
0x00007ff947ee0000 - 0x00007ff947f01000 	C:\Windows\SYSTEM32\USERENV.dll
0x00007ff94aa80000 - 0x00007ff94ab2a000 	C:\Windows\system32\ADVAPI32.dll
0x00007ff93b590000 - 0x00007ff93b5ae000 	C:\Windows\SYSTEM32\MPR.dll
0x00007ff948e80000 - 0x00007ff948fc1000 	C:\Windows\system32\RPCRT4.dll
0x00007ff94aed0000 - 0x00007ff94af29000 	C:\Windows\SYSTEM32\sechost.dll
0x00007ff94b3e0000 - 0x00007ff94b5f1000 	C:\Windows\SYSTEM32\combase.dll
0x00007ff94af30000 - 0x00007ff94b07f000 	C:\Windows\system32\GDI32.dll
0x00007ff9488c0000 - 0x00007ff9488d5000 	C:\Windows\SYSTEM32\profapi.dll
0x00007ff946c80000 - 0x00007ff946d32000 	C:\Windows\SYSTEM32\SHCORE.dll
0x00007ff94ae80000 - 0x00007ff94aeb6000 	C:\Windows\system32\IMM32.DLL
0x00007ff94b610000 - 0x00007ff94b762000 	C:\Windows\system32\MSCTF.dll
0x00007ff946120000 - 0x00007ff94639b000 	C:\Windows\WinSxS\amd64_microsoft.windows.common-controls_6595b64144ccf1df_6.0.9600.18006_none_623f33d3ecbe86e8\COMCTL32.dll
0x00000000540e0000 - 0x00000000541b2000 	C:\Program Files\Java\jdk1.8.0_65\jre\bin\msvcr100.dll
0x00000000541c0000 - 0x0000000054a49000 	C:\Program Files\Java\jdk1.8.0_65\jre\bin\server\jvm.dll
0x00007ff93f2f0000 - 0x00007ff93f2f9000 	C:\Windows\SYSTEM32\WSOCK32.dll
0x00007ff941bc0000 - 0x00007ff941be2000 	C:\Windows\SYSTEM32\WINMM.dll
0x00007ff93f2e0000 - 0x00007ff93f2ea000 	C:\Windows\SYSTEM32\VERSION.dll
0x00007ff94b600000 - 0x00007ff94b607000 	C:\Windows\system32\PSAPI.DLL
0x00007ff94aa20000 - 0x00007ff94aa7a000 	C:\Windows\system32\WS2_32.dll
0x00007ff9417f0000 - 0x00007ff94181a000 	C:\Windows\SYSTEM32\WINMMBASE.dll
0x00007ff94b260000 - 0x00007ff94b269000 	C:\Windows\system32\NSI.dll
0x00007ff948aa0000 - 0x00007ff948aef000 	C:\Windows\SYSTEM32\cfgmgr32.dll
0x00007ff9476e0000 - 0x00007ff947708000 	C:\Windows\SYSTEM32\DEVOBJ.dll
0x00000000550a0000 - 0x00000000550af000 	C:\Program Files\Java\jdk1.8.0_65\jre\bin\verify.dll
0x0000000055070000 - 0x0000000055099000 	C:\Program Files\Java\jdk1.8.0_65\jre\bin\java.dll
0x0000000055050000 - 0x0000000055066000 	C:\Program Files\Java\jdk1.8.0_65\jre\bin\zip.dll

VM Arguments:
jvm_args: -Xmx1024M -Dfile.encoding=x-windows-949 -Duser.country=KR -Duser.language=ko -Duser.variant 
java_command: com.android.dx.command.Main --dex --num-threads=4 --output C:\Users\Public\Downloads\MyApplication5_1\app\build\intermediates\pre-dexed\debug\classes-86cdbe2649e79a160e4b90f7b51beebc3f0bb174.jar C:\Users\Public\Downloads\MyApplication5_1\app\build\intermediates\exploded-aar\com.google.android.gms\play-services-wearable\8.1.0\jars\classes.jar
java_class_path (initial): C:\Users\Public\Downloads\build-tools\23.0.2\lib\dx.jar
Launcher Type: SUN_STANDARD

Environment Variables:
JAVA_HOME=C:\Program Files (x86)\Java\jdk1.8.0_51
CLASSPATH=.;C:\Program Files (x86)\Java\jdk1.8.0_51\bin;
PATH=C:\ProgramData\Oracle\Java\javapath;C:\Program Files\Intel\WiFi\bin\;C:\Program Files\Common Files\Intel\WirelessCommon\;C:\Program Files (x86)\Java\jdk1.8.0_51\bin;C:\Program Files\Microsoft\Web Platform Installer\;C:\Program Files (x86)\Windows Kits\8.1\Windows Performance Toolkit\C:\Windows\system32;C:\Windows;C:\Program Files\Intel\WiFi\bin\;C:\Program Files\Common Files\Intel\WirelessCommon\;C:\Program Files (x86)\Java\jdk1.8.0_51\bin;C:\Users\Çý·É\AppData\Local\Programs\Git\cmd;C:\Users\Çý·É\AppData\Local\Programs\Git\mingw64\bin;C:\Users\Çý·É\AppData\Local\Programs\Git\usr\bin
USERNAME=Çý·É
OS=Windows_NT
PROCESSOR_IDENTIFIER=Intel64 Family 6 Model 61 Stepping 4, GenuineIntel



---------------  S Y S T E M  ---------------

OS: Windows 8.1 , 64 bit Build 9600 (6.3.9600.17415)

CPU:total 4 (2 cores per cpu, 2 threads per core) family 6 model 61 stepping 4, cmov, cx8, fxsr, mmx, sse, sse2, sse3, ssse3, sse4.1, sse4.2, popcnt, avx, avx2, aes, clmul, erms, 3dnowpref, lzcnt, ht, tsc, tscinvbit, bmi1, bmi2, adx

Memory: 4k page, physical 4097964k(331684k free), swap 7243692k(4816k free)

vm_info: Java HotSpot(TM) 64-Bit Server VM (25.65-b01) for windows-amd64 JRE (1.8.0_65-b17), built on Oct  6 2015 16:39:20 by "java_re" with MS VC++ 10.0 (VS2010)

time: Thu Dec 03 19:51:53 2015
elapsed time: 0 seconds (0d 0h 0m 0s)

