#
# There is insufficient memory for the Java Runtime Environment to continue.
# Native memory allocation (malloc) failed to allocate 99856 bytes for Chunk::new
# Possible reasons:
#   The system is out of physical RAM or swap space
#   In 32 bit mode, the process size limit was hit
# Possible solutions:
#   Reduce memory load on the system
#   Increase physical memory or swap space
#   Check if swap backing store is full
#   Use 64 bit Java on a 64 bit OS
#   Decrease Java heap size (-Xmx/-Xms)
#   Decrease number of Java threads
#   Decrease Java thread stack sizes (-Xss)
#   Set larger code cache with -XX:ReservedCodeCacheSize=
# This output file may be truncated or incomplete.
#
#  Out of Memory Error (allocation.cpp:390), pid=4212, tid=4108
#
# JRE version: Java(TM) SE Runtime Environment (8.0_65-b17) (build 1.8.0_65-b17)
# Java VM: Java HotSpot(TM) 64-Bit Server VM (25.65-b01 mixed mode windows-amd64 compressed oops)
# Failed to write core dump. Minidumps are not enabled by default on client versions of Windows
#

---------------  T H R E A D  ---------------

Current thread (0x000000001587a000):  JavaThread "C2 CompilerThread0" daemon [_thread_in_native, id=4108, stack(0x0000000016d80000,0x0000000016e80000)]

Stack: [0x0000000016d80000,0x0000000016e80000]
[error occurred during error reporting (printing stack bounds), id 0xc0000005]

Native frames: (J=compiled Java code, j=interpreted, Vv=VM code, C=native code)


Current CompileTask:
C2:   1544 1055       4       com.android.dx.ssa.SsaRenamer$BlockRenamer::processResultReg (56 bytes)


---------------  P R O C E S S  ---------------

Java Threads: ( => current thread )
  0x00000000170b3800 JavaThread "pool-1-thread-4" [_thread_in_Java, id=7612, stack(0x0000000017a80000,0x0000000017b80000)]
  0x00000000170b0800 JavaThread "pool-1-thread-3" [_thread_blocked, id=2924, stack(0x0000000017980000,0x0000000017a80000)]
  0x00000000170ad800 JavaThread "pool-1-thread-2" [_thread_blocked, id=2652, stack(0x0000000017880000,0x0000000017980000)]
  0x0000000017113800 JavaThread "pool-2-thread-1" [_thread_blocked, id=9100, stack(0x0000000017780000,0x0000000017880000)]
  0x0000000017110800 JavaThread "pool-1-thread-1" [_thread_blocked, id=6408, stack(0x0000000017680000,0x0000000017780000)]
  0x0000000016ee1000 JavaThread "Service Thread" daemon [_thread_blocked, id=3004, stack(0x0000000017480000,0x0000000017580000)]
  0x0000000016eda800 JavaThread "C1 CompilerThread2" daemon [_thread_blocked, id=1652, stack(0x0000000017380000,0x0000000017480000)]
  0x000000001587d000 JavaThread "C2 CompilerThread1" daemon [_thread_in_native, id=6176, stack(0x0000000017280000,0x0000000017380000)]
=>0x000000001587a000 JavaThread "C2 CompilerThread0" daemon [_thread_in_native, id=4108, stack(0x0000000016d80000,0x0000000016e80000)]
  0x000000001582e000 JavaThread "Attach Listener" daemon [_thread_blocked, id=6120, stack(0x0000000016c80000,0x0000000016d80000)]
  0x0000000015818000 JavaThread "Signal Dispatcher" daemon [_thread_blocked, id=5660, stack(0x0000000016b80000,0x0000000016c80000)]
  0x0000000003140800 JavaThread "Finalizer" daemon [_thread_blocked, id=3460, stack(0x0000000016a80000,0x0000000016b80000)]
  0x000000000313d000 JavaThread "Reference Handler" daemon [_thread_blocked, id=8576, stack(0x0000000016980000,0x0000000016a80000)]
  0x0000000002d3d800 JavaThread "main" [_thread_blocked, id=1948, stack(0x0000000002bb0000,0x0000000002cb0000)]

Other Threads:
  0x00000000157e8000 VMThread [stack: 0x0000000016880000,0x0000000016980000] [id=7540]
  0x0000000016f43000 WatcherThread [stack: 0x0000000017580000,0x0000000017680000] [id=8932]

VM state:not at safepoint (normal execution)

VM Mutex/Monitor currently owned by a thread: None

Heap:
 PSYoungGen      total 18944K, used 12960K [0x00000000eab00000, 0x00000000ed000000, 0x0000000100000000)
  eden space 16384K, 63% used [0x00000000eab00000,0x00000000eb52b2b0,0x00000000ebb00000)
  from space 2560K, 99% used [0x00000000ebb00000,0x00000000ebd7d0b8,0x00000000ebd80000)
  to   space 2560K, 0% used [0x00000000ecd80000,0x00000000ecd80000,0x00000000ed000000)
 ParOldGen       total 44032K, used 1965K [0x00000000c0000000, 0x00000000c2b00000, 0x00000000eab00000)
  object space 44032K, 4% used [0x00000000c0000000,0x00000000c01eb5a0,0x00000000c2b00000)
 Metaspace       used 5886K, capacity 6772K, committed 7040K, reserved 1056768K
  class space    used 598K, capacity 620K, committed 640K, reserved 1048576K

Card table byte_map: [0x0000000012510000,0x0000000012720000] byte_map_base: 0x0000000011f10000

Marking Bits: (ParMarkBitMap*) 0x00000000549ca5b0
 Begin Bits: [0x0000000012c80000, 0x0000000013c80000)
 End Bits:   [0x0000000013c80000, 0x0000000014c80000)

Polling page: 0x0000000001270000

CodeCache: size=245760Kb used=4071Kb max_used=4071Kb free=241688Kb
 bounds [0x0000000003150000, 0x0000000003550000, 0x0000000012150000]
 total_blobs=1324 nmethods=1053 adapters=184
 compilation: enabled

Compilation events (10 events):
Event: 1.541 Thread 0x0000000016eda800 nmethod 1048 0x0000000003535ed0 code [0x0000000003536040, 0x00000000035363e8]
Event: 1.541 Thread 0x0000000016eda800 1049       3       com.android.dx.rop.cst.CstNat::getFieldType (11 bytes)
Event: 1.541 Thread 0x0000000016eda800 nmethod 1049 0x000000000353c250 code [0x000000000353c3c0, 0x000000000353c5e8]
Event: 1.541 Thread 0x0000000016eda800 1054       3       com.android.dx.rop.cst.CstString::getType (4 bytes)
Event: 1.541 Thread 0x0000000016eda800 nmethod 1054 0x000000000353bf10 code [0x000000000353c060, 0x000000000353c1b0]
Event: 1.541 Thread 0x0000000016eda800 1050       3       com.android.dx.cf.code.OneLocalsArray::getMaxLocals (6 bytes)
Event: 1.541 Thread 0x0000000016eda800 nmethod 1050 0x000000000354c5d0 code [0x000000000354c720, 0x000000000354c870]
Event: 1.541 Thread 0x0000000016eda800 1047       3       com.android.dx.dex.code.RopTranslator$1::visitPlainCstInsn (64 bytes)
Event: 1.542 Thread 0x0000000016eda800 nmethod 1047 0x000000000354c910 code [0x000000000354caa0, 0x000000000354d270]
Event: 1.542 Thread 0x0000000016eda800 1051       3       com.android.dx.rop.type.Type::isIntlike (56 bytes)

GC Heap History (2 events):
Event: 1.102 GC heap before
{Heap before GC invocations=1 (full 0):
 PSYoungGen      total 18944K, used 16384K [0x00000000eab00000, 0x00000000ec000000, 0x0000000100000000)
  eden space 16384K, 100% used [0x00000000eab00000,0x00000000ebb00000,0x00000000ebb00000)
  from space 2560K, 0% used [0x00000000ebd80000,0x00000000ebd80000,0x00000000ec000000)
  to   space 2560K, 0% used [0x00000000ebb00000,0x00000000ebb00000,0x00000000ebd80000)
 ParOldGen       total 44032K, used 0K [0x00000000c0000000, 0x00000000c2b00000, 0x00000000eab00000)
  object space 44032K, 0% used [0x00000000c0000000,0x00000000c0000000,0x00000000c2b00000)
 Metaspace       used 5790K, capacity 6706K, committed 6784K, reserved 1056768K
  class space    used 596K, capacity 618K, committed 640K, reserved 1048576K
Event: 1.195 GC heap after
Heap after GC invocations=1 (full 0):
 PSYoungGen      total 18944K, used 2548K [0x00000000eab00000, 0x00000000ed000000, 0x0000000100000000)
  eden space 16384K, 0% used [0x00000000eab00000,0x00000000eab00000,0x00000000ebb00000)
  from space 2560K, 99% used [0x00000000ebb00000,0x00000000ebd7d0b8,0x00000000ebd80000)
  to   space 2560K, 0% used [0x00000000ecd80000,0x00000000ecd80000,0x00000000ed000000)
 ParOldGen       total 44032K, used 1965K [0x00000000c0000000, 0x00000000c2b00000, 0x00000000eab00000)
  object space 44032K, 4% used [0x00000000c0000000,0x00000000c01eb5a0,0x00000000c2b00000)
 Metaspace       used 5790K, capacity 6706K, committed 6784K, reserved 1056768K
  class space    used 596K, capacity 618K, committed 640K, reserved 1048576K
}

Deoptimization events (9 events):
Event: 0.814 Thread 0x00000000170ad800 Uncommon trap: reason=null_assert action=make_not_entrant pc=0x0000000003366860 method=com.android.dx.rop.code.RegisterSpec$ForComparison.equals(Ljava/lang/Object;)Z @ 27
Event: 0.859 Thread 0x00000000170ad800 Uncommon trap: reason=unstable_if action=reinterpret pc=0x00000000033a05c0 method=java.util.HashMap.getNode(ILjava/lang/Object;)Ljava/util/HashMap$Node; @ 129
Event: 1.081 Thread 0x00000000170b3800 Uncommon trap: reason=class_check action=maybe_recompile pc=0x00000000034511e8 method=com.android.dx.rop.type.Type.equals(Ljava/lang/Object;)Z @ 8
Event: 1.081 Thread 0x00000000170b3800 Uncommon trap: reason=class_check action=maybe_recompile pc=0x00000000034511e8 method=com.android.dx.rop.type.Type.equals(Ljava/lang/Object;)Z @ 8
Event: 1.081 Thread 0x00000000170b3800 Uncommon trap: reason=class_check action=maybe_recompile pc=0x00000000034511e8 method=com.android.dx.rop.type.Type.equals(Ljava/lang/Object;)Z @ 8
Event: 1.081 Thread 0x00000000170b3800 Uncommon trap: reason=class_check action=maybe_recompile pc=0x00000000034511e8 method=com.android.dx.rop.type.Type.equals(Ljava/lang/Object;)Z @ 8
Event: 1.367 Thread 0x00000000170ad800 Uncommon trap: reason=null_check action=make_not_entrant pc=0x00000000034618e8 method=com.android.dx.rop.type.Type.equals(Ljava/lang/Object;)Z @ 8
Event: 1.537 Thread 0x00000000170b0800 Uncommon trap: reason=class_check action=maybe_recompile pc=0x000000000340cdd4 method=com.android.dx.ssa.NormalSsaInsn.accept(Lcom/android/dx/ssa/SsaInsn$Visitor;)V @ 9
Event: 1.537 Thread 0x00000000170b0800 Uncommon trap: reason=class_check action=maybe_recompile pc=0x00000000033aa1f0 method=com.android.dx.ssa.NormalSsaInsn.accept(Lcom/android/dx/ssa/SsaInsn$Visitor;)V @ 9

Internal exceptions (3 events):
Event: 0.068 Thread 0x0000000002d3d800 Exception <a 'java/lang/NoSuchMethodError': Method sun.misc.Unsafe.defineClass(Ljava/lang/String;[BII)Ljava/lang/Class; name or signature does not match> (0x00000000eab13068) thrown at [C:\workspace\8-2-build-windows-amd64-cygwin\jdk8u65\4987\hotspot\src\shb1Wõ†±?
Event: 0.068 Thread 0x0000000002d3d800 Exception <a 'java/lang/NoSuchMethodError': Method sun.misc.Unsafe.prefetchRead(Ljava/lang/Object;J)V name or signature does not match> (0x00000000eab13350) thrown at [C:\workspace\8-2-build-windows-amd64-cygwin\jdk8u65\4987\hotspot\src\share\vm\prims\jni.¹`¦÷€ßõ?
Event: 1.367 Thread 0x00000000170ad800 Implicit null exception at 0x00000000034617e2 to 0x00000000034618da

Events (10 events):
Event: 1.536 loading class java/util/TreeMap$EntryIterator
Event: 1.536 loading class java/util/TreeMap$EntryIterator done
Event: 1.536 Executing VM operation: Deoptimize
Event: 1.537 Executing VM operation: Deoptimize done
Event: 1.537 Thread 0x00000000170b0800 Uncommon trap: trap_request=0xffffffde fr.pc=0x000000000340cdd4
Event: 1.537 Thread 0x00000000170b0800 DEOPT PACKING pc=0x000000000340cdd4 sp=0x0000000017a7e7c0
Event: 1.537 Thread 0x00000000170b0800 DEOPT UNPACKING pc=0x000000000319582a sp=0x0000000017a7e700 mode 2
Event: 1.537 Thread 0x00000000170b0800 Uncommon trap: trap_request=0xffffffde fr.pc=0x00000000033aa1f0
Event: 1.537 Thread 0x00000000170b0800 DEOPT PACKING pc=0x00000000033aa1f0 sp=0x0000000017a7e750
Event: 1.537 Thread 0x00000000170b0800 DEOPT UNPACKING pc=0x000000000319582a sp=0x0000000017a7e6f0 mode 2


Dynamic libraries:
0x00007ff704e40000 - 0x00007ff704e77000 	C:\Program Files\Java\jdk1.8.0_65\bin\java.exe
0x00007ff94b770000 - 0x00007ff94b91c000 	C:\Windows\SYSTEM32\ntdll.dll
0x00007ff94a620000 - 0x00007ff94a75e000 	C:\Windows\system32\KERNEL32.DLL
0x00007ff948af0000 - 0x00007ff948c05000 	C:\Windows\system32\KERNELBASE.dll
0x00007ff947460000 - 0x00007ff9474ee000 	C:\Windows\system32\apphelp.dll
0x00007ff9318b0000 - 0x00007ff931903000 	C:\Windows\AppPatch\AppPatch64\AcGenral.DLL
0x00007ff94b330000 - 0x00007ff94b3da000 	C:\Windows\system32\msvcrt.dll
0x00007ff948760000 - 0x00007ff94878e000 	C:\Windows\SYSTEM32\SspiCli.dll
0x00007ff94a8f0000 - 0x00007ff94a944000 	C:\Windows\system32\SHLWAPI.dll
0x00007ff94a770000 - 0x00007ff94a8e7000 	C:\Windows\system32\USER32.dll
0x00007ff94ab30000 - 0x00007ff94acc4000 	C:\Windows\system32\ole32.dll
0x00007ff949030000 - 0x00007ff94a55b000 	C:\Windows\system32\SHELL32.dll
0x00007ff947ee0000 - 0x00007ff947f01000 	C:\Windows\SYSTEM32\USERENV.dll
0x00007ff94aa80000 - 0x00007ff94ab2a000 	C:\Windows\system32\ADVAPI32.dll
0x00007ff93b590000 - 0x00007ff93b5ae000 	C:\Windows\SYSTEM32\MPR.dll
0x00007ff948e80000 - 0x00007ff948fc1000 	C:\Windows\system32\RPCRT4.dll
0x00007ff94aed0000 - 0x00007ff94af29000 	C:\Windows\SYSTEM32\sechost.dll
0x00007ff94b3e0000 - 0x00007ff94b5f1000 	C:\Windows\SYSTEM32\combase.dll
0x00007ff94af30000 - 0x00007ff94b07f000 	C:\Windows\system32\GDI32.dll
0x00007ff9488c0000 - 0x00007ff9488d5000 	C:\Windows\SYSTEM32\profapi.dll
0x00007ff946c80000 - 0x00007ff946d32000 	C:\Windows\SYSTEM32\SHCORE.dll
0x00007ff94ae80000 - 0x00007ff94aeb6000 	C:\Windows\system32\IMM32.DLL
0x00007ff94b610000 - 0x00007ff94b762000 	C:\Windows\system32\MSCTF.dll
0x00007ff946120000 - 0x00007ff94639b000 	C:\Windows\WinSxS\amd64_microsoft.windows.common-controls_6595b64144ccf1df_6.0.9600.18006_none_623f33d3ecbe86e8\COMCTL32.dll
0x00000000540e0000 - 0x00000000541b2000 	C:\Program Files\Java\jdk1.8.0_65\jre\bin\msvcr100.dll
0x00000000541c0000 - 0x0000000054a49000 	C:\Program Files\Java\jdk1.8.0_65\jre\bin\server\jvm.dll
0x00007ff93f2f0000 - 0x00007ff93f2f9000 	C:\Windows\SYSTEM32\WSOCK32.dll
0x00007ff941bc0000 - 0x00007ff941be2000 	C:\Windows\SYSTEM32\WINMM.dll
0x00007ff93f2e0000 - 0x00007ff93f2ea000 	C:\Windows\SYSTEM32\VERSION.dll
0x00007ff94b600000 - 0x00007ff94b607000 	C:\Windows\system32\PSAPI.DLL
0x00007ff94aa20000 - 0x00007ff94aa7a000 	C:\Windows\system32\WS2_32.dll
0x00007ff9417f0000 - 0x00007ff94181a000 	C:\Windows\SYSTEM32\WINMMBASE.dll
0x00007ff94b260000 - 0x00007ff94b269000 	C:\Windows\system32\NSI.dll
0x00007ff948aa0000 - 0x00007ff948aef000 	C:\Windows\SYSTEM32\cfgmgr32.dll
0x00007ff9476e0000 - 0x00007ff947708000 	C:\Windows\SYSTEM32\DEVOBJ.dll
0x00000000550a0000 - 0x00000000550af000 	C:\Program Files\Java\jdk1.8.0_65\jre\bin\verify.dll
0x0000000055070000 - 0x0000000055099000 	C:\Program Files\Java\jdk1.8.0_65\jre\bin\java.dll
0x0000000055050000 - 0x0000000055066000 	C:\Program Files\Java\jdk1.8.0_65\jre\bin\zip.dll

VM Arguments:
jvm_args: -Xmx1024M -Dfile.encoding=x-windows-949 -Duser.country=KR -Duser.language=ko -Duser.variant 
java_command: com.android.dx.command.Main --dex --num-threads=4 --output C:\Users\Public\Downloads\MyApplication5_1\app\build\intermediates\pre-dexed\debug\classes-57b2b2f58265510690e4e7403e5698c596fe19b0.jar C:\Users\Public\Downloads\MyApplication5_1\app\build\intermediates\exploded-aar\com.google.android.gms\play-services-measurement\8.1.0\jars\classes.jar
java_class_path (initial): C:\Users\Public\Downloads\build-tools\23.0.2\lib\dx.jar
Launcher Type: SUN_STANDARD

Environment Variables:
JAVA_HOME=C:\Program Files (x86)\Java\jdk1.8.0_51
CLASSPATH=.;C:\Program Files (x86)\Java\jdk1.8.0_51\bin;
PATH=C:\ProgramData\Oracle\Java\javapath;C:\Program Files\Intel\WiFi\bin\;C:\Program Files\Common Files\Intel\WirelessCommon\;C:\Program Files (x86)\Java\jdk1.8.0_51\bin;C:\Program Files\Microsoft\Web Platform Installer\;C:\Program Files (x86)\Windows Kits\8.1\Windows Performance Toolkit\C:\Windows\system32;C:\Windows;C:\Program Files\Intel\WiFi\bin\;C:\Program Files\Common Files\Intel\WirelessCommon\;C:\Program Files (x86)\Java\jdk1.8.0_51\bin;C:\Users\Çý·É\AppData\Local\Programs\Git\cmd;C:\Users\Çý·É\AppData\Local\Programs\Git\mingw64\bin;C:\Users\Çý·É\AppData\Local\Programs\Git\usr\bin
USERNAME=Çý·É
OS=Windows_NT
PROCESSOR_IDENTIFIER=Intel64 Family 6 Model 61 Stepping 4, GenuineIntel



---------------  S Y S T E M  ---------------

OS: Windows 8.1 , 64 bit Build 9600 (6.3.9600.17415)

CPU:total 4 (2 cores per cpu, 2 threads per core) family 6 model 61 stepping 4, cmov, cx8, fxsr, mmx, sse, sse2, sse3, ssse3, sse4.1, sse4.2, popcnt, avx, avx2, aes, clmul, erms, 3dnowpref, lzcnt, ht, tsc, tscinvbit, bmi1, bmi2, adx

Memory: 4k page, physical 4097964k(231188k free), swap 7243692k(5200k free)

vm_info: Java HotSpot(TM) 64-Bit Server VM (25.65-b01) for windows-amd64 JRE (1.8.0_65-b17), built on Oct  6 2015 16:39:20 by "java_re" with MS VC++ 10.0 (VS2010)

time: Thu Dec 03 19:49:33 2015
elapsed time: 1 seconds (0d 0h 0m 1s)

